рЯФД Preparing Dataset: IMAGENET_R...
   рЯУР Preprocessing: 224px, norm=custom
вЬЕ ImageNet-R found at ./data/imagenet-r
вДєпЄП  Note: ImageNet-R is a single folder. Train/Test splitting happens in main.py.
вЬЕ Loaded 30000 images. Classes expected: 200
рЯТЊ Loading cached resnet50 features for imagenet_r (Train)...

рЯЪА [1/3] Component Ablation Table...

рЯУП Running Standalone NCM Baseline (Stage 1 Logic)...
рЯФД Preparing Dataset: IMAGENET_R...
   рЯУР Preprocessing: 224px, norm=custom
вЬЕ ImageNet-R found at ./data/imagenet-r
вДєпЄП  Note: ImageNet-R is a single folder. Train/Test splitting happens in main.py.
вЬЕ Loaded 30000 images. Classes expected: 200
рЯТЊ Loading cached resnet50 features for imagenet_r (Train)...

рЯМ± --- Starting Run with Seed: 42 ---
   рЯУ¶ Stream samples: 21601 | Val samples: 2395
   рЯЪА Training Bio-Inspired Graph (Hippocampus + Cortex)...

   рЯМА --- PURE CIL MODE SCENARIO ---

   рЯУЪ Training Task 1/10
вЬЕ Bio-Graph Training Complete.
   вДєпЄП  Fixed Alpha Ablation: Using alpha=0.00
   -> AIA after Task 1: 56.41% | Breakdown: ['56.4%']

   рЯУЪ Training Task 2/10
вЬЕ Bio-Graph Training Complete.
   вДєпЄП  Fixed Alpha Ablation: Using alpha=0.00
   -> AIA after Task 2: 48.08% | Breakdown: ['47.0%', '49.2%']

   рЯУЪ Training Task 3/10
вЬЕ Bio-Graph Training Complete.
   вДєпЄП  Fixed Alpha Ablation: Using alpha=0.00
   -> AIA after Task 3: 51.14% | Breakdown: ['45.1%', '49.4%', '58.9%']

   рЯУЪ Training Task 4/10
вЬЕ Bio-Graph Training Complete.
   вДєпЄП  Fixed Alpha Ablation: Using alpha=0.00
   -> AIA after Task 4: 48.88% | Breakdown: ['45.1%', '47.5%', '54.5%', '48.4%']

   рЯУЪ Training Task 5/10
вЬЕ Bio-Graph Training Complete.
   вДєпЄП  Fixed Alpha Ablation: Using alpha=0.00
   -> AIA after Task 5: 48.27% | Breakdown: ['45.3%', '46.4%', '56.6%', '47.5%', '45.6%']

   рЯУЪ Training Task 6/10
вЬЕ Bio-Graph Training Complete.
   вДєпЄП  Fixed Alpha Ablation: Using alpha=0.00
   -> AIA after Task 6: 48.10% | Breakdown: ['44.7%', '46.0%', '58.2%', '48.2%', '45.7%', '45.8%']

   рЯУЪ Training Task 7/10
вЬЕ Bio-Graph Training Complete.
   вДєпЄП  Fixed Alpha Ablation: Using alpha=0.00
   -> AIA after Task 7: 47.50% | Breakdown: ['46.2%', '45.8%', '58.6%', '48.6%', '46.2%', '43.3%', '43.8%']

   рЯУЪ Training Task 8/10
вЬЕ Bio-Graph Training Complete.
   вДєпЄП  Fixed Alpha Ablation: Using alpha=0.00
   -> AIA after Task 8: 47.46% | Breakdown: ['46.8%', '47.9%', '58.9%', '50.1%', '47.9%', '41.7%', '43.2%', '43.2%']

   рЯУЪ Training Task 9/10
вЬЕ Bio-Graph Training Complete.
   вДєпЄП  Fixed Alpha Ablation: Using alpha=0.00
   -> AIA after Task 9: 47.92% | Breakdown: ['46.5%', '47.1%', '59.1%', '50.4%', '46.0%', '41.5%', '40.8%', '39.7%', '60.1%']

   рЯУЪ Training Task 10/10
вЬЕ Bio-Graph Training Complete.
   вДєпЄП  Fixed Alpha Ablation: Using alpha=0.00
   -> AIA after Task 10: 47.37% | Breakdown: ['46.8%', '46.5%', '59.1%', '50.9%', '45.5%', '41.9%', '38.8%', '37.9%', '57.9%', '48.3%']
вЬЕ Memory trace saved вЖТ outputs/memory_trace_imagenet_r_resnet50.png / .svg
   рЯІ† Bio-Graph Memory Footprint: 159.91 MB
   вДєпЄП  Fixed Alpha Ablation: Using alpha=0.00 (Tuning skipped)

   рЯПЖ Pure CIL Metrics -> AIA: 47.37% | Forgetting: 3.48%
вЬЕ Memory comparison saved вЖТ outputs/memory_comparison_imagenet_r_resnet50.png / .svg
рЯФД Preparing Dataset: IMAGENET_R...
   рЯУР Preprocessing: 224px, norm=custom
вЬЕ ImageNet-R found at ./data/imagenet-r
вДєпЄП  Note: ImageNet-R is a single folder. Train/Test splitting happens in main.py.
вЬЕ Loaded 30000 images. Classes expected: 200
рЯТЊ Loading cached resnet50 features for imagenet_r (Train)...

рЯМ± --- Starting Run with Seed: 42 ---
   рЯУ¶ Stream samples: 21601 | Val samples: 2395
   рЯЪА Training Bio-Inspired Graph (Hippocampus + Cortex)...

   рЯМА --- PURE CIL MODE SCENARIO ---

   рЯУЪ Training Task 1/10
вЬЕ Bio-Graph Training Complete.
   вДєпЄП  Fixed Alpha Ablation: Using alpha=1.00
   -> AIA after Task 1: 56.57% | Breakdown: ['56.6%']

   рЯУЪ Training Task 2/10
вЬЕ Bio-Graph Training Complete.
   вДєпЄП  Fixed Alpha Ablation: Using alpha=1.00
   -> AIA after Task 2: 48.99% | Breakdown: ['47.3%', '50.7%']

   рЯУЪ Training Task 3/10
вЬЕ Bio-Graph Training Complete.
   вДєпЄП  Fixed Alpha Ablation: Using alpha=1.00
   -> AIA after Task 3: 50.97% | Breakdown: ['45.1%', '49.9%', '57.9%']

   рЯУЪ Training Task 4/10
вЬЕ Bio-Graph Training Complete.
   вДєпЄП  Fixed Alpha Ablation: Using alpha=1.00
   -> AIA after Task 4: 48.78% | Breakdown: ['44.8%', '47.6%', '54.3%', '48.4%']

   рЯУЪ Training Task 5/10
вЬЕ Bio-Graph Training Complete.
   вДєпЄП  Fixed Alpha Ablation: Using alpha=1.00
   -> AIA after Task 5: 48.64% | Breakdown: ['44.8%', '46.7%', '56.3%', '48.2%', '47.2%']

   рЯУЪ Training Task 6/10
вЬЕ Bio-Graph Training Complete.
   вДєпЄП  Fixed Alpha Ablation: Using alpha=1.00
   -> AIA after Task 6: 48.65% | Breakdown: ['44.4%', '47.1%', '58.4%', '48.4%', '46.6%', '47.1%']

   рЯУЪ Training Task 7/10
вЬЕ Bio-Graph Training Complete.
   вДєпЄП  Fixed Alpha Ablation: Using alpha=1.00
   -> AIA after Task 7: 48.41% | Breakdown: ['46.4%', '47.4%', '59.8%', '50.3%', '47.9%', '43.0%', '44.3%']

   рЯУЪ Training Task 8/10
вЬЕ Bio-Graph Training Complete.
   вДєпЄП  Fixed Alpha Ablation: Using alpha=1.00
   -> AIA after Task 8: 48.42% | Breakdown: ['48.2%', '47.8%', '60.5%', '51.1%', '49.1%', '42.8%', '42.9%', '45.0%']

   рЯУЪ Training Task 9/10
вЬЕ Bio-Graph Training Complete.
   вДєпЄП  Fixed Alpha Ablation: Using alpha=1.00
   -> AIA after Task 9: 49.62% | Breakdown: ['49.5%', '48.1%', '61.6%', '52.6%', '48.2%', '42.6%', '41.5%', '41.7%', '60.9%']

   рЯУЪ Training Task 10/10
вЬЕ Bio-Graph Training Complete.
   вДєпЄП  Fixed Alpha Ablation: Using alpha=1.00
   -> AIA after Task 10: 48.76% | Breakdown: ['48.1%', '47.8%', '61.1%', '52.5%', '47.0%', '43.3%', '39.9%', '40.4%', '57.7%', '49.9%']
вЬЕ Memory trace saved вЖТ outputs/memory_trace_imagenet_r_resnet50.png / .svg
   рЯІ† Bio-Graph Memory Footprint: 159.91 MB
   вДєпЄП  Fixed Alpha Ablation: Using alpha=1.00 (Tuning skipped)

   рЯПЖ Pure CIL Metrics -> AIA: 48.76% | Forgetting: 3.35%
вЬЕ Memory comparison saved вЖТ outputs/memory_comparison_imagenet_r_resnet50.png / .svg
рЯФД Preparing Dataset: IMAGENET_R...
   рЯУР Preprocessing: 224px, norm=custom
вЬЕ ImageNet-R found at ./data/imagenet-r
вДєпЄП  Note: ImageNet-R is a single folder. Train/Test splitting happens in main.py.
вЬЕ Loaded 30000 images. Classes expected: 200
рЯТЊ Loading cached resnet50 features for imagenet_r (Train)...

рЯМ± --- Starting Run with Seed: 42 ---
   рЯУ¶ Stream samples: 21601 | Val samples: 2395
   рЯЪА Training Bio-Inspired Graph (Hippocampus + Cortex)...

   рЯМА --- PURE CIL MODE SCENARIO ---

   рЯУЪ Training Task 1/10
вЬЕ Bio-Graph Training Complete.
   рЯФО Tuned best alpha=0.30 (Val Acc: 63.6%)
   -> AIA after Task 1: 56.72% | Breakdown: ['56.7%']

   рЯУЪ Training Task 2/10
вЬЕ Bio-Graph Training Complete.
   рЯФО Tuned best alpha=0.00 (Val Acc: 54.9%)
   -> AIA after Task 2: 48.08% | Breakdown: ['47.0%', '49.2%']

   рЯУЪ Training Task 3/10
вЬЕ Bio-Graph Training Complete.
   рЯФО Tuned best alpha=1.00 (Val Acc: 53.9%)
   -> AIA after Task 3: 50.97% | Breakdown: ['45.1%', '49.9%', '57.9%']

   рЯУЪ Training Task 4/10
вЬЕ Bio-Graph Training Complete.
   рЯФО Tuned best alpha=0.30 (Val Acc: 51.8%)
   -> AIA after Task 4: 48.99% | Breakdown: ['45.3%', '47.6%', '54.5%', '48.6%']

   рЯУЪ Training Task 5/10
вЬЕ Bio-Graph Training Complete.
   рЯФО Tuned best alpha=1.00 (Val Acc: 50.3%)
   -> AIA after Task 5: 48.64% | Breakdown: ['44.8%', '46.7%', '56.3%', '48.2%', '47.2%']

   рЯУЪ Training Task 6/10
вЬЕ Bio-Graph Training Complete.
   рЯФО Tuned best alpha=0.50 (Val Acc: 49.2%)
   -> AIA after Task 6: 48.98% | Breakdown: ['45.0%', '47.5%', '58.4%', '48.9%', '47.0%', '47.1%']

   рЯУЪ Training Task 7/10
вЬЕ Bio-Graph Training Complete.
   рЯФО Tuned best alpha=1.00 (Val Acc: 48.8%)
   -> AIA after Task 7: 48.41% | Breakdown: ['46.4%', '47.4%', '59.8%', '50.3%', '47.9%', '43.0%', '44.3%']

   рЯУЪ Training Task 8/10
вЬЕ Bio-Graph Training Complete.
   рЯФО Tuned best alpha=0.70 (Val Acc: 48.6%)
   -> AIA after Task 8: 48.51% | Breakdown: ['48.4%', '48.1%', '59.8%', '51.4%', '49.4%', '43.0%', '42.9%', '45.2%']

   рЯУЪ Training Task 9/10
вЬЕ Bio-Graph Training Complete.
   рЯФО Tuned best alpha=0.80 (Val Acc: 50.0%)
   -> AIA after Task 9: 49.65% | Breakdown: ['49.0%', '48.6%', '61.4%', '52.8%', '48.0%', '42.8%', '41.5%', '41.9%', '60.9%']

   рЯУЪ Training Task 10/10
вЬЕ Bio-Graph Training Complete.
   рЯФО Tuned best alpha=1.00 (Val Acc: 48.3%)
   -> AIA after Task 10: 48.76% | Breakdown: ['48.1%', '47.8%', '61.1%', '52.5%', '47.0%', '43.3%', '39.9%', '40.4%', '57.7%', '49.9%']
вЬЕ Memory trace saved вЖТ outputs/memory_trace_imagenet_r_resnet50.png / .svg
   рЯІ† Bio-Graph Memory Footprint: 159.91 MB
   вЬЕ Selected alpha: 0.70 (Tuned on 239 val samples)

   рЯПЖ Pure CIL Metrics -> AIA: 48.76% | Forgetting: 3.33%
вЬЕ Memory comparison saved вЖТ outputs/memory_comparison_imagenet_r_resnet50.png / .svg

рЯЪА [2/3] Lambda Sweep...
рЯФД Preparing Dataset: IMAGENET_R...
   рЯУР Preprocessing: 224px, norm=custom
вЬЕ ImageNet-R found at ./data/imagenet-r
вДєпЄП  Note: ImageNet-R is a single folder. Train/Test splitting happens in main.py.
вЬЕ Loaded 30000 images. Classes expected: 200
рЯТЊ Loading cached resnet50 features for imagenet_r (Train)...

рЯМ± --- Starting Run with Seed: 42 ---
   рЯУ¶ Stream samples: 21601 | Val samples: 2395
   рЯЪА Training Bio-Inspired Graph (Hippocampus + Cortex)...

   рЯМА --- PURE CIL MODE SCENARIO ---

   рЯУЪ Training Task 1/10
вЬЕ Bio-Graph Training Complete.
   рЯФО Tuned best alpha=0.30 (Val Acc: 63.6%)
   -> AIA after Task 1: 56.72% | Breakdown: ['56.7%']

   рЯУЪ Training Task 2/10
вЬЕ Bio-Graph Training Complete.
   рЯФО Tuned best alpha=0.00 (Val Acc: 54.9%)
   -> AIA after Task 2: 48.08% | Breakdown: ['47.0%', '49.2%']

   рЯУЪ Training Task 3/10
вЬЕ Bio-Graph Training Complete.
   рЯФО Tuned best alpha=1.00 (Val Acc: 53.9%)
   -> AIA after Task 3: 50.97% | Breakdown: ['45.1%', '49.9%', '57.9%']

   рЯУЪ Training Task 4/10
вЬЕ Bio-Graph Training Complete.
   рЯФО Tuned best alpha=0.30 (Val Acc: 51.8%)
   -> AIA after Task 4: 48.99% | Breakdown: ['45.3%', '47.6%', '54.5%', '48.6%']

   рЯУЪ Training Task 5/10
вЬЕ Bio-Graph Training Complete.
   рЯФО Tuned best alpha=1.00 (Val Acc: 50.3%)
   -> AIA after Task 5: 48.64% | Breakdown: ['44.8%', '46.7%', '56.3%', '48.2%', '47.2%']

   рЯУЪ Training Task 6/10
вЬЕ Bio-Graph Training Complete.
   рЯФО Tuned best alpha=0.50 (Val Acc: 49.2%)
   -> AIA after Task 6: 48.98% | Breakdown: ['45.0%', '47.5%', '58.4%', '48.9%', '47.0%', '47.1%']

   рЯУЪ Training Task 7/10
вЬЕ Bio-Graph Training Complete.
   рЯФО Tuned best alpha=1.00 (Val Acc: 48.8%)
   -> AIA after Task 7: 48.41% | Breakdown: ['46.4%', '47.4%', '59.8%', '50.3%', '47.9%', '43.0%', '44.3%']

   рЯУЪ Training Task 8/10
вЬЕ Bio-Graph Training Complete.
   рЯФО Tuned best alpha=0.70 (Val Acc: 48.6%)
   -> AIA after Task 8: 48.51% | Breakdown: ['48.4%', '48.1%', '59.8%', '51.4%', '49.4%', '43.0%', '42.9%', '45.2%']

   рЯУЪ Training Task 9/10
вЬЕ Bio-Graph Training Complete.
   рЯФО Tuned best alpha=0.80 (Val Acc: 50.0%)
   -> AIA after Task 9: 49.65% | Breakdown: ['49.0%', '48.6%', '61.4%', '52.8%', '48.0%', '42.8%', '41.5%', '41.9%', '60.9%']

   рЯУЪ Training Task 10/10
вЬЕ Bio-Graph Training Complete.
   рЯФО Tuned best alpha=1.00 (Val Acc: 48.3%)
   -> AIA after Task 10: 48.76% | Breakdown: ['48.1%', '47.8%', '61.1%', '52.5%', '47.0%', '43.3%', '39.9%', '40.4%', '57.7%', '49.9%']
вЬЕ Memory trace saved вЖТ outputs/memory_trace_imagenet_r_resnet50.png / .svg
   рЯІ† Bio-Graph Memory Footprint: 159.91 MB
   вЬЕ Selected alpha: 0.70 (Tuned on 239 val samples)

   рЯПЖ Pure CIL Metrics -> AIA: 48.76% | Forgetting: 3.33%
вЬЕ Memory comparison saved вЖТ outputs/memory_comparison_imagenet_r_resnet50.png / .svg
рЯФД Preparing Dataset: IMAGENET_R...
   рЯУР Preprocessing: 224px, norm=custom
вЬЕ ImageNet-R found at ./data/imagenet-r
вДєпЄП  Note: ImageNet-R is a single folder. Train/Test splitting happens in main.py.
вЬЕ Loaded 30000 images. Classes expected: 200
рЯТЊ Loading cached resnet50 features for imagenet_r (Train)...

рЯМ± --- Starting Run with Seed: 42 ---
   рЯУ¶ Stream samples: 21601 | Val samples: 2395
   рЯЪА Training Bio-Inspired Graph (Hippocampus + Cortex)...

   рЯМА --- PURE CIL MODE SCENARIO ---

   рЯУЪ Training Task 1/10
вЬЕ Bio-Graph Training Complete.
   рЯФО Tuned best alpha=0.30 (Val Acc: 63.6%)
   -> AIA after Task 1: 56.72% | Breakdown: ['56.7%']

   рЯУЪ Training Task 2/10
вЬЕ Bio-Graph Training Complete.
   рЯФО Tuned best alpha=0.00 (Val Acc: 54.9%)
   -> AIA after Task 2: 48.08% | Breakdown: ['47.0%', '49.2%']

   рЯУЪ Training Task 3/10
вЬЕ Bio-Graph Training Complete.
   рЯФО Tuned best alpha=1.00 (Val Acc: 53.9%)
   -> AIA after Task 3: 50.97% | Breakdown: ['45.1%', '49.9%', '57.9%']

   рЯУЪ Training Task 4/10
вЬЕ Bio-Graph Training Complete.
   рЯФО Tuned best alpha=0.30 (Val Acc: 51.8%)
   -> AIA after Task 4: 48.99% | Breakdown: ['45.3%', '47.6%', '54.5%', '48.6%']

   рЯУЪ Training Task 5/10
вЬЕ Bio-Graph Training Complete.
   рЯФО Tuned best alpha=1.00 (Val Acc: 50.3%)
   -> AIA after Task 5: 48.64% | Breakdown: ['44.8%', '46.7%', '56.3%', '48.2%', '47.2%']

   рЯУЪ Training Task 6/10
вЬЕ Bio-Graph Training Complete.
   рЯФО Tuned best alpha=0.50 (Val Acc: 49.2%)
   -> AIA after Task 6: 48.98% | Breakdown: ['45.0%', '47.5%', '58.4%', '48.9%', '47.0%', '47.1%']

   рЯУЪ Training Task 7/10
вЬЕ Bio-Graph Training Complete.
   рЯФО Tuned best alpha=1.00 (Val Acc: 48.8%)
   -> AIA after Task 7: 48.41% | Breakdown: ['46.4%', '47.4%', '59.8%', '50.3%', '47.9%', '43.0%', '44.3%']

   рЯУЪ Training Task 8/10
вЬЕ Bio-Graph Training Complete.
   рЯФО Tuned best alpha=0.70 (Val Acc: 48.6%)
   -> AIA after Task 8: 48.51% | Breakdown: ['48.4%', '48.1%', '59.8%', '51.4%', '49.4%', '43.0%', '42.9%', '45.2%']

   рЯУЪ Training Task 9/10
вЬЕ Bio-Graph Training Complete.
   рЯФО Tuned best alpha=0.80 (Val Acc: 50.0%)
   -> AIA after Task 9: 49.65% | Breakdown: ['49.0%', '48.6%', '61.4%', '52.8%', '48.0%', '42.8%', '41.5%', '41.9%', '60.9%']

   рЯУЪ Training Task 10/10
вЬЕ Bio-Graph Training Complete.
   рЯФО Tuned best alpha=1.00 (Val Acc: 48.3%)
   -> AIA after Task 10: 48.76% | Breakdown: ['48.1%', '47.8%', '61.1%', '52.5%', '47.0%', '43.3%', '39.9%', '40.4%', '57.7%', '49.9%']
вЬЕ Memory trace saved вЖТ outputs/memory_trace_imagenet_r_resnet50.png / .svg
   рЯІ† Bio-Graph Memory Footprint: 159.91 MB
   вЬЕ Selected alpha: 0.70 (Tuned on 239 val samples)

   рЯПЖ Pure CIL Metrics -> AIA: 48.76% | Forgetting: 3.33%
вЬЕ Memory comparison saved вЖТ outputs/memory_comparison_imagenet_r_resnet50.png / .svg
рЯФД Preparing Dataset: IMAGENET_R...
   рЯУР Preprocessing: 224px, norm=custom
вЬЕ ImageNet-R found at ./data/imagenet-r
вДєпЄП  Note: ImageNet-R is a single folder. Train/Test splitting happens in main.py.
вЬЕ Loaded 30000 images. Classes expected: 200
рЯТЊ Loading cached resnet50 features for imagenet_r (Train)...

рЯМ± --- Starting Run with Seed: 42 ---
   рЯУ¶ Stream samples: 21601 | Val samples: 2395
   рЯЪА Training Bio-Inspired Graph (Hippocampus + Cortex)...

   рЯМА --- PURE CIL MODE SCENARIO ---

   рЯУЪ Training Task 1/10
вЬЕ Bio-Graph Training Complete.
   рЯФО Tuned best alpha=0.30 (Val Acc: 63.6%)
   -> AIA after Task 1: 56.72% | Breakdown: ['56.7%']

   рЯУЪ Training Task 2/10
вЬЕ Bio-Graph Training Complete.
   рЯФО Tuned best alpha=0.00 (Val Acc: 54.9%)
   -> AIA after Task 2: 48.08% | Breakdown: ['47.0%', '49.2%']

   рЯУЪ Training Task 3/10
вЬЕ Bio-Graph Training Complete.
   рЯФО Tuned best alpha=1.00 (Val Acc: 53.9%)
   -> AIA after Task 3: 50.97% | Breakdown: ['45.1%', '49.9%', '57.9%']

   рЯУЪ Training Task 4/10
вЬЕ Bio-Graph Training Complete.
   рЯФО Tuned best alpha=0.30 (Val Acc: 51.8%)
   -> AIA after Task 4: 48.99% | Breakdown: ['45.3%', '47.6%', '54.5%', '48.6%']

   рЯУЪ Training Task 5/10
вЬЕ Bio-Graph Training Complete.
   рЯФО Tuned best alpha=1.00 (Val Acc: 50.3%)
   -> AIA after Task 5: 48.64% | Breakdown: ['44.8%', '46.7%', '56.3%', '48.2%', '47.2%']

   рЯУЪ Training Task 6/10
вЬЕ Bio-Graph Training Complete.
   рЯФО Tuned best alpha=0.50 (Val Acc: 49.2%)
   -> AIA after Task 6: 48.98% | Breakdown: ['45.0%', '47.5%', '58.4%', '48.9%', '47.0%', '47.1%']

   рЯУЪ Training Task 7/10
вЬЕ Bio-Graph Training Complete.
   рЯФО Tuned best alpha=1.00 (Val Acc: 48.8%)
   -> AIA after Task 7: 48.41% | Breakdown: ['46.4%', '47.4%', '59.8%', '50.3%', '47.9%', '43.0%', '44.3%']

   рЯУЪ Training Task 8/10
вЬЕ Bio-Graph Training Complete.
   рЯФО Tuned best alpha=0.70 (Val Acc: 48.6%)
   -> AIA after Task 8: 48.51% | Breakdown: ['48.4%', '48.1%', '59.8%', '51.4%', '49.4%', '43.0%', '42.9%', '45.2%']

   рЯУЪ Training Task 9/10
вЬЕ Bio-Graph Training Complete.
   рЯФО Tuned best alpha=0.80 (Val Acc: 50.0%)
   -> AIA after Task 9: 49.65% | Breakdown: ['49.0%', '48.6%', '61.4%', '52.8%', '48.0%', '42.8%', '41.5%', '41.9%', '60.9%']

   рЯУЪ Training Task 10/10
вЬЕ Bio-Graph Training Complete.
   рЯФО Tuned best alpha=1.00 (Val Acc: 48.3%)
   -> AIA after Task 10: 48.76% | Breakdown: ['48.1%', '47.8%', '61.1%', '52.5%', '47.0%', '43.3%', '39.9%', '40.4%', '57.7%', '49.9%']
вЬЕ Memory trace saved вЖТ outputs/memory_trace_imagenet_r_resnet50.png / .svg
   рЯІ† Bio-Graph Memory Footprint: 159.91 MB
   вЬЕ Selected alpha: 0.70 (Tuned on 239 val samples)

   рЯПЖ Pure CIL Metrics -> AIA: 48.76% | Forgetting: 3.33%
вЬЕ Memory comparison saved вЖТ outputs/memory_comparison_imagenet_r_resnet50.png / .svg

рЯЪА [3/3] Node Count Sweep (Fixed alpha=0.5)...
рЯФД Preparing Dataset: IMAGENET_R...
   рЯУР Preprocessing: 224px, norm=custom
вЬЕ ImageNet-R found at ./data/imagenet-r
вДєпЄП  Note: ImageNet-R is a single folder. Train/Test splitting happens in main.py.
вЬЕ Loaded 30000 images. Classes expected: 200
рЯТЊ Loading cached resnet50 features for imagenet_r (Train)...

рЯМ± --- Starting Run with Seed: 42 ---
   рЯУ¶ Stream samples: 21601 | Val samples: 2395
   рЯЪА Training Bio-Inspired Graph (Hippocampus + Cortex)...

   рЯМА --- PURE CIL MODE SCENARIO ---

   рЯУЪ Training Task 1/10
вЬЕ Bio-Graph Training Complete.
   рЯФО Tuned best alpha=0.00 (Val Acc: 12.0%)
   -> AIA after Task 1: 17.47% | Breakdown: ['17.5%']

   рЯУЪ Training Task 2/10
вЬЕ Bio-Graph Training Complete.
   рЯФО Tuned best alpha=0.30 (Val Acc: 20.7%)
   -> AIA after Task 2: 20.91% | Breakdown: ['11.9%', '29.9%']

   рЯУЪ Training Task 3/10
вЬЕ Bio-Graph Training Complete.
   рЯФО Tuned best alpha=0.00 (Val Acc: 25.0%)
   -> AIA after Task 3: 24.06% | Breakdown: ['10.7%', '24.5%', '37.0%']

   рЯУЪ Training Task 4/10
вЬЕ Bio-Graph Training Complete.
   рЯФО Tuned best alpha=0.30 (Val Acc: 26.5%)
   -> AIA after Task 4: 25.82% | Breakdown: ['7.7%', '22.7%', '35.2%', '37.6%']

   рЯУЪ Training Task 5/10
вЬЕ Bio-Graph Training Complete.
   рЯФО Tuned best alpha=0.30 (Val Acc: 22.8%)
   -> AIA after Task 5: 22.02% | Breakdown: ['7.4%', '20.2%', '34.7%', '34.4%', '13.4%']

   рЯУЪ Training Task 6/10
вЬЕ Bio-Graph Training Complete.
   рЯФО Tuned best alpha=0.30 (Val Acc: 20.9%)
   -> AIA after Task 6: 20.32% | Breakdown: ['7.7%', '18.7%', '34.7%', '31.9%', '13.9%', '15.0%']

   рЯУЪ Training Task 7/10
вЬЕ Bio-Graph Training Complete.
   рЯФО Tuned best alpha=0.50 (Val Acc: 20.6%)
   -> AIA after Task 7: 19.61% | Breakdown: ['7.0%', '16.6%', '34.0%', '30.7%', '13.5%', '13.9%', '21.6%']

   рЯУЪ Training Task 8/10
вЬЕ Bio-Graph Training Complete.
   рЯФО Tuned best alpha=1.00 (Val Acc: 20.8%)
   -> AIA after Task 8: 19.65% | Breakdown: ['7.0%', '17.0%', '34.7%', '30.5%', '13.2%', '14.4%', '18.5%', '21.9%']

   рЯУЪ Training Task 9/10
вЬЕ Bio-Graph Training Complete.
   рЯФО Tuned best alpha=0.50 (Val Acc: 20.9%)
   -> AIA after Task 9: 20.92% | Breakdown: ['6.3%', '17.9%', '33.6%', '31.0%', '12.8%', '13.2%', '17.9%', '20.6%', '35.0%']

   рЯУЪ Training Task 10/10
вЬЕ Bio-Graph Training Complete.
   рЯФО Tuned best alpha=0.30 (Val Acc: 20.3%)
   -> AIA after Task 10: 19.50% | Breakdown: ['6.2%', '16.8%', '32.0%', '29.3%', '12.1%', '12.3%', '17.4%', '20.6%', '33.9%', '14.5%']
вЬЕ Memory trace saved вЖТ outputs/memory_trace_imagenet_r_resnet50.png / .svg
   рЯІ† Bio-Graph Memory Footprint: 49.31 MB
   вЬЕ Selected alpha: 0.00 (Tuned on 239 val samples)

   рЯПЖ Pure CIL Metrics -> AIA: 19.50% | Forgetting: 5.45%
вЬЕ Memory comparison saved вЖТ outputs/memory_comparison_imagenet_r_resnet50.png / .svg
рЯФД Preparing Dataset: IMAGENET_R...
   рЯУР Preprocessing: 224px, norm=custom
вЬЕ ImageNet-R found at ./data/imagenet-r
вДєпЄП  Note: ImageNet-R is a single folder. Train/Test splitting happens in main.py.
вЬЕ Loaded 30000 images. Classes expected: 200
рЯТЊ Loading cached resnet50 features for imagenet_r (Train)...

рЯМ± --- Starting Run with Seed: 42 ---
   рЯУ¶ Stream samples: 21601 | Val samples: 2395
   рЯЪА Training Bio-Inspired Graph (Hippocampus + Cortex)...

   рЯМА --- PURE CIL MODE SCENARIO ---

   рЯУЪ Training Task 1/10
вЬЕ Bio-Graph Training Complete.
   рЯФО Tuned best alpha=0.30 (Val Acc: 58.1%)
   -> AIA after Task 1: 44.51% | Breakdown: ['44.5%']

   рЯУЪ Training Task 2/10
вЬЕ Bio-Graph Training Complete.
   рЯФО Tuned best alpha=0.00 (Val Acc: 47.8%)
   -> AIA after Task 2: 42.03% | Breakdown: ['41.3%', '42.8%']

   рЯУЪ Training Task 3/10
вЬЕ Bio-Graph Training Complete.
   рЯФО Tuned best alpha=1.00 (Val Acc: 50.0%)
   -> AIA after Task 3: 46.35% | Breakdown: ['40.3%', '42.4%', '56.3%']

   рЯУЪ Training Task 4/10
вЬЕ Bio-Graph Training Complete.
   рЯФО Tuned best alpha=0.30 (Val Acc: 49.4%)
   -> AIA after Task 4: 44.85% | Breakdown: ['37.9%', '40.7%', '52.4%', '48.4%']

   рЯУЪ Training Task 5/10
вЬЕ Bio-Graph Training Complete.
   рЯФО Tuned best alpha=0.30 (Val Acc: 44.7%)
   -> AIA after Task 5: 40.85% | Breakdown: ['34.8%', '36.1%', '51.0%', '44.0%', '38.4%']

   рЯУЪ Training Task 6/10
вЬЕ Bio-Graph Training Complete.
   рЯФО Tuned best alpha=1.00 (Val Acc: 41.1%)
   -> AIA after Task 6: 39.25% | Breakdown: ['30.3%', '31.9%', '51.5%', '43.8%', '38.2%', '39.9%']

   рЯУЪ Training Task 7/10
вЬЕ Bio-Graph Training Complete.
   рЯФО Tuned best alpha=0.30 (Val Acc: 39.5%)
   -> AIA after Task 7: 37.39% | Breakdown: ['29.2%', '30.9%', '50.3%', '41.1%', '34.2%', '37.2%', '38.8%']

   рЯУЪ Training Task 8/10
вЬЕ Bio-Graph Training Complete.
   рЯФО Tuned best alpha=1.00 (Val Acc: 38.8%)
   -> AIA after Task 8: 36.40% | Breakdown: ['29.2%', '29.5%', '49.0%', '41.6%', '33.2%', '35.2%', '38.0%', '35.5%']

   рЯУЪ Training Task 9/10
вЬЕ Bio-Graph Training Complete.
   рЯФО Tuned best alpha=0.00 (Val Acc: 38.7%)
   -> AIA after Task 9: 36.53% | Breakdown: ['28.3%', '26.7%', '50.8%', '40.5%', '31.8%', '33.4%', '34.1%', '32.9%', '50.2%']

   рЯУЪ Training Task 10/10
вЬЕ Bio-Graph Training Complete.
   рЯФО Tuned best alpha=0.30 (Val Acc: 37.5%)
   -> AIA after Task 10: 36.33% | Breakdown: ['28.7%', '25.9%', '51.7%', '41.2%', '31.1%', '31.9%', '34.3%', '33.6%', '46.1%', '38.7%']
вЬЕ Memory trace saved вЖТ outputs/memory_trace_imagenet_r_resnet50.png / .svg
   рЯІ† Bio-Graph Memory Footprint: 108.65 MB
   вЬЕ Selected alpha: 0.00 (Tuned on 239 val samples)

   рЯПЖ Pure CIL Metrics -> AIA: 36.33% | Forgetting: 7.80%
вЬЕ Memory comparison saved вЖТ outputs/memory_comparison_imagenet_r_resnet50.png / .svg
рЯФД Preparing Dataset: IMAGENET_R...
   рЯУР Preprocessing: 224px, norm=custom
вЬЕ ImageNet-R found at ./data/imagenet-r
вДєпЄП  Note: ImageNet-R is a single folder. Train/Test splitting happens in main.py.
вЬЕ Loaded 30000 images. Classes expected: 200
рЯТЊ Loading cached resnet50 features for imagenet_r (Train)...

рЯМ± --- Starting Run with Seed: 42 ---
   рЯУ¶ Stream samples: 21601 | Val samples: 2395
   рЯЪА Training Bio-Inspired Graph (Hippocampus + Cortex)...

   рЯМА --- PURE CIL MODE SCENARIO ---

   рЯУЪ Training Task 1/10
вЬЕ Bio-Graph Training Complete.
   рЯФО Tuned best alpha=1.00 (Val Acc: 62.4%)
   -> AIA after Task 1: 56.11% | Breakdown: ['56.1%']

   рЯУЪ Training Task 2/10
вЬЕ Bio-Graph Training Complete.
   рЯФО Tuned best alpha=0.30 (Val Acc: 54.4%)
   -> AIA after Task 2: 48.85% | Breakdown: ['48.5%', '49.2%']

   рЯУЪ Training Task 3/10
вЬЕ Bio-Graph Training Complete.
   рЯФО Tuned best alpha=0.50 (Val Acc: 51.8%)
   -> AIA after Task 3: 51.02% | Breakdown: ['45.7%', '47.1%', '60.2%']

   рЯУЪ Training Task 4/10
вЬЕ Bio-Graph Training Complete.
   рЯФО Tuned best alpha=0.30 (Val Acc: 51.2%)
   -> AIA after Task 4: 48.47% | Breakdown: ['45.4%', '46.8%', '54.3%', '47.4%']

   рЯУЪ Training Task 5/10
вЬЕ Bio-Graph Training Complete.
   рЯФО Tuned best alpha=0.30 (Val Acc: 49.3%)
   -> AIA after Task 5: 47.82% | Breakdown: ['45.3%', '44.6%', '56.6%', '46.3%', '46.3%']

   рЯУЪ Training Task 6/10
вЬЕ Bio-Graph Training Complete.
   рЯФО Tuned best alpha=0.30 (Val Acc: 48.6%)
   -> AIA after Task 6: 48.25% | Breakdown: ['44.4%', '45.0%', '59.1%', '48.0%', '46.6%', '46.4%']

   рЯУЪ Training Task 7/10
вЬЕ Bio-Graph Training Complete.
   рЯФО Tuned best alpha=0.50 (Val Acc: 48.0%)
   -> AIA after Task 7: 47.75% | Breakdown: ['45.4%', '45.2%', '59.1%', '48.7%', '47.9%', '43.3%', '44.6%']

   рЯУЪ Training Task 8/10
вЬЕ Bio-Graph Training Complete.
   рЯФО Tuned best alpha=0.50 (Val Acc: 48.1%)
   -> AIA after Task 8: 48.31% | Breakdown: ['47.0%', '47.4%', '60.5%', '50.3%', '48.6%', '43.0%', '44.5%', '45.4%']

   рЯУЪ Training Task 9/10
вЬЕ Bio-Graph Training Complete.
   рЯФО Tuned best alpha=0.30 (Val Acc: 49.1%)
   -> AIA after Task 9: 48.79% | Breakdown: ['47.4%', '45.7%', '60.7%', '51.6%', '47.7%', '42.2%', '42.2%', '40.6%', '60.9%']

   рЯУЪ Training Task 10/10
вЬЕ Bio-Graph Training Complete.
   рЯФО Tuned best alpha=0.50 (Val Acc: 47.8%)
   -> AIA after Task 10: 48.59% | Breakdown: ['48.2%', '45.0%', '61.4%', '52.1%', '46.9%', '43.9%', '39.7%', '39.7%', '59.0%', '50.0%']
вЬЕ Memory trace saved вЖТ outputs/memory_trace_imagenet_r_resnet50.png / .svg
   рЯІ† Bio-Graph Memory Footprint: 157.59 MB
   вЬЕ Selected alpha: 0.50 (Tuned on 239 val samples)

   рЯПЖ Pure CIL Metrics -> AIA: 48.59% | Forgetting: 3.20%
вЬЕ Memory comparison saved вЖТ outputs/memory_comparison_imagenet_r_resnet50.png / .svg
рЯФД Preparing Dataset: IMAGENET_R...
   рЯУР Preprocessing: 224px, norm=custom
вЬЕ ImageNet-R found at ./data/imagenet-r
вДєпЄП  Note: ImageNet-R is a single folder. Train/Test splitting happens in main.py.
вЬЕ Loaded 30000 images. Classes expected: 200
рЯТЊ Loading cached resnet50 features for imagenet_r (Train)...

рЯМ± --- Starting Run with Seed: 42 ---
   рЯУ¶ Stream samples: 21601 | Val samples: 2395
   рЯЪА Training Bio-Inspired Graph (Hippocampus + Cortex)...

   рЯМА --- PURE CIL MODE SCENARIO ---

   рЯУЪ Training Task 1/10
вЬЕ Bio-Graph Training Complete.
   рЯФО Tuned best alpha=0.30 (Val Acc: 63.6%)
   -> AIA after Task 1: 56.72% | Breakdown: ['56.7%']

   рЯУЪ Training Task 2/10
вЬЕ Bio-Graph Training Complete.
   рЯФО Tuned best alpha=0.00 (Val Acc: 54.9%)
   -> AIA after Task 2: 48.08% | Breakdown: ['47.0%', '49.2%']

   рЯУЪ Training Task 3/10
вЬЕ Bio-Graph Training Complete.
   рЯФО Tuned best alpha=1.00 (Val Acc: 53.9%)
   -> AIA after Task 3: 50.97% | Breakdown: ['45.1%', '49.9%', '57.9%']

   рЯУЪ Training Task 4/10
вЬЕ Bio-Graph Training Complete.
   рЯФО Tuned best alpha=0.30 (Val Acc: 51.8%)
   -> AIA after Task 4: 48.99% | Breakdown: ['45.3%', '47.6%', '54.5%', '48.6%']

   рЯУЪ Training Task 5/10
вЬЕ Bio-Graph Training Complete.
   рЯФО Tuned best alpha=1.00 (Val Acc: 50.3%)
   -> AIA after Task 5: 48.64% | Breakdown: ['44.8%', '46.7%', '56.3%', '48.2%', '47.2%']

   рЯУЪ Training Task 6/10
вЬЕ Bio-Graph Training Complete.
   рЯФО Tuned best alpha=0.50 (Val Acc: 49.2%)
   -> AIA after Task 6: 48.98% | Breakdown: ['45.0%', '47.5%', '58.4%', '48.9%', '47.0%', '47.1%']

   рЯУЪ Training Task 7/10
вЬЕ Bio-Graph Training Complete.
   рЯФО Tuned best alpha=1.00 (Val Acc: 48.8%)
   -> AIA after Task 7: 48.41% | Breakdown: ['46.4%', '47.4%', '59.8%', '50.3%', '47.9%', '43.0%', '44.3%']

   рЯУЪ Training Task 8/10
вЬЕ Bio-Graph Training Complete.
   рЯФО Tuned best alpha=0.70 (Val Acc: 48.6%)
   -> AIA after Task 8: 48.51% | Breakdown: ['48.4%', '48.1%', '59.8%', '51.4%', '49.4%', '43.0%', '42.9%', '45.2%']

   рЯУЪ Training Task 9/10
вЬЕ Bio-Graph Training Complete.
   рЯФО Tuned best alpha=0.80 (Val Acc: 50.0%)
   -> AIA after Task 9: 49.65% | Breakdown: ['49.0%', '48.6%', '61.4%', '52.8%', '48.0%', '42.8%', '41.5%', '41.9%', '60.9%']

   рЯУЪ Training Task 10/10
вЬЕ Bio-Graph Training Complete.
   рЯФО Tuned best alpha=1.00 (Val Acc: 48.3%)
   -> AIA after Task 10: 48.76% | Breakdown: ['48.1%', '47.8%', '61.1%', '52.5%', '47.0%', '43.3%', '39.9%', '40.4%', '57.7%', '49.9%']
вЬЕ Memory trace saved вЖТ outputs/memory_trace_imagenet_r_resnet50.png / .svg
   рЯІ† Bio-Graph Memory Footprint: 159.91 MB
   вЬЕ Selected alpha: 0.70 (Tuned on 239 val samples)

   рЯПЖ Pure CIL Metrics -> AIA: 48.76% | Forgetting: 3.33%
вЬЕ Memory comparison saved вЖТ outputs/memory_comparison_imagenet_r_resnet50.png / .svg

вЬЕ Ablations complete. Saved to results/ablation_resnet50_imagenet_r.json
