рЯФД Preparing Dataset: IMAGENET_R...
   рЯУР Preprocessing: 224px, norm=custom
вЬЕ ImageNet-R found at ./data/imagenet-r
вДєпЄП  Note: ImageNet-R is a single folder. Train/Test splitting happens in main.py.
вЬЕ Loaded 30000 images. Classes expected: 200
рЯТЊ Loading cached dinov3 features for imagenet_r (Train)...

рЯЪА [1/3] Component Ablation Table...

рЯУП Running Standalone NCM Baseline (Stage 1 Logic)...
рЯФД Preparing Dataset: IMAGENET_R...
   рЯУР Preprocessing: 224px, norm=custom
вЬЕ ImageNet-R found at ./data/imagenet-r
вДєпЄП  Note: ImageNet-R is a single folder. Train/Test splitting happens in main.py.
вЬЕ Loaded 30000 images. Classes expected: 200
рЯТЊ Loading cached dinov3 features for imagenet_r (Train)...

рЯМ± --- Starting Run with Seed: 42 ---
   рЯУ¶ Stream samples: 21601 | Val samples: 2395
   рЯЪА Training Bio-Inspired Graph (Hippocampus + Cortex)...

   рЯМА --- PURE CIL MODE SCENARIO ---

   рЯУЪ Training Task 1/10
вЬЕ Bio-Graph Training Complete.
   вДєпЄП  Fixed Alpha Ablation: Using alpha=0.00
   -> AIA after Task 1: 98.92% | Breakdown: ['98.9%']

   рЯУЪ Training Task 2/10
вЬЕ Bio-Graph Training Complete.
   вДєпЄП  Fixed Alpha Ablation: Using alpha=0.00
   -> AIA after Task 2: 98.31% | Breakdown: ['98.1%', '98.5%']

   рЯУЪ Training Task 3/10
вЬЕ Bio-Graph Training Complete.
   вДєпЄП  Fixed Alpha Ablation: Using alpha=0.00
   -> AIA after Task 3: 95.67% | Breakdown: ['98.5%', '97.5%', '91.0%']

   рЯУЪ Training Task 4/10
вЬЕ Bio-Graph Training Complete.
   вДєпЄП  Fixed Alpha Ablation: Using alpha=0.00
   -> AIA after Task 4: 95.38% | Breakdown: ['98.3%', '97.9%', '91.3%', '94.0%']

   рЯУЪ Training Task 5/10
вЬЕ Bio-Graph Training Complete.
   вДєпЄП  Fixed Alpha Ablation: Using alpha=0.00
   -> AIA after Task 5: 95.39% | Breakdown: ['98.1%', '97.5%', '91.0%', '93.5%', '96.7%']

   рЯУЪ Training Task 6/10
вЬЕ Bio-Graph Training Complete.
   вДєпЄП  Fixed Alpha Ablation: Using alpha=0.00
   -> AIA after Task 6: 95.60% | Breakdown: ['98.1%', '96.8%', '92.0%', '93.4%', '96.6%', '96.8%']

   рЯУЪ Training Task 7/10
вЬЕ Bio-Graph Training Complete.
   вДєпЄП  Fixed Alpha Ablation: Using alpha=0.00
   -> AIA after Task 7: 94.84% | Breakdown: ['97.7%', '96.0%', '91.5%', '93.4%', '96.7%', '96.2%', '92.4%']

   рЯУЪ Training Task 8/10
вЬЕ Bio-Graph Training Complete.
   вДєпЄП  Fixed Alpha Ablation: Using alpha=0.00
   -> AIA after Task 8: 94.58% | Breakdown: ['97.7%', '96.5%', '91.0%', '93.5%', '96.3%', '96.2%', '91.7%', '93.6%']

   рЯУЪ Training Task 9/10
вЬЕ Bio-Graph Training Complete.
   вДєпЄП  Fixed Alpha Ablation: Using alpha=0.00
   -> AIA after Task 9: 94.86% | Breakdown: ['97.8%', '96.3%', '92.0%', '93.9%', '96.7%', '96.9%', '91.7%', '92.8%', '95.7%']

   рЯУЪ Training Task 10/10
вЬЕ Bio-Graph Training Complete.
   вДєпЄП  Fixed Alpha Ablation: Using alpha=0.00
   -> AIA after Task 10: 94.95% | Breakdown: ['98.1%', '96.7%', '92.0%', '94.4%', '96.7%', '96.4%', '91.7%', '92.8%', '95.7%', '95.1%']
вЬЕ Memory trace saved вЖТ outputs/memory_trace_imagenet_r_dinov3.png / .svg
   рЯІ† Bio-Graph Memory Footprint: 382.93 MB
   вДєпЄП  Fixed Alpha Ablation: Using alpha=0.00 (Tuning skipped)

   рЯПЖ Pure CIL Metrics -> AIA: 94.95% | Forgetting: 0.52%
вЬЕ Memory comparison saved вЖТ outputs/memory_comparison_imagenet_r_dinov3.png / .svg
рЯФД Preparing Dataset: IMAGENET_R...
   рЯУР Preprocessing: 224px, norm=custom
вЬЕ ImageNet-R found at ./data/imagenet-r
вДєпЄП  Note: ImageNet-R is a single folder. Train/Test splitting happens in main.py.
вЬЕ Loaded 30000 images. Classes expected: 200
рЯТЊ Loading cached dinov3 features for imagenet_r (Train)...

рЯМ± --- Starting Run with Seed: 42 ---
   рЯУ¶ Stream samples: 21601 | Val samples: 2395
   рЯЪА Training Bio-Inspired Graph (Hippocampus + Cortex)...

   рЯМА --- PURE CIL MODE SCENARIO ---

   рЯУЪ Training Task 1/10
вЬЕ Bio-Graph Training Complete.
   вДєпЄП  Fixed Alpha Ablation: Using alpha=1.00
   -> AIA after Task 1: 98.92% | Breakdown: ['98.9%']

   рЯУЪ Training Task 2/10
вЬЕ Bio-Graph Training Complete.
   вДєпЄП  Fixed Alpha Ablation: Using alpha=1.00
   -> AIA after Task 2: 98.46% | Breakdown: ['98.3%', '98.6%']

   рЯУЪ Training Task 3/10
вЬЕ Bio-Graph Training Complete.
   вДєпЄП  Fixed Alpha Ablation: Using alpha=1.00
   -> AIA after Task 3: 95.83% | Breakdown: ['98.5%', '97.8%', '91.3%']

   рЯУЪ Training Task 4/10
вЬЕ Bio-Graph Training Complete.
   вДєпЄП  Fixed Alpha Ablation: Using alpha=1.00
   -> AIA after Task 4: 95.44% | Breakdown: ['98.5%', '97.8%', '91.5%', '94.0%']

   рЯУЪ Training Task 5/10
вЬЕ Bio-Graph Training Complete.
   вДєпЄП  Fixed Alpha Ablation: Using alpha=1.00
   -> AIA after Task 5: 95.45% | Breakdown: ['98.1%', '97.5%', '91.3%', '93.9%', '96.4%']

   рЯУЪ Training Task 6/10
вЬЕ Bio-Graph Training Complete.
   вДєпЄП  Fixed Alpha Ablation: Using alpha=1.00
   -> AIA after Task 6: 95.55% | Breakdown: ['98.3%', '97.0%', '91.5%', '93.4%', '96.4%', '96.8%']

   рЯУЪ Training Task 7/10
вЬЕ Bio-Graph Training Complete.
   вДєпЄП  Fixed Alpha Ablation: Using alpha=1.00
   -> AIA after Task 7: 95.03% | Breakdown: ['98.0%', '96.4%', '91.7%', '93.9%', '96.7%', '96.2%', '92.3%']

   рЯУЪ Training Task 8/10
вЬЕ Bio-Graph Training Complete.
   вДєпЄП  Fixed Alpha Ablation: Using alpha=1.00
   -> AIA after Task 8: 94.65% | Breakdown: ['97.7%', '96.4%', '91.3%', '93.4%', '96.6%', '96.2%', '92.1%', '93.6%']

   рЯУЪ Training Task 9/10
вЬЕ Bio-Graph Training Complete.
   вДєпЄП  Fixed Alpha Ablation: Using alpha=1.00
   -> AIA after Task 9: 95.00% | Breakdown: ['98.1%', '96.7%', '92.2%', '94.2%', '96.3%', '96.9%', '91.6%', '93.0%', '96.0%']

   рЯУЪ Training Task 10/10
вЬЕ Bio-Graph Training Complete.
   вДєпЄП  Fixed Alpha Ablation: Using alpha=1.00
   -> AIA after Task 10: 95.14% | Breakdown: ['98.3%', '96.7%', '92.4%', '94.7%', '97.0%', '96.6%', '91.7%', '92.8%', '96.0%', '95.2%']
вЬЕ Memory trace saved вЖТ outputs/memory_trace_imagenet_r_dinov3.png / .svg
   рЯІ† Bio-Graph Memory Footprint: 382.93 MB
   вДєпЄП  Fixed Alpha Ablation: Using alpha=1.00 (Tuning skipped)

   рЯПЖ Pure CIL Metrics -> AIA: 95.14% | Forgetting: 0.48%
вЬЕ Memory comparison saved вЖТ outputs/memory_comparison_imagenet_r_dinov3.png / .svg
рЯФД Preparing Dataset: IMAGENET_R...
   рЯУР Preprocessing: 224px, norm=custom
вЬЕ ImageNet-R found at ./data/imagenet-r
вДєпЄП  Note: ImageNet-R is a single folder. Train/Test splitting happens in main.py.
вЬЕ Loaded 30000 images. Classes expected: 200
рЯТЊ Loading cached dinov3 features for imagenet_r (Train)...

рЯМ± --- Starting Run with Seed: 42 ---
   рЯУ¶ Stream samples: 21601 | Val samples: 2395
   рЯЪА Training Bio-Inspired Graph (Hippocampus + Cortex)...

   рЯМА --- PURE CIL MODE SCENARIO ---

   рЯУЪ Training Task 1/10
вЬЕ Bio-Graph Training Complete.
   рЯФО Tuned best alpha=0.00 (Val Acc: 98.1%)
   -> AIA after Task 1: 98.92% | Breakdown: ['98.9%']

   рЯУЪ Training Task 2/10
вЬЕ Bio-Graph Training Complete.
   рЯФО Tuned best alpha=0.00 (Val Acc: 98.2%)
   -> AIA after Task 2: 98.31% | Breakdown: ['98.1%', '98.5%']

   рЯУЪ Training Task 3/10
вЬЕ Bio-Graph Training Complete.
   рЯФО Tuned best alpha=1.00 (Val Acc: 96.8%)
   -> AIA after Task 3: 95.83% | Breakdown: ['98.5%', '97.8%', '91.3%']

   рЯУЪ Training Task 4/10
вЬЕ Bio-Graph Training Complete.
   рЯФО Tuned best alpha=0.00 (Val Acc: 96.4%)
   -> AIA after Task 4: 95.38% | Breakdown: ['98.3%', '97.9%', '91.3%', '94.0%']

   рЯУЪ Training Task 5/10
вЬЕ Bio-Graph Training Complete.
   рЯФО Tuned best alpha=0.30 (Val Acc: 96.3%)
   -> AIA after Task 5: 95.48% | Breakdown: ['98.3%', '97.5%', '91.3%', '93.9%', '96.4%']

   рЯУЪ Training Task 6/10
вЬЕ Bio-Graph Training Complete.
   рЯФО Tuned best alpha=0.00 (Val Acc: 95.9%)
   -> AIA after Task 6: 95.60% | Breakdown: ['98.1%', '96.8%', '92.0%', '93.4%', '96.6%', '96.8%']

   рЯУЪ Training Task 7/10
вЬЕ Bio-Graph Training Complete.
   рЯФО Tuned best alpha=1.00 (Val Acc: 95.3%)
   -> AIA after Task 7: 95.03% | Breakdown: ['98.0%', '96.4%', '91.7%', '93.9%', '96.7%', '96.2%', '92.3%']

   рЯУЪ Training Task 8/10
вЬЕ Bio-Graph Training Complete.
   рЯФО Tuned best alpha=0.50 (Val Acc: 95.2%)
   -> AIA after Task 8: 94.62% | Breakdown: ['97.7%', '96.4%', '91.5%', '93.2%', '96.4%', '96.2%', '91.9%', '93.6%']

   рЯУЪ Training Task 9/10
вЬЕ Bio-Graph Training Complete.
   рЯФО Tuned best alpha=1.00 (Val Acc: 95.0%)
   -> AIA after Task 9: 95.00% | Breakdown: ['98.1%', '96.7%', '92.2%', '94.2%', '96.3%', '96.9%', '91.6%', '93.0%', '96.0%']

   рЯУЪ Training Task 10/10
вЬЕ Bio-Graph Training Complete.
   рЯФО Tuned best alpha=0.00 (Val Acc: 95.4%)
   -> AIA after Task 10: 94.95% | Breakdown: ['98.1%', '96.7%', '92.0%', '94.4%', '96.7%', '96.4%', '91.7%', '92.8%', '95.7%', '95.1%']
вЬЕ Memory trace saved вЖТ outputs/memory_trace_imagenet_r_dinov3.png / .svg
   рЯІ† Bio-Graph Memory Footprint: 382.93 MB
   вЬЕ Selected alpha: 0.00 (Tuned on 239 val samples)

   рЯПЖ Pure CIL Metrics -> AIA: 94.95% | Forgetting: 0.56%
вЬЕ Memory comparison saved вЖТ outputs/memory_comparison_imagenet_r_dinov3.png / .svg

рЯЪА [2/3] Lambda Sweep...
рЯФД Preparing Dataset: IMAGENET_R...
   рЯУР Preprocessing: 224px, norm=custom
вЬЕ ImageNet-R found at ./data/imagenet-r
вДєпЄП  Note: ImageNet-R is a single folder. Train/Test splitting happens in main.py.
вЬЕ Loaded 30000 images. Classes expected: 200
рЯТЊ Loading cached dinov3 features for imagenet_r (Train)...

рЯМ± --- Starting Run with Seed: 42 ---
   рЯУ¶ Stream samples: 21601 | Val samples: 2395
   рЯЪА Training Bio-Inspired Graph (Hippocampus + Cortex)...

   рЯМА --- PURE CIL MODE SCENARIO ---

   рЯУЪ Training Task 1/10
вЬЕ Bio-Graph Training Complete.
   рЯФО Tuned best alpha=0.00 (Val Acc: 98.1%)
   -> AIA after Task 1: 98.92% | Breakdown: ['98.9%']

   рЯУЪ Training Task 2/10
вЬЕ Bio-Graph Training Complete.
   рЯФО Tuned best alpha=0.00 (Val Acc: 98.2%)
   -> AIA after Task 2: 98.31% | Breakdown: ['98.1%', '98.5%']

   рЯУЪ Training Task 3/10
вЬЕ Bio-Graph Training Complete.
   рЯФО Tuned best alpha=1.00 (Val Acc: 96.8%)
   -> AIA after Task 3: 95.83% | Breakdown: ['98.5%', '97.8%', '91.3%']

   рЯУЪ Training Task 4/10
вЬЕ Bio-Graph Training Complete.
   рЯФО Tuned best alpha=0.00 (Val Acc: 96.4%)
   -> AIA after Task 4: 95.38% | Breakdown: ['98.3%', '97.9%', '91.3%', '94.0%']

   рЯУЪ Training Task 5/10
вЬЕ Bio-Graph Training Complete.
   рЯФО Tuned best alpha=0.30 (Val Acc: 96.3%)
   -> AIA after Task 5: 95.48% | Breakdown: ['98.3%', '97.5%', '91.3%', '93.9%', '96.4%']

   рЯУЪ Training Task 6/10
вЬЕ Bio-Graph Training Complete.
   рЯФО Tuned best alpha=0.00 (Val Acc: 95.9%)
   -> AIA after Task 6: 95.60% | Breakdown: ['98.1%', '96.8%', '92.0%', '93.4%', '96.6%', '96.8%']

   рЯУЪ Training Task 7/10
вЬЕ Bio-Graph Training Complete.
   рЯФО Tuned best alpha=1.00 (Val Acc: 95.3%)
   -> AIA after Task 7: 95.03% | Breakdown: ['98.0%', '96.4%', '91.7%', '93.9%', '96.7%', '96.2%', '92.3%']

   рЯУЪ Training Task 8/10
вЬЕ Bio-Graph Training Complete.
   рЯФО Tuned best alpha=0.50 (Val Acc: 95.2%)
   -> AIA after Task 8: 94.62% | Breakdown: ['97.7%', '96.4%', '91.5%', '93.2%', '96.4%', '96.2%', '91.9%', '93.6%']

   рЯУЪ Training Task 9/10
вЬЕ Bio-Graph Training Complete.
   рЯФО Tuned best alpha=1.00 (Val Acc: 95.0%)
   -> AIA after Task 9: 95.00% | Breakdown: ['98.1%', '96.7%', '92.2%', '94.2%', '96.3%', '96.9%', '91.6%', '93.0%', '96.0%']

   рЯУЪ Training Task 10/10
вЬЕ Bio-Graph Training Complete.
   рЯФО Tuned best alpha=0.00 (Val Acc: 95.4%)
   -> AIA after Task 10: 94.95% | Breakdown: ['98.1%', '96.7%', '92.0%', '94.4%', '96.7%', '96.4%', '91.7%', '92.8%', '95.7%', '95.1%']
вЬЕ Memory trace saved вЖТ outputs/memory_trace_imagenet_r_dinov3.png / .svg
   рЯІ† Bio-Graph Memory Footprint: 382.93 MB
   вЬЕ Selected alpha: 0.00 (Tuned on 239 val samples)

   рЯПЖ Pure CIL Metrics -> AIA: 94.95% | Forgetting: 0.56%
вЬЕ Memory comparison saved вЖТ outputs/memory_comparison_imagenet_r_dinov3.png / .svg
рЯФД Preparing Dataset: IMAGENET_R...
   рЯУР Preprocessing: 224px, norm=custom
вЬЕ ImageNet-R found at ./data/imagenet-r
вДєпЄП  Note: ImageNet-R is a single folder. Train/Test splitting happens in main.py.
вЬЕ Loaded 30000 images. Classes expected: 200
рЯТЊ Loading cached dinov3 features for imagenet_r (Train)...

рЯМ± --- Starting Run with Seed: 42 ---
   рЯУ¶ Stream samples: 21601 | Val samples: 2395
   рЯЪА Training Bio-Inspired Graph (Hippocampus + Cortex)...

   рЯМА --- PURE CIL MODE SCENARIO ---

   рЯУЪ Training Task 1/10
вЬЕ Bio-Graph Training Complete.
   рЯФО Tuned best alpha=0.00 (Val Acc: 98.1%)
   -> AIA after Task 1: 98.92% | Breakdown: ['98.9%']

   рЯУЪ Training Task 2/10
вЬЕ Bio-Graph Training Complete.
   рЯФО Tuned best alpha=0.00 (Val Acc: 98.2%)
   -> AIA after Task 2: 98.31% | Breakdown: ['98.1%', '98.5%']

   рЯУЪ Training Task 3/10
вЬЕ Bio-Graph Training Complete.
   рЯФО Tuned best alpha=1.00 (Val Acc: 96.8%)
   -> AIA after Task 3: 95.83% | Breakdown: ['98.5%', '97.8%', '91.3%']

   рЯУЪ Training Task 4/10
вЬЕ Bio-Graph Training Complete.
   рЯФО Tuned best alpha=0.00 (Val Acc: 96.4%)
   -> AIA after Task 4: 95.38% | Breakdown: ['98.3%', '97.9%', '91.3%', '94.0%']

   рЯУЪ Training Task 5/10
вЬЕ Bio-Graph Training Complete.
   рЯФО Tuned best alpha=0.30 (Val Acc: 96.3%)
   -> AIA after Task 5: 95.48% | Breakdown: ['98.3%', '97.5%', '91.3%', '93.9%', '96.4%']

   рЯУЪ Training Task 6/10
вЬЕ Bio-Graph Training Complete.
   рЯФО Tuned best alpha=0.00 (Val Acc: 95.9%)
   -> AIA after Task 6: 95.60% | Breakdown: ['98.1%', '96.8%', '92.0%', '93.4%', '96.6%', '96.8%']

   рЯУЪ Training Task 7/10
вЬЕ Bio-Graph Training Complete.
   рЯФО Tuned best alpha=1.00 (Val Acc: 95.3%)
   -> AIA after Task 7: 95.03% | Breakdown: ['98.0%', '96.4%', '91.7%', '93.9%', '96.7%', '96.2%', '92.3%']

   рЯУЪ Training Task 8/10
вЬЕ Bio-Graph Training Complete.
   рЯФО Tuned best alpha=0.50 (Val Acc: 95.2%)
   -> AIA after Task 8: 94.62% | Breakdown: ['97.7%', '96.4%', '91.5%', '93.2%', '96.4%', '96.2%', '91.9%', '93.6%']

   рЯУЪ Training Task 9/10
вЬЕ Bio-Graph Training Complete.
   рЯФО Tuned best alpha=1.00 (Val Acc: 95.0%)
   -> AIA after Task 9: 95.00% | Breakdown: ['98.1%', '96.7%', '92.2%', '94.2%', '96.3%', '96.9%', '91.6%', '93.0%', '96.0%']

   рЯУЪ Training Task 10/10
вЬЕ Bio-Graph Training Complete.
   рЯФО Tuned best alpha=0.00 (Val Acc: 95.4%)
   -> AIA after Task 10: 94.95% | Breakdown: ['98.1%', '96.7%', '92.0%', '94.4%', '96.7%', '96.4%', '91.7%', '92.8%', '95.7%', '95.1%']
вЬЕ Memory trace saved вЖТ outputs/memory_trace_imagenet_r_dinov3.png / .svg
   рЯІ† Bio-Graph Memory Footprint: 382.93 MB
   вЬЕ Selected alpha: 0.00 (Tuned on 239 val samples)

   рЯПЖ Pure CIL Metrics -> AIA: 94.95% | Forgetting: 0.56%
вЬЕ Memory comparison saved вЖТ outputs/memory_comparison_imagenet_r_dinov3.png / .svg
рЯФД Preparing Dataset: IMAGENET_R...
   рЯУР Preprocessing: 224px, norm=custom
вЬЕ ImageNet-R found at ./data/imagenet-r
вДєпЄП  Note: ImageNet-R is a single folder. Train/Test splitting happens in main.py.
вЬЕ Loaded 30000 images. Classes expected: 200
рЯТЊ Loading cached dinov3 features for imagenet_r (Train)...

рЯМ± --- Starting Run with Seed: 42 ---
   рЯУ¶ Stream samples: 21601 | Val samples: 2395
   рЯЪА Training Bio-Inspired Graph (Hippocampus + Cortex)...

   рЯМА --- PURE CIL MODE SCENARIO ---

   рЯУЪ Training Task 1/10
вЬЕ Bio-Graph Training Complete.
   рЯФО Tuned best alpha=0.00 (Val Acc: 98.1%)
   -> AIA after Task 1: 98.92% | Breakdown: ['98.9%']

   рЯУЪ Training Task 2/10
вЬЕ Bio-Graph Training Complete.
   рЯФО Tuned best alpha=0.00 (Val Acc: 98.2%)
   -> AIA after Task 2: 98.31% | Breakdown: ['98.1%', '98.5%']

   рЯУЪ Training Task 3/10
вЬЕ Bio-Graph Training Complete.
   рЯФО Tuned best alpha=0.50 (Val Acc: 96.7%)
   -> AIA after Task 3: 95.76% | Breakdown: ['98.5%', '97.8%', '91.0%']

   рЯУЪ Training Task 4/10
вЬЕ Bio-Graph Training Complete.
   рЯФО Tuned best alpha=0.00 (Val Acc: 96.3%)
   -> AIA after Task 4: 95.28% | Breakdown: ['98.3%', '97.9%', '91.0%', '93.9%']

   рЯУЪ Training Task 5/10
вЬЕ Bio-Graph Training Complete.
   рЯФО Tuned best alpha=0.00 (Val Acc: 96.2%)
   -> AIA after Task 5: 95.31% | Breakdown: ['98.1%', '97.5%', '90.8%', '93.5%', '96.6%']

   рЯУЪ Training Task 6/10
вЬЕ Bio-Graph Training Complete.
   рЯФО Tuned best alpha=0.30 (Val Acc: 95.9%)
   -> AIA after Task 6: 95.60% | Breakdown: ['98.3%', '97.1%', '91.5%', '93.4%', '96.6%', '96.8%']

   рЯУЪ Training Task 7/10
вЬЕ Bio-Graph Training Complete.
   рЯФО Tuned best alpha=0.70 (Val Acc: 95.3%)
   -> AIA after Task 7: 95.08% | Breakdown: ['98.0%', '96.4%', '92.0%', '93.7%', '96.9%', '96.2%', '92.4%']

   рЯУЪ Training Task 8/10
вЬЕ Bio-Graph Training Complete.
   рЯФО Tuned best alpha=0.50 (Val Acc: 95.3%)
   -> AIA after Task 8: 94.66% | Breakdown: ['97.7%', '96.4%', '91.5%', '93.4%', '96.6%', '96.2%', '91.9%', '93.6%']

   рЯУЪ Training Task 9/10
вЬЕ Bio-Graph Training Complete.
   рЯФО Tuned best alpha=0.00 (Val Acc: 94.9%)
   -> AIA after Task 9: 94.84% | Breakdown: ['98.0%', '96.3%', '92.0%', '93.7%', '96.6%', '96.9%', '91.7%', '92.8%', '95.7%']

   рЯУЪ Training Task 10/10
вЬЕ Bio-Graph Training Complete.
   рЯФО Tuned best alpha=0.50 (Val Acc: 95.4%)
   -> AIA after Task 10: 95.17% | Breakdown: ['98.3%', '96.7%', '92.6%', '94.5%', '97.0%', '96.6%', '91.7%', '93.0%', '96.0%', '95.2%']
вЬЕ Memory trace saved вЖТ outputs/memory_trace_imagenet_r_dinov3.png / .svg
   рЯІ† Bio-Graph Memory Footprint: 382.93 MB
   вЬЕ Selected alpha: 0.00 (Tuned on 239 val samples)

   рЯПЖ Pure CIL Metrics -> AIA: 95.17% | Forgetting: 0.46%
вЬЕ Memory comparison saved вЖТ outputs/memory_comparison_imagenet_r_dinov3.png / .svg

рЯЪА [3/3] Node Count Sweep (Fixed alpha=0.5)...
рЯФД Preparing Dataset: IMAGENET_R...
   рЯУР Preprocessing: 224px, norm=custom
вЬЕ ImageNet-R found at ./data/imagenet-r
вДєпЄП  Note: ImageNet-R is a single folder. Train/Test splitting happens in main.py.
вЬЕ Loaded 30000 images. Classes expected: 200
рЯТЊ Loading cached dinov3 features for imagenet_r (Train)...

рЯМ± --- Starting Run with Seed: 42 ---
   рЯУ¶ Stream samples: 21601 | Val samples: 2395
   рЯЪА Training Bio-Inspired Graph (Hippocampus + Cortex)...

   рЯМА --- PURE CIL MODE SCENARIO ---

   рЯУЪ Training Task 1/10
вЬЕ Bio-Graph Training Complete.
   рЯФО Tuned best alpha=0.30 (Val Acc: 36.8%)
   -> AIA after Task 1: 39.26% | Breakdown: ['39.3%']

   рЯУЪ Training Task 2/10
вЬЕ Bio-Graph Training Complete.
   рЯФО Tuned best alpha=0.00 (Val Acc: 56.8%)
   -> AIA after Task 2: 54.49% | Breakdown: ['39.9%', '69.1%']

   рЯУЪ Training Task 3/10
вЬЕ Bio-Graph Training Complete.
   рЯФО Tuned best alpha=0.80 (Val Acc: 54.2%)
   -> AIA after Task 3: 52.67% | Breakdown: ['38.3%', '66.3%', '53.3%']

   рЯУЪ Training Task 4/10
вЬЕ Bio-Graph Training Complete.
   рЯФО Tuned best alpha=0.80 (Val Acc: 54.3%)
   -> AIA after Task 4: 51.40% | Breakdown: ['38.5%', '63.6%', '50.6%', '53.0%']

   рЯУЪ Training Task 5/10
вЬЕ Bio-Graph Training Complete.
   рЯФО Tuned best alpha=1.00 (Val Acc: 48.6%)
   -> AIA after Task 5: 47.24% | Breakdown: ['39.7%', '64.1%', '51.7%', '52.6%', '28.0%']

   рЯУЪ Training Task 6/10
вЬЕ Bio-Graph Training Complete.
   рЯФО Tuned best alpha=0.00 (Val Acc: 43.8%)
   -> AIA after Task 6: 41.90% | Breakdown: ['40.2%', '65.1%', '51.5%', '53.8%', '29.4%', '11.4%']

   рЯУЪ Training Task 7/10
вЬЕ Bio-Graph Training Complete.
   рЯФО Tuned best alpha=0.00 (Val Acc: 44.0%)
   -> AIA after Task 7: 42.04% | Breakdown: ['42.8%', '65.5%', '51.7%', '55.5%', '29.4%', '9.7%', '39.5%']

   рЯУЪ Training Task 8/10
вЬЕ Bio-Graph Training Complete.
   рЯФО Tuned best alpha=0.00 (Val Acc: 46.6%)
   -> AIA after Task 8: 45.38% | Breakdown: ['43.0%', '65.0%', '52.6%', '55.7%', '29.0%', '10.8%', '37.3%', '69.7%']

   рЯУЪ Training Task 9/10
вЬЕ Bio-Graph Training Complete.
   рЯФО Tuned best alpha=0.30 (Val Acc: 45.8%)
   -> AIA after Task 9: 45.85% | Breakdown: ['43.1%', '65.1%', '52.4%', '55.4%', '29.4%', '12.3%', '36.4%', '68.4%', '50.2%']

   рЯУЪ Training Task 10/10
вЬЕ Bio-Graph Training Complete.
   рЯФО Tuned best alpha=0.30 (Val Acc: 46.1%)
   -> AIA after Task 10: 45.68% | Breakdown: ['43.9%', '65.4%', '52.6%', '56.2%', '29.7%', '12.5%', '36.2%', '68.6%', '50.0%', '41.7%']
вЬЕ Memory trace saved вЖТ outputs/memory_trace_imagenet_r_dinov3.png / .svg
   рЯІ† Bio-Graph Memory Footprint: 162.13 MB
   вЬЕ Selected alpha: 0.00 (Tuned on 239 val samples)

   рЯПЖ Pure CIL Metrics -> AIA: 45.68% | Forgetting: 1.00%
вЬЕ Memory comparison saved вЖТ outputs/memory_comparison_imagenet_r_dinov3.png / .svg
рЯФД Preparing Dataset: IMAGENET_R...
   рЯУР Preprocessing: 224px, norm=custom
вЬЕ ImageNet-R found at ./data/imagenet-r
вДєпЄП  Note: ImageNet-R is a single folder. Train/Test splitting happens in main.py.
вЬЕ Loaded 30000 images. Classes expected: 200
рЯТЊ Loading cached dinov3 features for imagenet_r (Train)...

рЯМ± --- Starting Run with Seed: 42 ---
   рЯУ¶ Stream samples: 21601 | Val samples: 2395
   рЯЪА Training Bio-Inspired Graph (Hippocampus + Cortex)...

   рЯМА --- PURE CIL MODE SCENARIO ---

   рЯУЪ Training Task 1/10
вЬЕ Bio-Graph Training Complete.
   рЯФО Tuned best alpha=0.00 (Val Acc: 98.8%)
   -> AIA after Task 1: 98.61% | Breakdown: ['98.6%']

   рЯУЪ Training Task 2/10
вЬЕ Bio-Graph Training Complete.
   рЯФО Tuned best alpha=0.00 (Val Acc: 98.0%)
   -> AIA after Task 2: 98.04% | Breakdown: ['98.3%', '97.8%']

   рЯУЪ Training Task 3/10
вЬЕ Bio-Graph Training Complete.
   рЯФО Tuned best alpha=0.00 (Val Acc: 96.4%)
   -> AIA after Task 3: 95.07% | Breakdown: ['98.0%', '97.1%', '90.1%']

   рЯУЪ Training Task 4/10
вЬЕ Bio-Graph Training Complete.
   рЯФО Tuned best alpha=0.00 (Val Acc: 96.1%)
   -> AIA after Task 4: 94.16% | Breakdown: ['97.8%', '97.0%', '88.5%', '93.4%']

   рЯУЪ Training Task 5/10
вЬЕ Bio-Graph Training Complete.
   рЯФО Tuned best alpha=0.00 (Val Acc: 96.0%)
   -> AIA after Task 5: 95.02% | Breakdown: ['98.0%', '97.0%', '90.3%', '93.5%', '96.3%']

   рЯУЪ Training Task 6/10
вЬЕ Bio-Graph Training Complete.
   рЯФО Tuned best alpha=0.90 (Val Acc: 95.5%)
   -> AIA after Task 6: 95.19% | Breakdown: ['97.1%', '96.7%', '90.1%', '93.9%', '97.0%', '96.4%']

   рЯУЪ Training Task 7/10
вЬЕ Bio-Graph Training Complete.
   рЯФО Tuned best alpha=0.50 (Val Acc: 95.3%)
   -> AIA after Task 7: 94.41% | Breakdown: ['96.6%', '96.1%', '90.1%', '93.5%', '96.7%', '95.7%', '92.1%']

   рЯУЪ Training Task 8/10
вЬЕ Bio-Graph Training Complete.
   рЯФО Tuned best alpha=0.90 (Val Acc: 94.6%)
   -> AIA after Task 8: 94.21% | Breakdown: ['97.2%', '96.1%', '89.9%', '93.5%', '96.0%', '95.3%', '91.7%', '93.9%']

   рЯУЪ Training Task 9/10
вЬЕ Bio-Graph Training Complete.
   рЯФО Tuned best alpha=0.30 (Val Acc: 94.4%)
   -> AIA after Task 9: 94.02% | Breakdown: ['97.1%', '95.8%', '89.0%', '93.4%', '95.0%', '95.8%', '90.9%', '93.4%', '95.8%']

   рЯУЪ Training Task 10/10
вЬЕ Bio-Graph Training Complete.
   рЯФО Tuned best alpha=0.00 (Val Acc: 94.1%)
   -> AIA after Task 10: 93.76% | Breakdown: ['96.6%', '95.6%', '88.3%', '93.5%', '95.3%', '96.2%', '89.8%', '93.0%', '95.0%', '94.4%']
вЬЕ Memory trace saved вЖТ outputs/memory_trace_imagenet_r_dinov3.png / .svg
   рЯІ† Bio-Graph Memory Footprint: 283.25 MB
   вЬЕ Selected alpha: 0.70 (Tuned on 239 val samples)

   рЯПЖ Pure CIL Metrics -> AIA: 93.76% | Forgetting: 1.39%
вЬЕ Memory comparison saved вЖТ outputs/memory_comparison_imagenet_r_dinov3.png / .svg
рЯФД Preparing Dataset: IMAGENET_R...
   рЯУР Preprocessing: 224px, norm=custom
вЬЕ ImageNet-R found at ./data/imagenet-r
вДєпЄП  Note: ImageNet-R is a single folder. Train/Test splitting happens in main.py.
вЬЕ Loaded 30000 images. Classes expected: 200
рЯТЊ Loading cached dinov3 features for imagenet_r (Train)...

рЯМ± --- Starting Run with Seed: 42 ---
   рЯУ¶ Stream samples: 21601 | Val samples: 2395
   рЯЪА Training Bio-Inspired Graph (Hippocampus + Cortex)...

   рЯМА --- PURE CIL MODE SCENARIO ---

   рЯУЪ Training Task 1/10
вЬЕ Bio-Graph Training Complete.
   рЯФО Tuned best alpha=0.00 (Val Acc: 98.1%)
   -> AIA after Task 1: 98.76% | Breakdown: ['98.8%']

   рЯУЪ Training Task 2/10
вЬЕ Bio-Graph Training Complete.
   рЯФО Tuned best alpha=0.00 (Val Acc: 98.0%)
   -> AIA after Task 2: 98.33% | Breakdown: ['98.5%', '98.2%']

   рЯУЪ Training Task 3/10
вЬЕ Bio-Graph Training Complete.
   рЯФО Tuned best alpha=0.30 (Val Acc: 96.5%)
   -> AIA after Task 3: 95.88% | Breakdown: ['98.5%', '97.9%', '91.3%']

   рЯУЪ Training Task 4/10
вЬЕ Bio-Graph Training Complete.
   рЯФО Tuned best alpha=0.00 (Val Acc: 96.3%)
   -> AIA after Task 4: 95.43% | Breakdown: ['98.5%', '97.9%', '90.8%', '94.5%']

   рЯУЪ Training Task 5/10
вЬЕ Bio-Graph Training Complete.
   рЯФО Tuned best alpha=0.30 (Val Acc: 96.3%)
   -> AIA after Task 5: 95.37% | Breakdown: ['98.1%', '97.1%', '91.0%', '93.9%', '96.7%']

   рЯУЪ Training Task 6/10
вЬЕ Bio-Graph Training Complete.
   рЯФО Tuned best alpha=0.30 (Val Acc: 96.0%)
   -> AIA after Task 6: 95.79% | Breakdown: ['98.5%', '97.2%', '91.7%', '93.5%', '96.9%', '96.9%']

   рЯУЪ Training Task 7/10
вЬЕ Bio-Graph Training Complete.
   рЯФО Tuned best alpha=1.00 (Val Acc: 95.1%)
   -> AIA after Task 7: 94.91% | Breakdown: ['98.0%', '96.5%', '91.5%', '93.4%', '96.9%', '96.2%', '91.9%']

   рЯУЪ Training Task 8/10
вЬЕ Bio-Graph Training Complete.
   рЯФО Tuned best alpha=0.00 (Val Acc: 95.0%)
   -> AIA after Task 8: 94.52% | Breakdown: ['97.5%', '96.4%', '91.0%', '93.4%', '96.3%', '96.4%', '91.7%', '93.4%']

   рЯУЪ Training Task 9/10
вЬЕ Bio-Graph Training Complete.
   рЯФО Tuned best alpha=1.00 (Val Acc: 94.9%)
   -> AIA after Task 9: 94.82% | Breakdown: ['97.8%', '96.5%', '92.2%', '93.7%', '96.4%', '96.9%', '91.4%', '92.5%', '95.8%']

   рЯУЪ Training Task 10/10
вЬЕ Bio-Graph Training Complete.
   рЯФО Tuned best alpha=0.30 (Val Acc: 95.4%)
   -> AIA after Task 10: 94.98% | Breakdown: ['98.1%', '96.3%', '92.2%', '94.5%', '96.7%', '96.6%', '91.6%', '92.8%', '95.8%', '95.2%']
вЬЕ Memory trace saved вЖТ outputs/memory_trace_imagenet_r_dinov3.png / .svg
   рЯІ† Bio-Graph Memory Footprint: 380.37 MB
   вЬЕ Selected alpha: 0.00 (Tuned on 239 val samples)

   рЯПЖ Pure CIL Metrics -> AIA: 94.98% | Forgetting: 0.45%
вЬЕ Memory comparison saved вЖТ outputs/memory_comparison_imagenet_r_dinov3.png / .svg
рЯФД Preparing Dataset: IMAGENET_R...
   рЯУР Preprocessing: 224px, norm=custom
вЬЕ ImageNet-R found at ./data/imagenet-r
вДєпЄП  Note: ImageNet-R is a single folder. Train/Test splitting happens in main.py.
вЬЕ Loaded 30000 images. Classes expected: 200
рЯТЊ Loading cached dinov3 features for imagenet_r (Train)...

рЯМ± --- Starting Run with Seed: 42 ---
   рЯУ¶ Stream samples: 21601 | Val samples: 2395
   рЯЪА Training Bio-Inspired Graph (Hippocampus + Cortex)...

   рЯМА --- PURE CIL MODE SCENARIO ---

   рЯУЪ Training Task 1/10
вЬЕ Bio-Graph Training Complete.
   рЯФО Tuned best alpha=0.00 (Val Acc: 98.1%)
   -> AIA after Task 1: 98.92% | Breakdown: ['98.9%']

   рЯУЪ Training Task 2/10
вЬЕ Bio-Graph Training Complete.
   рЯФО Tuned best alpha=0.00 (Val Acc: 98.2%)
   -> AIA after Task 2: 98.31% | Breakdown: ['98.1%', '98.5%']

   рЯУЪ Training Task 3/10
вЬЕ Bio-Graph Training Complete.
   рЯФО Tuned best alpha=1.00 (Val Acc: 96.8%)
   -> AIA after Task 3: 95.83% | Breakdown: ['98.5%', '97.8%', '91.3%']

   рЯУЪ Training Task 4/10
вЬЕ Bio-Graph Training Complete.
   рЯФО Tuned best alpha=0.00 (Val Acc: 96.4%)
   -> AIA after Task 4: 95.38% | Breakdown: ['98.3%', '97.9%', '91.3%', '94.0%']

   рЯУЪ Training Task 5/10
вЬЕ Bio-Graph Training Complete.
   рЯФО Tuned best alpha=0.30 (Val Acc: 96.3%)
   -> AIA after Task 5: 95.48% | Breakdown: ['98.3%', '97.5%', '91.3%', '93.9%', '96.4%']

   рЯУЪ Training Task 6/10
вЬЕ Bio-Graph Training Complete.
   рЯФО Tuned best alpha=0.00 (Val Acc: 95.9%)
   -> AIA after Task 6: 95.60% | Breakdown: ['98.1%', '96.8%', '92.0%', '93.4%', '96.6%', '96.8%']

   рЯУЪ Training Task 7/10
вЬЕ Bio-Graph Training Complete.
   рЯФО Tuned best alpha=1.00 (Val Acc: 95.3%)
   -> AIA after Task 7: 95.03% | Breakdown: ['98.0%', '96.4%', '91.7%', '93.9%', '96.7%', '96.2%', '92.3%']

   рЯУЪ Training Task 8/10
вЬЕ Bio-Graph Training Complete.
   рЯФО Tuned best alpha=0.50 (Val Acc: 95.2%)
   -> AIA after Task 8: 94.62% | Breakdown: ['97.7%', '96.4%', '91.5%', '93.2%', '96.4%', '96.2%', '91.9%', '93.6%']

   рЯУЪ Training Task 9/10
вЬЕ Bio-Graph Training Complete.
   рЯФО Tuned best alpha=1.00 (Val Acc: 95.0%)
   -> AIA after Task 9: 95.00% | Breakdown: ['98.1%', '96.7%', '92.2%', '94.2%', '96.3%', '96.9%', '91.6%', '93.0%', '96.0%']

   рЯУЪ Training Task 10/10
вЬЕ Bio-Graph Training Complete.
   рЯФО Tuned best alpha=0.00 (Val Acc: 95.4%)
   -> AIA after Task 10: 94.95% | Breakdown: ['98.1%', '96.7%', '92.0%', '94.4%', '96.7%', '96.4%', '91.7%', '92.8%', '95.7%', '95.1%']
вЬЕ Memory trace saved вЖТ outputs/memory_trace_imagenet_r_dinov3.png / .svg
   рЯІ† Bio-Graph Memory Footprint: 382.93 MB
   вЬЕ Selected alpha: 0.00 (Tuned on 239 val samples)

   рЯПЖ Pure CIL Metrics -> AIA: 94.95% | Forgetting: 0.56%
вЬЕ Memory comparison saved вЖТ outputs/memory_comparison_imagenet_r_dinov3.png / .svg

вЬЕ Ablations complete. Saved to results/ablation_dinov3_imagenet_r.json
