🔄 Preparing Dataset: TINYIMAGENET...
   📐 Preprocessing: 224px, norm=custom
✅ Tiny-ImageNet found at ./data/tiny-imagenet-200
✅ Loaded 100000 images. Classes expected: 200
💾 Loading cached resnet50 features for tinyimagenet (Train)...

🚀 [1/3] Component Ablation Table...

📏 Running Standalone NCM Baseline (Stage 1 Logic)...
🔄 Preparing Dataset: TINYIMAGENET...
   📐 Preprocessing: 224px, norm=custom
✅ Tiny-ImageNet found at ./data/tiny-imagenet-200
✅ Loaded 100000 images. Classes expected: 200
💾 Loading cached resnet50 features for tinyimagenet (Train)...

🌱 --- Starting Run with Seed: 42 ---
   📦 Stream samples: 72000 | Val samples: 8000
   🚀 Training Bio-Inspired Graph (Hippocampus + Cortex)...

   🌀 --- PURE CIL MODE SCENARIO ---

   📚 Training Task 1/20
✅ Bio-Graph Training Complete.
   ℹ️  Fixed Alpha Ablation: Using alpha=0.00
   -> AIA after Task 1: 73.70% | Breakdown: ['73.7%']

   📚 Training Task 2/20
✅ Bio-Graph Training Complete.
   ℹ️  Fixed Alpha Ablation: Using alpha=0.00
   -> AIA after Task 2: 73.20% | Breakdown: ['72.0%', '74.4%']

   📚 Training Task 3/20
✅ Bio-Graph Training Complete.
   ℹ️  Fixed Alpha Ablation: Using alpha=0.00
   -> AIA after Task 3: 73.87% | Breakdown: ['71.7%', '73.1%', '76.8%']

   📚 Training Task 4/20
✅ Bio-Graph Training Complete.
   ℹ️  Fixed Alpha Ablation: Using alpha=0.00
   -> AIA after Task 4: 72.20% | Breakdown: ['72.2%', '71.0%', '74.0%', '71.6%']

   📚 Training Task 5/20
✅ Bio-Graph Training Complete.
   ℹ️  Fixed Alpha Ablation: Using alpha=0.00
   -> AIA after Task 5: 69.86% | Breakdown: ['69.5%', '69.5%', '74.1%', '68.6%', '67.6%']

   📚 Training Task 6/20
✅ Bio-Graph Training Complete.
   ℹ️  Fixed Alpha Ablation: Using alpha=0.00
   -> AIA after Task 6: 71.07% | Breakdown: ['70.5%', '71.3%', '74.5%', '66.7%', '66.7%', '76.7%']

   📚 Training Task 7/20
✅ Bio-Graph Training Complete.
   ℹ️  Fixed Alpha Ablation: Using alpha=0.00
   -> AIA after Task 7: 72.83% | Breakdown: ['70.8%', '72.3%', '76.0%', '67.7%', '68.0%', '77.2%', '77.8%']

   📚 Training Task 8/20
✅ Bio-Graph Training Complete.
   ℹ️  Fixed Alpha Ablation: Using alpha=0.00
   -> AIA after Task 8: 73.69% | Breakdown: ['70.6%', '72.3%', '76.6%', '68.1%', '68.2%', '77.4%', '77.9%', '78.4%']

   📚 Training Task 9/20
✅ Bio-Graph Training Complete.
   ℹ️  Fixed Alpha Ablation: Using alpha=0.00
   -> AIA after Task 9: 74.32% | Breakdown: ['70.6%', '73.4%', '77.8%', '68.7%', '69.9%', '77.9%', '76.9%', '75.8%', '77.9%']

   📚 Training Task 10/20
✅ Bio-Graph Training Complete.
   ℹ️  Fixed Alpha Ablation: Using alpha=0.00
   -> AIA after Task 10: 74.16% | Breakdown: ['70.3%', '73.1%', '77.7%', '67.9%', '69.5%', '78.0%', '74.4%', '74.4%', '76.7%', '79.6%']

   📚 Training Task 11/20
✅ Bio-Graph Training Complete.
   ℹ️  Fixed Alpha Ablation: Using alpha=0.00
   -> AIA after Task 11: 74.32% | Breakdown: ['71.4%', '73.3%', '77.3%', '68.5%', '69.8%', '78.0%', '74.4%', '72.6%', '75.6%', '79.4%', '77.2%']

   📚 Training Task 12/20
✅ Bio-Graph Training Complete.
   ℹ️  Fixed Alpha Ablation: Using alpha=0.00
   -> AIA after Task 12: 74.02% | Breakdown: ['71.5%', '73.6%', '77.3%', '68.7%', '69.7%', '78.1%', '72.9%', '71.1%', '74.8%', '78.0%', '75.2%', '77.4%']

   📚 Training Task 13/20
✅ Bio-Graph Training Complete.
   ℹ️  Fixed Alpha Ablation: Using alpha=0.00
   -> AIA after Task 13: 73.34% | Breakdown: ['71.6%', '74.4%', '78.2%', '68.0%', '69.7%', '78.2%', '71.9%', '70.5%', '73.3%', '77.3%', '74.0%', '77.3%', '69.0%']

   📚 Training Task 14/20
✅ Bio-Graph Training Complete.
   ℹ️  Fixed Alpha Ablation: Using alpha=0.00
   -> AIA after Task 14: 71.82% | Breakdown: ['71.4%', '74.3%', '77.4%', '68.4%', '70.0%', '78.5%', '71.2%', '68.6%', '70.6%', '75.9%', '73.4%', '76.6%', '67.6%', '61.6%']

   📚 Training Task 15/20
✅ Bio-Graph Training Complete.
   ℹ️  Fixed Alpha Ablation: Using alpha=0.00
   -> AIA after Task 15: 71.90% | Breakdown: ['71.0%', '72.9%', '77.4%', '69.5%', '69.0%', '79.1%', '71.1%', '67.9%', '69.9%', '75.2%', '74.9%', '75.8%', '67.7%', '60.9%', '76.2%']

   📚 Training Task 16/20
✅ Bio-Graph Training Complete.
   ℹ️  Fixed Alpha Ablation: Using alpha=0.00
   -> AIA after Task 16: 70.67% | Breakdown: ['71.4%', '73.1%', '77.9%', '67.9%', '68.1%', '79.1%', '71.2%', '66.3%', '68.8%', '73.0%', '73.0%', '74.5%', '66.8%', '60.4%', '74.7%', '64.6%']

   📚 Training Task 17/20
✅ Bio-Graph Training Complete.
   ℹ️  Fixed Alpha Ablation: Using alpha=0.00
   -> AIA after Task 17: 70.38% | Breakdown: ['70.5%', '72.6%', '76.9%', '68.5%', '69.2%', '78.7%', '69.9%', '65.7%', '68.9%', '72.4%', '73.1%', '72.6%', '65.4%', '60.3%', '75.2%', '64.5%', '72.0%']

   📚 Training Task 18/20
✅ Bio-Graph Training Complete.
   ℹ️  Fixed Alpha Ablation: Using alpha=0.00
   -> AIA after Task 18: 69.91% | Breakdown: ['70.2%', '73.2%', '77.7%', '68.3%', '69.7%', '78.7%', '69.7%', '66.0%', '68.2%', '71.1%', '70.8%', '71.8%', '66.0%', '59.4%', '74.7%', '63.4%', '72.5%', '67.0%']

   📚 Training Task 19/20
✅ Bio-Graph Training Complete.
   ℹ️  Fixed Alpha Ablation: Using alpha=0.00
   -> AIA after Task 19: 70.00% | Breakdown: ['70.1%', '71.7%', '78.4%', '67.9%', '68.6%', '79.3%', '69.9%', '66.2%', '68.4%', '71.8%', '71.2%', '71.7%', '66.3%', '58.9%', '74.7%', '62.8%', '72.7%', '64.8%', '74.6%']

   📚 Training Task 20/20
✅ Bio-Graph Training Complete.
   ℹ️  Fixed Alpha Ablation: Using alpha=0.00
   -> AIA after Task 20: 69.34% | Breakdown: ['69.6%', '69.9%', '77.5%', '68.1%', '68.2%', '79.2%', '69.5%', '65.9%', '67.5%', '70.0%', '70.1%', '71.8%', '66.1%', '58.1%', '74.1%', '61.8%', '71.7%', '62.1%', '73.1%', '72.5%']
✅ Memory trace saved → outputs/memory_trace_tinyimagenet_resnet50.png / .svg
   🧠 Bio-Graph Memory Footprint: 241.87 MB
   ℹ️  Fixed Alpha Ablation: Using alpha=0.00 (Tuning skipped)

   🏆 Pure CIL Metrics -> AIA: 69.34% | Forgetting: 4.59%
✅ Memory comparison saved → outputs/memory_comparison_tinyimagenet_resnet50.png / .svg
🔄 Preparing Dataset: TINYIMAGENET...
   📐 Preprocessing: 224px, norm=custom
✅ Tiny-ImageNet found at ./data/tiny-imagenet-200
✅ Loaded 100000 images. Classes expected: 200
💾 Loading cached resnet50 features for tinyimagenet (Train)...

🌱 --- Starting Run with Seed: 42 ---
   📦 Stream samples: 72000 | Val samples: 8000
   🚀 Training Bio-Inspired Graph (Hippocampus + Cortex)...

   🌀 --- PURE CIL MODE SCENARIO ---

   📚 Training Task 1/20
✅ Bio-Graph Training Complete.
   ℹ️  Fixed Alpha Ablation: Using alpha=1.00
   -> AIA after Task 1: 74.40% | Breakdown: ['74.4%']

   📚 Training Task 2/20
✅ Bio-Graph Training Complete.
   ℹ️  Fixed Alpha Ablation: Using alpha=1.00
   -> AIA after Task 2: 74.10% | Breakdown: ['72.7%', '75.5%']

   📚 Training Task 3/20
✅ Bio-Graph Training Complete.
   ℹ️  Fixed Alpha Ablation: Using alpha=1.00
   -> AIA after Task 3: 74.20% | Breakdown: ['71.7%', '74.2%', '76.7%']

   📚 Training Task 4/20
✅ Bio-Graph Training Complete.
   ℹ️  Fixed Alpha Ablation: Using alpha=1.00
   -> AIA after Task 4: 72.60% | Breakdown: ['72.0%', '71.9%', '74.5%', '72.0%']

   📚 Training Task 5/20
✅ Bio-Graph Training Complete.
   ℹ️  Fixed Alpha Ablation: Using alpha=1.00
   -> AIA after Task 5: 70.44% | Breakdown: ['69.3%', '71.5%', '74.7%', '68.9%', '67.8%']

   📚 Training Task 6/20
✅ Bio-Graph Training Complete.
   ℹ️  Fixed Alpha Ablation: Using alpha=1.00
   -> AIA after Task 6: 71.18% | Breakdown: ['69.4%', '71.7%', '75.4%', '68.0%', '66.6%', '76.0%']

   📚 Training Task 7/20
✅ Bio-Graph Training Complete.
   ℹ️  Fixed Alpha Ablation: Using alpha=1.00
   -> AIA after Task 7: 72.93% | Breakdown: ['69.9%', '73.0%', '76.0%', '68.2%', '67.8%', '77.5%', '78.1%']

   📚 Training Task 8/20
✅ Bio-Graph Training Complete.
   ℹ️  Fixed Alpha Ablation: Using alpha=1.00
   -> AIA after Task 8: 74.17% | Breakdown: ['70.9%', '73.6%', '77.4%', '68.9%', '67.8%', '77.2%', '78.6%', '79.0%']

   📚 Training Task 9/20
✅ Bio-Graph Training Complete.
   ℹ️  Fixed Alpha Ablation: Using alpha=1.00
   -> AIA after Task 9: 74.41% | Breakdown: ['71.2%', '73.7%', '77.8%', '68.9%', '70.2%', '77.4%', '75.6%', '76.8%', '78.1%']

   📚 Training Task 10/20
✅ Bio-Graph Training Complete.
   ℹ️  Fixed Alpha Ablation: Using alpha=1.00
   -> AIA after Task 10: 74.57% | Breakdown: ['70.9%', '74.4%', '78.0%', '67.9%', '69.7%', '77.6%', '74.1%', '75.4%', '77.6%', '80.1%']

   📚 Training Task 11/20
✅ Bio-Graph Training Complete.
   ℹ️  Fixed Alpha Ablation: Using alpha=1.00
   -> AIA after Task 11: 74.85% | Breakdown: ['71.6%', '75.2%', '77.6%', '67.8%', '70.7%', '77.7%', '74.8%', '74.0%', '76.6%', '79.5%', '77.9%']

   📚 Training Task 12/20
✅ Bio-Graph Training Complete.
   ℹ️  Fixed Alpha Ablation: Using alpha=1.00
   -> AIA after Task 12: 74.60% | Breakdown: ['71.0%', '74.7%', '78.0%', '69.2%', '70.3%', '77.9%', '73.8%', '72.6%', '75.3%', '78.5%', '76.5%', '77.4%']

   📚 Training Task 13/20
✅ Bio-Graph Training Complete.
   ℹ️  Fixed Alpha Ablation: Using alpha=1.00
   -> AIA after Task 13: 74.00% | Breakdown: ['71.5%', '74.9%', '78.5%', '68.8%', '70.0%', '79.0%', '72.7%', '71.8%', '74.1%', '77.5%', '75.7%', '77.9%', '69.6%']

   📚 Training Task 14/20
✅ Bio-Graph Training Complete.
   ℹ️  Fixed Alpha Ablation: Using alpha=1.00
   -> AIA after Task 14: 72.48% | Breakdown: ['71.7%', '74.9%', '77.9%', '69.7%', '70.7%', '78.3%', '71.5%', '69.6%', '73.2%', '75.5%', '74.2%', '76.7%', '68.6%', '62.2%']

   📚 Training Task 15/20
✅ Bio-Graph Training Complete.
   ℹ️  Fixed Alpha Ablation: Using alpha=1.00
   -> AIA after Task 15: 72.64% | Breakdown: ['71.8%', '74.8%', '77.6%', '70.8%', '70.2%', '79.0%', '71.1%', '68.8%', '72.2%', '74.5%', '74.5%', '75.8%', '68.1%', '62.5%', '77.9%']

   📚 Training Task 16/20
✅ Bio-Graph Training Complete.
   ℹ️  Fixed Alpha Ablation: Using alpha=1.00
   -> AIA after Task 16: 71.47% | Breakdown: ['71.1%', '74.5%', '77.7%', '69.8%', '68.9%', '79.5%', '70.2%', '68.2%', '71.5%', '72.5%', '73.8%', '75.4%', '67.3%', '62.2%', '76.4%', '64.6%']

   📚 Training Task 17/20
✅ Bio-Graph Training Complete.
   ℹ️  Fixed Alpha Ablation: Using alpha=1.00
   -> AIA after Task 17: 71.23% | Breakdown: ['71.4%', '74.8%', '77.8%', '69.3%', '69.5%', '78.9%', '69.8%', '67.7%', '70.5%', '71.9%', '73.4%', '73.4%', '67.4%', '61.4%', '76.6%', '64.6%', '72.5%']

   📚 Training Task 18/20
✅ Bio-Graph Training Complete.
   ℹ️  Fixed Alpha Ablation: Using alpha=1.00
   -> AIA after Task 18: 70.68% | Breakdown: ['71.0%', '73.9%', '78.6%', '69.1%', '69.6%', '78.6%', '68.7%', '67.4%', '70.0%', '71.3%', '71.3%', '72.6%', '66.9%', '61.1%', '76.1%', '64.2%', '72.7%', '69.2%']

   📚 Training Task 19/20
✅ Bio-Graph Training Complete.
   ℹ️  Fixed Alpha Ablation: Using alpha=1.00
   -> AIA after Task 19: 70.74% | Breakdown: ['70.4%', '72.1%', '78.9%', '68.4%', '68.9%', '79.0%', '69.5%', '67.7%', '70.4%', '71.6%', '70.9%', '72.7%', '67.0%', '60.7%', '77.3%', '63.7%', '72.9%', '65.8%', '76.1%']

   📚 Training Task 20/20
✅ Bio-Graph Training Complete.
   ℹ️  Fixed Alpha Ablation: Using alpha=1.00
   -> AIA after Task 20: 70.35% | Breakdown: ['70.7%', '70.8%', '78.4%', '69.0%', '69.2%', '78.7%', '69.7%', '67.2%', '69.8%', '70.1%', '69.8%', '73.6%', '67.5%', '59.5%', '76.8%', '63.2%', '72.7%', '64.0%', '74.3%', '72.0%']
✅ Memory trace saved → outputs/memory_trace_tinyimagenet_resnet50.png / .svg
   🧠 Bio-Graph Memory Footprint: 241.87 MB
   ℹ️  Fixed Alpha Ablation: Using alpha=1.00 (Tuning skipped)

   🏆 Pure CIL Metrics -> AIA: 70.35% | Forgetting: 4.23%
✅ Memory comparison saved → outputs/memory_comparison_tinyimagenet_resnet50.png / .svg
🔄 Preparing Dataset: TINYIMAGENET...
   📐 Preprocessing: 224px, norm=custom
✅ Tiny-ImageNet found at ./data/tiny-imagenet-200
✅ Loaded 100000 images. Classes expected: 200
💾 Loading cached resnet50 features for tinyimagenet (Train)...

🌱 --- Starting Run with Seed: 42 ---
   📦 Stream samples: 72000 | Val samples: 8000
   🚀 Training Bio-Inspired Graph (Hippocampus + Cortex)...

   🌀 --- PURE CIL MODE SCENARIO ---

   📚 Training Task 1/20
✅ Bio-Graph Training Complete.
   🔎 Tuned best alpha=0.30 (Val Acc: 74.8%)
   -> AIA after Task 1: 74.10% | Breakdown: ['74.1%']

   📚 Training Task 2/20
✅ Bio-Graph Training Complete.
   🔎 Tuned best alpha=0.70 (Val Acc: 72.7%)
   -> AIA after Task 2: 73.95% | Breakdown: ['72.6%', '75.3%']

   📚 Training Task 3/20
✅ Bio-Graph Training Complete.
   🔎 Tuned best alpha=0.70 (Val Acc: 73.9%)
   -> AIA after Task 3: 74.17% | Breakdown: ['71.8%', '73.9%', '76.8%']

   📚 Training Task 4/20
✅ Bio-Graph Training Complete.
   🔎 Tuned best alpha=0.90 (Val Acc: 72.5%)
   -> AIA after Task 4: 72.62% | Breakdown: ['72.2%', '71.6%', '74.7%', '72.0%']

   📚 Training Task 5/20
✅ Bio-Graph Training Complete.
   🔎 Tuned best alpha=0.50 (Val Acc: 70.9%)
   -> AIA after Task 5: 70.50% | Breakdown: ['69.4%', '71.1%', '74.9%', '69.1%', '68.0%']

   📚 Training Task 6/20
✅ Bio-Graph Training Complete.
   🔎 Tuned best alpha=0.30 (Val Acc: 71.6%)
   -> AIA after Task 6: 71.20% | Breakdown: ['69.8%', '71.9%', '75.0%', '67.6%', '66.5%', '76.4%']

   📚 Training Task 7/20
✅ Bio-Graph Training Complete.
   🔎 Tuned best alpha=1.00 (Val Acc: 74.0%)
   -> AIA after Task 7: 72.93% | Breakdown: ['69.9%', '73.0%', '76.0%', '68.2%', '67.8%', '77.5%', '78.1%']

   📚 Training Task 8/20
✅ Bio-Graph Training Complete.
   🔎 Tuned best alpha=1.00 (Val Acc: 75.3%)
   -> AIA after Task 8: 74.17% | Breakdown: ['70.9%', '73.6%', '77.4%', '68.9%', '67.8%', '77.2%', '78.6%', '79.0%']

   📚 Training Task 9/20
✅ Bio-Graph Training Complete.
   🔎 Tuned best alpha=0.70 (Val Acc: 75.2%)
   -> AIA after Task 9: 74.39% | Breakdown: ['71.1%', '73.6%', '77.6%', '69.1%', '70.0%', '77.7%', '76.1%', '76.1%', '78.2%']

   📚 Training Task 10/20
✅ Bio-Graph Training Complete.
   🔎 Tuned best alpha=0.90 (Val Acc: 74.4%)
   -> AIA after Task 10: 74.45% | Breakdown: ['70.6%', '73.7%', '77.7%', '68.2%', '69.8%', '77.8%', '74.8%', '75.0%', '77.1%', '79.8%']

   📚 Training Task 11/20
✅ Bio-Graph Training Complete.
   🔎 Tuned best alpha=1.00 (Val Acc: 74.4%)
   -> AIA after Task 11: 74.85% | Breakdown: ['71.6%', '75.2%', '77.6%', '67.8%', '70.7%', '77.7%', '74.8%', '74.0%', '76.6%', '79.5%', '77.9%']

   📚 Training Task 12/20
✅ Bio-Graph Training Complete.
   🔎 Tuned best alpha=1.00 (Val Acc: 74.7%)
   -> AIA after Task 12: 74.60% | Breakdown: ['71.0%', '74.7%', '78.0%', '69.2%', '70.3%', '77.9%', '73.8%', '72.6%', '75.3%', '78.5%', '76.5%', '77.4%']

   📚 Training Task 13/20
✅ Bio-Graph Training Complete.
   🔎 Tuned best alpha=1.00 (Val Acc: 74.2%)
   -> AIA after Task 13: 74.00% | Breakdown: ['71.5%', '74.9%', '78.5%', '68.8%', '70.0%', '79.0%', '72.7%', '71.8%', '74.1%', '77.5%', '75.7%', '77.9%', '69.6%']

   📚 Training Task 14/20
✅ Bio-Graph Training Complete.
   🔎 Tuned best alpha=1.00 (Val Acc: 73.2%)
   -> AIA after Task 14: 72.48% | Breakdown: ['71.7%', '74.9%', '77.9%', '69.7%', '70.7%', '78.3%', '71.5%', '69.6%', '73.2%', '75.5%', '74.2%', '76.7%', '68.6%', '62.2%']

   📚 Training Task 15/20
✅ Bio-Graph Training Complete.
   🔎 Tuned best alpha=1.00 (Val Acc: 72.5%)
   -> AIA after Task 15: 72.64% | Breakdown: ['71.8%', '74.8%', '77.6%', '70.8%', '70.2%', '79.0%', '71.1%', '68.8%', '72.2%', '74.5%', '74.5%', '75.8%', '68.1%', '62.5%', '77.9%']

   📚 Training Task 16/20
✅ Bio-Graph Training Complete.
   🔎 Tuned best alpha=1.00 (Val Acc: 71.5%)
   -> AIA after Task 16: 71.47% | Breakdown: ['71.1%', '74.5%', '77.7%', '69.8%', '68.9%', '79.5%', '70.2%', '68.2%', '71.5%', '72.5%', '73.8%', '75.4%', '67.3%', '62.2%', '76.4%', '64.6%']

   📚 Training Task 17/20
✅ Bio-Graph Training Complete.
   🔎 Tuned best alpha=0.90 (Val Acc: 71.2%)
   -> AIA after Task 17: 71.28% | Breakdown: ['71.2%', '74.8%', '77.8%', '69.2%', '69.8%', '79.3%', '69.9%', '67.4%', '70.5%', '72.1%', '73.7%', '73.8%', '67.4%', '61.1%', '76.4%', '64.7%', '72.6%']

   📚 Training Task 18/20
✅ Bio-Graph Training Complete.
   🔎 Tuned best alpha=1.00 (Val Acc: 70.7%)
   -> AIA after Task 18: 70.68% | Breakdown: ['71.0%', '73.9%', '78.6%', '69.1%', '69.6%', '78.6%', '68.7%', '67.4%', '70.0%', '71.3%', '71.3%', '72.6%', '66.9%', '61.1%', '76.1%', '64.2%', '72.7%', '69.2%']

   📚 Training Task 19/20
✅ Bio-Graph Training Complete.
   🔎 Tuned best alpha=0.30 (Val Acc: 70.6%)
   -> AIA after Task 19: 70.75% | Breakdown: ['70.5%', '72.7%', '79.5%', '69.4%', '68.9%', '79.6%', '69.3%', '66.9%', '69.6%', '71.6%', '71.8%', '72.7%', '66.9%', '60.5%', '76.9%', '63.2%', '72.9%', '65.8%', '75.6%']

   📚 Training Task 20/20
✅ Bio-Graph Training Complete.
   🔎 Tuned best alpha=0.70 (Val Acc: 70.5%)
   -> AIA after Task 20: 70.20% | Breakdown: ['70.6%', '70.4%', '78.0%', '69.1%', '69.1%', '79.0%', '69.5%', '66.6%', '69.3%', '69.9%', '70.3%', '73.2%', '67.1%', '60.0%', '76.5%', '62.3%', '72.6%', '63.7%', '74.0%', '72.8%']
✅ Memory trace saved → outputs/memory_trace_tinyimagenet_resnet50.png / .svg
   🧠 Bio-Graph Memory Footprint: 241.87 MB
   ✅ Selected alpha: 0.50 (Tuned on 800 val samples)

   🏆 Pure CIL Metrics -> AIA: 70.20% | Forgetting: 4.41%
✅ Memory comparison saved → outputs/memory_comparison_tinyimagenet_resnet50.png / .svg

🚀 [2/3] Lambda Sweep...
🔄 Preparing Dataset: TINYIMAGENET...
   📐 Preprocessing: 224px, norm=custom
✅ Tiny-ImageNet found at ./data/tiny-imagenet-200
✅ Loaded 100000 images. Classes expected: 200
💾 Loading cached resnet50 features for tinyimagenet (Train)...

🌱 --- Starting Run with Seed: 42 ---
   📦 Stream samples: 72000 | Val samples: 8000
   🚀 Training Bio-Inspired Graph (Hippocampus + Cortex)...

   🌀 --- PURE CIL MODE SCENARIO ---

   📚 Training Task 1/20
✅ Bio-Graph Training Complete.
   🔎 Tuned best alpha=0.30 (Val Acc: 74.8%)
   -> AIA after Task 1: 74.10% | Breakdown: ['74.1%']

   📚 Training Task 2/20
✅ Bio-Graph Training Complete.
   🔎 Tuned best alpha=0.70 (Val Acc: 72.7%)
   -> AIA after Task 2: 73.95% | Breakdown: ['72.6%', '75.3%']

   📚 Training Task 3/20
✅ Bio-Graph Training Complete.
   🔎 Tuned best alpha=0.70 (Val Acc: 73.8%)
   -> AIA after Task 3: 74.10% | Breakdown: ['71.4%', '74.0%', '76.9%']

   📚 Training Task 4/20
✅ Bio-Graph Training Complete.
   🔎 Tuned best alpha=1.00 (Val Acc: 72.6%)
   -> AIA after Task 4: 72.78% | Breakdown: ['71.6%', '72.0%', '75.0%', '72.5%']

   📚 Training Task 5/20
✅ Bio-Graph Training Complete.
   🔎 Tuned best alpha=0.30 (Val Acc: 70.5%)
   -> AIA after Task 5: 70.26% | Breakdown: ['69.3%', '70.9%', '74.3%', '68.5%', '68.3%']

   📚 Training Task 6/20
✅ Bio-Graph Training Complete.
   🔎 Tuned best alpha=1.00 (Val Acc: 71.6%)
   -> AIA after Task 6: 71.08% | Breakdown: ['69.0%', '71.3%', '75.3%', '67.2%', '66.8%', '76.9%']

   📚 Training Task 7/20
✅ Bio-Graph Training Complete.
   🔎 Tuned best alpha=0.80 (Val Acc: 73.9%)
   -> AIA after Task 7: 72.87% | Breakdown: ['70.1%', '72.6%', '75.7%', '68.0%', '67.6%', '77.9%', '78.2%']

   📚 Training Task 8/20
✅ Bio-Graph Training Complete.
   🔎 Tuned best alpha=1.00 (Val Acc: 74.9%)
   -> AIA after Task 8: 74.16% | Breakdown: ['70.8%', '73.5%', '77.5%', '68.9%', '67.5%', '77.9%', '78.5%', '78.7%']

   📚 Training Task 9/20
✅ Bio-Graph Training Complete.
   🔎 Tuned best alpha=0.30 (Val Acc: 75.2%)
   -> AIA after Task 9: 74.53% | Breakdown: ['70.9%', '73.4%', '77.7%', '69.0%', '69.9%', '77.9%', '76.5%', '76.8%', '78.7%']

   📚 Training Task 10/20
✅ Bio-Graph Training Complete.
   🔎 Tuned best alpha=0.90 (Val Acc: 74.6%)
   -> AIA after Task 10: 74.65% | Breakdown: ['71.1%', '74.2%', '78.1%', '68.0%', '70.1%', '78.5%', '74.7%', '75.1%', '77.0%', '79.7%']

   📚 Training Task 11/20
✅ Bio-Graph Training Complete.
   🔎 Tuned best alpha=1.00 (Val Acc: 74.5%)
   -> AIA after Task 11: 74.84% | Breakdown: ['71.5%', '75.3%', '77.7%', '67.9%', '70.2%', '78.0%', '74.8%', '74.2%', '76.4%', '79.3%', '77.9%']

   📚 Training Task 12/20
✅ Bio-Graph Training Complete.
   🔎 Tuned best alpha=0.80 (Val Acc: 74.8%)
   -> AIA after Task 12: 74.59% | Breakdown: ['71.3%', '74.4%', '77.6%', '69.1%', '70.2%', '78.4%', '73.8%', '72.6%', '75.4%', '78.3%', '76.6%', '77.4%']

   📚 Training Task 13/20
✅ Bio-Graph Training Complete.
   🔎 Tuned best alpha=1.00 (Val Acc: 74.1%)
   -> AIA after Task 13: 73.89% | Breakdown: ['71.2%', '74.9%', '78.4%', '68.7%', '69.5%', '78.9%', '72.1%', '72.2%', '74.4%', '77.3%', '75.6%', '78.0%', '69.4%']

   📚 Training Task 14/20
✅ Bio-Graph Training Complete.
   🔎 Tuned best alpha=1.00 (Val Acc: 73.0%)
   -> AIA after Task 14: 72.55% | Breakdown: ['71.4%', '74.9%', '78.0%', '69.7%', '70.0%', '78.6%', '72.1%', '69.3%', '72.9%', '76.2%', '74.6%', '76.9%', '68.9%', '62.2%']

   📚 Training Task 15/20
✅ Bio-Graph Training Complete.
   🔎 Tuned best alpha=0.70 (Val Acc: 72.4%)
   -> AIA after Task 15: 72.79% | Breakdown: ['72.0%', '74.8%', '78.3%', '70.3%', '69.9%', '79.6%', '71.3%', '68.9%', '72.0%', '75.2%', '74.3%', '76.1%', '68.5%', '62.8%', '77.8%']

   📚 Training Task 16/20
✅ Bio-Graph Training Complete.
   🔎 Tuned best alpha=0.90 (Val Acc: 71.4%)
   -> AIA after Task 16: 71.44% | Breakdown: ['71.7%', '74.9%', '77.9%', '69.4%', '68.7%', '79.7%', '70.4%', '67.5%', '71.0%', '72.3%', '73.9%', '75.5%', '67.3%', '61.5%', '76.6%', '64.8%']

   📚 Training Task 17/20
✅ Bio-Graph Training Complete.
   🔎 Tuned best alpha=1.00 (Val Acc: 71.2%)
   -> AIA after Task 17: 71.26% | Breakdown: ['71.2%', '74.7%', '77.9%', '69.5%', '69.3%', '79.3%', '69.9%', '67.7%', '70.6%', '71.9%', '73.7%', '73.0%', '67.6%', '61.6%', '76.4%', '64.4%', '72.8%']

   📚 Training Task 18/20
✅ Bio-Graph Training Complete.
   🔎 Tuned best alpha=0.30 (Val Acc: 70.6%)
   -> AIA after Task 18: 70.63% | Breakdown: ['70.5%', '73.1%', '78.4%', '69.3%', '70.0%', '79.3%', '69.5%', '67.2%', '69.5%', '71.5%', '71.5%', '72.6%', '67.0%', '60.9%', '76.7%', '63.0%', '72.9%', '68.4%']

   📚 Training Task 19/20
✅ Bio-Graph Training Complete.
   🔎 Tuned best alpha=1.00 (Val Acc: 70.6%)
   -> AIA after Task 19: 70.76% | Breakdown: ['70.5%', '72.5%', '78.9%', '68.4%', '69.4%', '79.2%', '69.2%', '67.2%', '70.6%', '71.5%', '71.0%', '72.9%', '67.4%', '60.6%', '77.1%', '63.2%', '72.8%', '66.0%', '76.1%']

   📚 Training Task 20/20
✅ Bio-Graph Training Complete.
   🔎 Tuned best alpha=0.50 (Val Acc: 70.5%)
   -> AIA after Task 20: 70.21% | Breakdown: ['70.2%', '70.4%', '78.3%', '68.9%', '68.9%', '79.3%', '69.6%', '67.0%', '69.3%', '69.8%', '70.2%', '73.2%', '66.9%', '60.1%', '76.3%', '62.4%', '73.0%', '63.9%', '73.9%', '72.6%']
✅ Memory trace saved → outputs/memory_trace_tinyimagenet_resnet50.png / .svg
   🧠 Bio-Graph Memory Footprint: 241.62 MB
   ✅ Selected alpha: 0.30 (Tuned on 800 val samples)

   🏆 Pure CIL Metrics -> AIA: 70.21% | Forgetting: 4.36%
✅ Memory comparison saved → outputs/memory_comparison_tinyimagenet_resnet50.png / .svg
🔄 Preparing Dataset: TINYIMAGENET...
   📐 Preprocessing: 224px, norm=custom
✅ Tiny-ImageNet found at ./data/tiny-imagenet-200
✅ Loaded 100000 images. Classes expected: 200
💾 Loading cached resnet50 features for tinyimagenet (Train)...

🌱 --- Starting Run with Seed: 42 ---
   📦 Stream samples: 72000 | Val samples: 8000
   🚀 Training Bio-Inspired Graph (Hippocampus + Cortex)...

   🌀 --- PURE CIL MODE SCENARIO ---

   📚 Training Task 1/20
✅ Bio-Graph Training Complete.
   🔎 Tuned best alpha=0.30 (Val Acc: 74.8%)
   -> AIA after Task 1: 74.10% | Breakdown: ['74.1%']

   📚 Training Task 2/20
✅ Bio-Graph Training Complete.
   🔎 Tuned best alpha=0.70 (Val Acc: 72.7%)
   -> AIA after Task 2: 73.95% | Breakdown: ['72.6%', '75.3%']

   📚 Training Task 3/20
✅ Bio-Graph Training Complete.
   🔎 Tuned best alpha=0.70 (Val Acc: 73.9%)
   -> AIA after Task 3: 74.17% | Breakdown: ['71.8%', '73.9%', '76.8%']

   📚 Training Task 4/20
✅ Bio-Graph Training Complete.
   🔎 Tuned best alpha=0.90 (Val Acc: 72.5%)
   -> AIA after Task 4: 72.62% | Breakdown: ['72.2%', '71.6%', '74.7%', '72.0%']

   📚 Training Task 5/20
✅ Bio-Graph Training Complete.
   🔎 Tuned best alpha=0.50 (Val Acc: 70.9%)
   -> AIA after Task 5: 70.50% | Breakdown: ['69.4%', '71.1%', '74.9%', '69.1%', '68.0%']

   📚 Training Task 6/20
✅ Bio-Graph Training Complete.
   🔎 Tuned best alpha=0.30 (Val Acc: 71.6%)
   -> AIA after Task 6: 71.20% | Breakdown: ['69.8%', '71.9%', '75.0%', '67.6%', '66.5%', '76.4%']

   📚 Training Task 7/20
✅ Bio-Graph Training Complete.
   🔎 Tuned best alpha=1.00 (Val Acc: 74.0%)
   -> AIA after Task 7: 72.93% | Breakdown: ['69.9%', '73.0%', '76.0%', '68.2%', '67.8%', '77.5%', '78.1%']

   📚 Training Task 8/20
✅ Bio-Graph Training Complete.
   🔎 Tuned best alpha=1.00 (Val Acc: 75.3%)
   -> AIA after Task 8: 74.17% | Breakdown: ['70.9%', '73.6%', '77.4%', '68.9%', '67.8%', '77.2%', '78.6%', '79.0%']

   📚 Training Task 9/20
✅ Bio-Graph Training Complete.
   🔎 Tuned best alpha=0.70 (Val Acc: 75.2%)
   -> AIA after Task 9: 74.39% | Breakdown: ['71.1%', '73.6%', '77.6%', '69.1%', '70.0%', '77.7%', '76.1%', '76.1%', '78.2%']

   📚 Training Task 10/20
✅ Bio-Graph Training Complete.
   🔎 Tuned best alpha=0.90 (Val Acc: 74.4%)
   -> AIA after Task 10: 74.45% | Breakdown: ['70.6%', '73.7%', '77.7%', '68.2%', '69.8%', '77.8%', '74.8%', '75.0%', '77.1%', '79.8%']

   📚 Training Task 11/20
✅ Bio-Graph Training Complete.
   🔎 Tuned best alpha=1.00 (Val Acc: 74.4%)
   -> AIA after Task 11: 74.85% | Breakdown: ['71.6%', '75.2%', '77.6%', '67.8%', '70.7%', '77.7%', '74.8%', '74.0%', '76.6%', '79.5%', '77.9%']

   📚 Training Task 12/20
✅ Bio-Graph Training Complete.
   🔎 Tuned best alpha=1.00 (Val Acc: 74.7%)
   -> AIA after Task 12: 74.60% | Breakdown: ['71.0%', '74.7%', '78.0%', '69.2%', '70.3%', '77.9%', '73.8%', '72.6%', '75.3%', '78.5%', '76.5%', '77.4%']

   📚 Training Task 13/20
✅ Bio-Graph Training Complete.
   🔎 Tuned best alpha=1.00 (Val Acc: 74.2%)
   -> AIA after Task 13: 74.00% | Breakdown: ['71.5%', '74.9%', '78.5%', '68.8%', '70.0%', '79.0%', '72.7%', '71.8%', '74.1%', '77.5%', '75.7%', '77.9%', '69.6%']

   📚 Training Task 14/20
✅ Bio-Graph Training Complete.
   🔎 Tuned best alpha=1.00 (Val Acc: 73.2%)
   -> AIA after Task 14: 72.48% | Breakdown: ['71.7%', '74.9%', '77.9%', '69.7%', '70.7%', '78.3%', '71.5%', '69.6%', '73.2%', '75.5%', '74.2%', '76.7%', '68.6%', '62.2%']

   📚 Training Task 15/20
✅ Bio-Graph Training Complete.
   🔎 Tuned best alpha=1.00 (Val Acc: 72.5%)
   -> AIA after Task 15: 72.64% | Breakdown: ['71.8%', '74.8%', '77.6%', '70.8%', '70.2%', '79.0%', '71.1%', '68.8%', '72.2%', '74.5%', '74.5%', '75.8%', '68.1%', '62.5%', '77.9%']

   📚 Training Task 16/20
✅ Bio-Graph Training Complete.
   🔎 Tuned best alpha=1.00 (Val Acc: 71.5%)
   -> AIA after Task 16: 71.47% | Breakdown: ['71.1%', '74.5%', '77.7%', '69.8%', '68.9%', '79.5%', '70.2%', '68.2%', '71.5%', '72.5%', '73.8%', '75.4%', '67.3%', '62.2%', '76.4%', '64.6%']

   📚 Training Task 17/20
✅ Bio-Graph Training Complete.
   🔎 Tuned best alpha=0.90 (Val Acc: 71.2%)
   -> AIA after Task 17: 71.28% | Breakdown: ['71.2%', '74.8%', '77.8%', '69.2%', '69.8%', '79.3%', '69.9%', '67.4%', '70.5%', '72.1%', '73.7%', '73.8%', '67.4%', '61.1%', '76.4%', '64.7%', '72.6%']

   📚 Training Task 18/20
✅ Bio-Graph Training Complete.
   🔎 Tuned best alpha=1.00 (Val Acc: 70.7%)
   -> AIA after Task 18: 70.68% | Breakdown: ['71.0%', '73.9%', '78.6%', '69.1%', '69.6%', '78.6%', '68.7%', '67.4%', '70.0%', '71.3%', '71.3%', '72.6%', '66.9%', '61.1%', '76.1%', '64.2%', '72.7%', '69.2%']

   📚 Training Task 19/20
✅ Bio-Graph Training Complete.
   🔎 Tuned best alpha=0.30 (Val Acc: 70.6%)
   -> AIA after Task 19: 70.75% | Breakdown: ['70.5%', '72.7%', '79.5%', '69.4%', '68.9%', '79.6%', '69.3%', '66.9%', '69.6%', '71.6%', '71.8%', '72.7%', '66.9%', '60.5%', '76.9%', '63.2%', '72.9%', '65.8%', '75.6%']

   📚 Training Task 20/20
✅ Bio-Graph Training Complete.
   🔎 Tuned best alpha=0.70 (Val Acc: 70.5%)
   -> AIA after Task 20: 70.20% | Breakdown: ['70.6%', '70.4%', '78.0%', '69.1%', '69.1%', '79.0%', '69.5%', '66.6%', '69.3%', '69.9%', '70.3%', '73.2%', '67.1%', '60.0%', '76.5%', '62.3%', '72.6%', '63.7%', '74.0%', '72.8%']
✅ Memory trace saved → outputs/memory_trace_tinyimagenet_resnet50.png / .svg
   🧠 Bio-Graph Memory Footprint: 241.87 MB
   ✅ Selected alpha: 0.50 (Tuned on 800 val samples)

   🏆 Pure CIL Metrics -> AIA: 70.20% | Forgetting: 4.41%
✅ Memory comparison saved → outputs/memory_comparison_tinyimagenet_resnet50.png / .svg
🔄 Preparing Dataset: TINYIMAGENET...
   📐 Preprocessing: 224px, norm=custom
✅ Tiny-ImageNet found at ./data/tiny-imagenet-200
✅ Loaded 100000 images. Classes expected: 200
💾 Loading cached resnet50 features for tinyimagenet (Train)...

🌱 --- Starting Run with Seed: 42 ---
   📦 Stream samples: 72000 | Val samples: 8000
   🚀 Training Bio-Inspired Graph (Hippocampus + Cortex)...

   🌀 --- PURE CIL MODE SCENARIO ---

   📚 Training Task 1/20
✅ Bio-Graph Training Complete.
   🔎 Tuned best alpha=0.50 (Val Acc: 75.7%)
   -> AIA after Task 1: 74.30% | Breakdown: ['74.3%']

   📚 Training Task 2/20
✅ Bio-Graph Training Complete.
   🔎 Tuned best alpha=0.30 (Val Acc: 72.6%)
   -> AIA after Task 2: 73.85% | Breakdown: ['72.9%', '74.8%']

   📚 Training Task 3/20
✅ Bio-Graph Training Complete.
   🔎 Tuned best alpha=0.30 (Val Acc: 74.0%)
   -> AIA after Task 3: 74.00% | Breakdown: ['71.1%', '73.7%', '77.2%']

   📚 Training Task 4/20
✅ Bio-Graph Training Complete.
   🔎 Tuned best alpha=1.00 (Val Acc: 72.3%)
   -> AIA after Task 4: 72.70% | Breakdown: ['71.6%', '71.9%', '75.2%', '72.1%']

   📚 Training Task 5/20
✅ Bio-Graph Training Complete.
   🔎 Tuned best alpha=0.30 (Val Acc: 70.8%)
   -> AIA after Task 5: 70.32% | Breakdown: ['69.7%', '70.3%', '75.4%', '68.1%', '68.1%']

   📚 Training Task 6/20
✅ Bio-Graph Training Complete.
   🔎 Tuned best alpha=1.00 (Val Acc: 71.6%)
   -> AIA after Task 6: 71.28% | Breakdown: ['69.4%', '71.4%', '75.6%', '67.5%', '66.5%', '77.3%']

   📚 Training Task 7/20
✅ Bio-Graph Training Complete.
   🔎 Tuned best alpha=1.00 (Val Acc: 74.3%)
   -> AIA after Task 7: 73.30% | Breakdown: ['69.9%', '72.9%', '76.1%', '68.7%', '68.1%', '78.3%', '79.1%']

   📚 Training Task 8/20
✅ Bio-Graph Training Complete.
   🔎 Tuned best alpha=1.00 (Val Acc: 75.2%)
   -> AIA after Task 8: 74.26% | Breakdown: ['71.0%', '73.8%', '77.2%', '69.0%', '68.1%', '77.7%', '78.6%', '78.7%']

   📚 Training Task 9/20
✅ Bio-Graph Training Complete.
   🔎 Tuned best alpha=0.90 (Val Acc: 75.2%)
   -> AIA after Task 9: 74.62% | Breakdown: ['71.3%', '73.8%', '77.7%', '69.7%', '69.7%', '78.0%', '76.4%', '76.5%', '78.5%']

   📚 Training Task 10/20
✅ Bio-Graph Training Complete.
   🔎 Tuned best alpha=0.50 (Val Acc: 74.7%)
   -> AIA after Task 10: 74.43% | Breakdown: ['70.7%', '73.9%', '77.8%', '68.3%', '69.4%', '77.9%', '74.5%', '74.5%', '77.2%', '80.1%']

   📚 Training Task 11/20
✅ Bio-Graph Training Complete.
   🔎 Tuned best alpha=1.00 (Val Acc: 74.4%)
   -> AIA after Task 11: 74.85% | Breakdown: ['71.1%', '75.3%', '77.1%', '67.9%', '70.7%', '78.1%', '74.8%', '74.2%', '76.6%', '79.4%', '78.1%']

   📚 Training Task 12/20
✅ Bio-Graph Training Complete.
   🔎 Tuned best alpha=0.70 (Val Acc: 74.7%)
   -> AIA after Task 12: 74.50% | Breakdown: ['71.0%', '74.3%', '77.4%', '69.0%', '69.8%', '78.2%', '73.7%', '72.7%', '75.6%', '78.9%', '76.2%', '77.2%']

   📚 Training Task 13/20
✅ Bio-Graph Training Complete.
   🔎 Tuned best alpha=1.00 (Val Acc: 74.2%)
   -> AIA after Task 13: 74.00% | Breakdown: ['71.4%', '74.4%', '78.2%', '68.5%', '70.2%', '79.2%', '72.9%', '72.1%', '74.3%', '77.7%', '75.8%', '77.7%', '69.6%']

   📚 Training Task 14/20
✅ Bio-Graph Training Complete.
   🔎 Tuned best alpha=1.00 (Val Acc: 73.1%)
   -> AIA after Task 14: 72.56% | Breakdown: ['71.0%', '75.5%', '78.2%', '69.9%', '70.4%', '78.6%', '71.6%', '69.6%', '72.9%', '76.7%', '74.3%', '77.2%', '68.4%', '61.5%']

   📚 Training Task 15/20
✅ Bio-Graph Training Complete.
   🔎 Tuned best alpha=0.90 (Val Acc: 72.4%)
   -> AIA after Task 15: 72.76% | Breakdown: ['72.0%', '74.5%', '77.7%', '70.8%', '70.4%', '79.4%', '71.2%', '68.8%', '72.2%', '76.0%', '74.1%', '76.3%', '68.5%', '61.9%', '77.6%']

   📚 Training Task 16/20
✅ Bio-Graph Training Complete.
   🔎 Tuned best alpha=0.90 (Val Acc: 71.5%)
   -> AIA after Task 16: 71.55% | Breakdown: ['71.3%', '74.8%', '77.9%', '69.4%', '69.3%', '79.5%', '70.9%', '67.8%', '71.6%', '73.9%', '73.8%', '75.6%', '67.2%', '61.0%', '76.2%', '64.6%']

   📚 Training Task 17/20
✅ Bio-Graph Training Complete.
   🔎 Tuned best alpha=0.90 (Val Acc: 71.4%)
   -> AIA after Task 17: 71.21% | Breakdown: ['70.8%', '75.0%', '78.0%', '68.9%', '69.4%', '79.1%', '70.0%', '67.2%', '70.4%', '72.9%', '73.4%', '74.1%', '67.2%', '60.6%', '76.5%', '64.3%', '72.7%']

   📚 Training Task 18/20
✅ Bio-Graph Training Complete.
   🔎 Tuned best alpha=1.00 (Val Acc: 70.6%)
   -> AIA after Task 18: 70.68% | Breakdown: ['70.3%', '74.6%', '78.5%', '68.8%', '70.4%', '78.8%', '69.0%', '67.3%', '69.9%', '71.7%', '71.2%', '73.1%', '67.3%', '60.0%', '76.0%', '63.7%', '72.9%', '68.8%']

   📚 Training Task 19/20
✅ Bio-Graph Training Complete.
   🔎 Tuned best alpha=0.50 (Val Acc: 70.7%)
   -> AIA after Task 19: 70.74% | Breakdown: ['69.9%', '72.7%', '79.2%', '68.9%', '69.1%', '79.4%', '69.1%', '67.4%', '69.9%', '71.8%', '71.3%', '72.8%', '67.3%', '60.1%', '77.1%', '63.2%', '72.8%', '66.1%', '76.0%']

   📚 Training Task 20/20
✅ Bio-Graph Training Complete.
   🔎 Tuned best alpha=0.90 (Val Acc: 70.5%)
   -> AIA after Task 20: 70.27% | Breakdown: ['70.2%', '70.9%', '78.0%', '68.3%', '69.5%', '79.4%', '69.3%', '66.8%', '69.5%', '70.6%', '69.9%', '73.3%', '67.2%', '59.5%', '76.6%', '62.7%', '72.7%', '64.0%', '74.7%', '72.2%']
✅ Memory trace saved → outputs/memory_trace_tinyimagenet_resnet50.png / .svg
   🧠 Bio-Graph Memory Footprint: 242.43 MB
   ✅ Selected alpha: 0.30 (Tuned on 800 val samples)

   🏆 Pure CIL Metrics -> AIA: 70.27% | Forgetting: 4.31%
✅ Memory comparison saved → outputs/memory_comparison_tinyimagenet_resnet50.png / .svg

🚀 [3/3] Node Count Sweep (Fixed alpha=0.5)...
🔄 Preparing Dataset: TINYIMAGENET...
   📐 Preprocessing: 224px, norm=custom
✅ Tiny-ImageNet found at ./data/tiny-imagenet-200
✅ Loaded 100000 images. Classes expected: 200
💾 Loading cached resnet50 features for tinyimagenet (Train)...

🌱 --- Starting Run with Seed: 42 ---
   📦 Stream samples: 72000 | Val samples: 8000
   🚀 Training Bio-Inspired Graph (Hippocampus + Cortex)...

   🌀 --- PURE CIL MODE SCENARIO ---

   📚 Training Task 1/20
✅ Bio-Graph Training Complete.
   🔎 Tuned best alpha=0.00 (Val Acc: 63.7%)
   -> AIA after Task 1: 65.00% | Breakdown: ['65.0%']

   📚 Training Task 2/20
✅ Bio-Graph Training Complete.
   🔎 Tuned best alpha=1.00 (Val Acc: 50.9%)
   -> AIA after Task 2: 51.50% | Breakdown: ['59.5%', '43.5%']

   📚 Training Task 3/20
✅ Bio-Graph Training Complete.
   🔎 Tuned best alpha=0.30 (Val Acc: 49.8%)
   -> AIA after Task 3: 49.57% | Breakdown: ['59.4%', '41.6%', '47.7%']

   📚 Training Task 4/20
✅ Bio-Graph Training Complete.
   🔎 Tuned best alpha=0.30 (Val Acc: 49.1%)
   -> AIA after Task 4: 48.68% | Breakdown: ['58.7%', '41.4%', '45.7%', '48.9%']

   📚 Training Task 5/20
✅ Bio-Graph Training Complete.
   🔎 Tuned best alpha=0.30 (Val Acc: 46.4%)
   -> AIA after Task 5: 46.00% | Breakdown: ['57.1%', '39.3%', '44.4%', '45.7%', '43.5%']

   📚 Training Task 6/20
✅ Bio-Graph Training Complete.
   🔎 Tuned best alpha=0.80 (Val Acc: 47.5%)
   -> AIA after Task 6: 46.45% | Breakdown: ['55.2%', '37.0%', '43.8%', '43.8%', '42.5%', '56.4%']

   📚 Training Task 7/20
✅ Bio-Graph Training Complete.
   🔎 Tuned best alpha=1.00 (Val Acc: 51.2%)
   -> AIA after Task 7: 49.36% | Breakdown: ['56.3%', '36.7%', '43.6%', '43.9%', '42.2%', '54.8%', '68.0%']

   📚 Training Task 8/20
✅ Bio-Graph Training Complete.
   🔎 Tuned best alpha=1.00 (Val Acc: 50.8%)
   -> AIA after Task 8: 48.91% | Breakdown: ['54.9%', '36.7%', '42.9%', '42.8%', '40.7%', '54.6%', '64.5%', '54.2%']

   📚 Training Task 9/20
✅ Bio-Graph Training Complete.
   🔎 Tuned best alpha=0.30 (Val Acc: 49.8%)
   -> AIA after Task 9: 48.38% | Breakdown: ['54.7%', '35.1%', '42.5%', '42.1%', '40.4%', '54.6%', '60.7%', '52.1%', '53.2%']

   📚 Training Task 10/20
✅ Bio-Graph Training Complete.
   🔎 Tuned best alpha=0.30 (Val Acc: 48.9%)
   -> AIA after Task 10: 48.24% | Breakdown: ['53.8%', '35.6%', '42.9%', '41.5%', '40.9%', '54.2%', '59.0%', '47.9%', '49.9%', '56.7%']

   📚 Training Task 11/20
✅ Bio-Graph Training Complete.
   🔎 Tuned best alpha=1.00 (Val Acc: 48.3%)
   -> AIA after Task 11: 47.53% | Breakdown: ['53.1%', '36.0%', '43.3%', '42.1%', '40.5%', '55.3%', '58.2%', '46.8%', '49.6%', '56.8%', '41.1%']

   📚 Training Task 12/20
✅ Bio-Graph Training Complete.
   🔎 Tuned best alpha=0.50 (Val Acc: 47.2%)
   -> AIA after Task 12: 46.94% | Breakdown: ['52.8%', '35.5%', '42.2%', '42.0%', '40.4%', '55.0%', '55.0%', '45.5%', '46.0%', '55.0%', '40.0%', '53.9%']

   📚 Training Task 13/20
✅ Bio-Graph Training Complete.
   🔎 Tuned best alpha=0.30 (Val Acc: 46.7%)
   -> AIA after Task 13: 46.12% | Breakdown: ['52.5%', '35.0%', '42.4%', '42.2%', '40.3%', '53.9%', '53.0%', '45.7%', '44.5%', '53.7%', '38.7%', '53.4%', '44.3%']

   📚 Training Task 14/20
✅ Bio-Graph Training Complete.
   🔎 Tuned best alpha=1.00 (Val Acc: 45.4%)
   -> AIA after Task 14: 44.75% | Breakdown: ['51.3%', '34.3%', '42.3%', '41.0%', '40.5%', '53.7%', '48.6%', '44.9%', '43.9%', '51.7%', '37.7%', '51.0%', '42.6%', '43.0%']

   📚 Training Task 15/20
✅ Bio-Graph Training Complete.
   🔎 Tuned best alpha=1.00 (Val Acc: 43.9%)
   -> AIA after Task 15: 44.09% | Breakdown: ['51.3%', '34.5%', '42.2%', '41.7%', '40.9%', '53.3%', '46.7%', '43.3%', '43.6%', '51.7%', '37.8%', '50.4%', '42.2%', '43.4%', '38.3%']

   📚 Training Task 16/20
✅ Bio-Graph Training Complete.
   🔎 Tuned best alpha=0.80 (Val Acc: 42.7%)
   -> AIA after Task 16: 42.94% | Breakdown: ['51.5%', '34.1%', '42.4%', '42.1%', '40.6%', '53.0%', '45.9%', '42.9%', '43.7%', '48.6%', '36.4%', '47.5%', '41.9%', '42.6%', '37.8%', '36.0%']

   📚 Training Task 17/20
✅ Bio-Graph Training Complete.
   🔎 Tuned best alpha=1.00 (Val Acc: 42.0%)
   -> AIA after Task 17: 42.06% | Breakdown: ['50.6%', '34.2%', '42.3%', '41.6%', '39.6%', '52.2%', '43.8%', '41.9%', '43.5%', '48.4%', '36.2%', '44.3%', '40.8%', '39.8%', '38.1%', '35.5%', '42.2%']

   📚 Training Task 18/20
✅ Bio-Graph Training Complete.
   🔎 Tuned best alpha=1.00 (Val Acc: 41.4%)
   -> AIA after Task 18: 41.58% | Breakdown: ['50.4%', '33.0%', '42.2%', '41.1%', '39.2%', '52.5%', '44.3%', '42.5%', '42.9%', '47.4%', '35.4%', '43.5%', '40.9%', '39.9%', '37.9%', '35.2%', '41.3%', '38.8%']

   📚 Training Task 19/20
✅ Bio-Graph Training Complete.
   🔎 Tuned best alpha=1.00 (Val Acc: 41.2%)
   -> AIA after Task 19: 41.39% | Breakdown: ['50.6%', '32.9%', '41.5%', '40.9%', '38.4%', '52.5%', '43.8%', '41.8%', '42.1%', '46.7%', '35.9%', '45.0%', '40.9%', '40.8%', '38.1%', '35.3%', '41.6%', '36.4%', '41.2%']

   📚 Training Task 20/20
✅ Bio-Graph Training Complete.
   🔎 Tuned best alpha=1.00 (Val Acc: 41.3%)
   -> AIA after Task 20: 41.41% | Breakdown: ['50.4%', '32.4%', '42.1%', '40.2%', '37.4%', '52.4%', '43.2%', '41.2%', '43.1%', '44.8%', '35.9%', '44.6%', '40.7%', '39.8%', '37.4%', '35.0%', '41.4%', '35.4%', '40.4%', '50.5%']
✅ Memory trace saved → outputs/memory_trace_tinyimagenet_resnet50.png / .svg
   🧠 Bio-Graph Memory Footprint: 49.31 MB
   ✅ Selected alpha: 0.30 (Tuned on 800 val samples)

   🏆 Pure CIL Metrics -> AIA: 41.41% | Forgetting: 7.29%
✅ Memory comparison saved → outputs/memory_comparison_tinyimagenet_resnet50.png / .svg
🔄 Preparing Dataset: TINYIMAGENET...
   📐 Preprocessing: 224px, norm=custom
✅ Tiny-ImageNet found at ./data/tiny-imagenet-200
✅ Loaded 100000 images. Classes expected: 200
💾 Loading cached resnet50 features for tinyimagenet (Train)...

🌱 --- Starting Run with Seed: 42 ---
   📦 Stream samples: 72000 | Val samples: 8000
   🚀 Training Bio-Inspired Graph (Hippocampus + Cortex)...

   🌀 --- PURE CIL MODE SCENARIO ---

   📚 Training Task 1/20
✅ Bio-Graph Training Complete.
   🔎 Tuned best alpha=0.00 (Val Acc: 67.5%)
   -> AIA after Task 1: 69.50% | Breakdown: ['69.5%']

   📚 Training Task 2/20
✅ Bio-Graph Training Complete.
   🔎 Tuned best alpha=0.00 (Val Acc: 64.5%)
   -> AIA after Task 2: 66.80% | Breakdown: ['64.9%', '68.7%']

   📚 Training Task 3/20
✅ Bio-Graph Training Complete.
   🔎 Tuned best alpha=0.80 (Val Acc: 67.7%)
   -> AIA after Task 3: 69.87% | Breakdown: ['66.0%', '69.0%', '74.6%']

   📚 Training Task 4/20
✅ Bio-Graph Training Complete.
   🔎 Tuned best alpha=0.00 (Val Acc: 67.7%)
   -> AIA after Task 4: 68.77% | Breakdown: ['64.8%', '69.1%', '74.0%', '67.2%']

   📚 Training Task 5/20
✅ Bio-Graph Training Complete.
   🔎 Tuned best alpha=0.00 (Val Acc: 65.2%)
   -> AIA after Task 5: 64.84% | Breakdown: ['62.3%', '65.0%', '72.0%', '61.3%', '63.6%']

   📚 Training Task 6/20
✅ Bio-Graph Training Complete.
   🔎 Tuned best alpha=0.00 (Val Acc: 67.2%)
   -> AIA after Task 6: 65.32% | Breakdown: ['62.3%', '64.5%', '71.2%', '61.3%', '62.8%', '69.8%']

   📚 Training Task 7/20
✅ Bio-Graph Training Complete.
   🔎 Tuned best alpha=0.00 (Val Acc: 69.6%)
   -> AIA after Task 7: 67.56% | Breakdown: ['63.8%', '64.7%', '71.8%', '61.4%', '64.1%', '70.4%', '76.7%']

   📚 Training Task 8/20
✅ Bio-Graph Training Complete.
   🔎 Tuned best alpha=0.00 (Val Acc: 70.0%)
   -> AIA after Task 8: 68.20% | Breakdown: ['64.5%', '64.6%', '71.9%', '62.1%', '63.7%', '71.2%', '75.3%', '72.3%']

   📚 Training Task 9/20
✅ Bio-Graph Training Complete.
   🔎 Tuned best alpha=0.00 (Val Acc: 69.9%)
   -> AIA after Task 9: 68.37% | Breakdown: ['63.2%', '64.9%', '73.1%', '62.1%', '64.5%', '71.8%', '72.6%', '71.5%', '71.6%']

   📚 Training Task 10/20
✅ Bio-Graph Training Complete.
   🔎 Tuned best alpha=0.00 (Val Acc: 68.9%)
   -> AIA after Task 10: 67.90% | Breakdown: ['62.3%', '65.1%', '73.0%', '62.0%', '64.3%', '70.3%', '72.2%', '67.8%', '70.1%', '71.9%']

   📚 Training Task 11/20
✅ Bio-Graph Training Complete.
   🔎 Tuned best alpha=0.00 (Val Acc: 68.3%)
   -> AIA after Task 11: 67.60% | Breakdown: ['62.9%', '64.9%', '73.1%', '61.5%', '63.7%', '70.8%', '70.2%', '67.1%', '70.2%', '71.5%', '67.7%']

   📚 Training Task 12/20
✅ Bio-Graph Training Complete.
   🔎 Tuned best alpha=0.30 (Val Acc: 67.6%)
   -> AIA after Task 12: 66.93% | Breakdown: ['60.7%', '64.3%', '72.8%', '62.2%', '64.1%', '70.5%', '69.5%', '66.8%', '68.2%', '71.0%', '66.5%', '66.6%']

   📚 Training Task 13/20
✅ Bio-Graph Training Complete.
   🔎 Tuned best alpha=0.30 (Val Acc: 66.4%)
   -> AIA after Task 13: 65.92% | Breakdown: ['60.9%', '64.7%', '73.0%', '61.9%', '63.5%', '69.7%', '67.4%', '64.8%', '66.6%', '70.0%', '65.9%', '67.0%', '61.5%']

   📚 Training Task 14/20
✅ Bio-Graph Training Complete.
   🔎 Tuned best alpha=0.00 (Val Acc: 64.7%)
   -> AIA after Task 14: 64.19% | Breakdown: ['60.9%', '64.4%', '72.9%', '61.6%', '62.5%', '69.4%', '66.3%', '60.4%', '63.7%', '68.8%', '63.5%', '65.4%', '60.9%', '57.9%']

   📚 Training Task 15/20
✅ Bio-Graph Training Complete.
   🔎 Tuned best alpha=0.00 (Val Acc: 64.4%)
   -> AIA after Task 15: 63.81% | Breakdown: ['60.1%', '63.9%', '71.8%', '60.7%', '62.8%', '69.6%', '64.8%', '59.6%', '61.4%', '68.3%', '64.1%', '65.7%', '59.1%', '57.5%', '67.7%']

   📚 Training Task 16/20
✅ Bio-Graph Training Complete.
   🔎 Tuned best alpha=0.30 (Val Acc: 63.0%)
   -> AIA after Task 16: 62.17% | Breakdown: ['58.6%', '61.8%', '70.4%', '61.0%', '60.1%', '69.1%', '63.0%', '58.5%', '60.1%', '63.0%', '61.9%', '64.6%', '57.4%', '55.6%', '67.1%', '62.5%']

   📚 Training Task 17/20
✅ Bio-Graph Training Complete.
   🔎 Tuned best alpha=0.80 (Val Acc: 62.7%)
   -> AIA after Task 17: 61.89% | Breakdown: ['58.6%', '62.0%', '69.5%', '60.5%', '59.7%', '68.3%', '60.7%', '58.7%', '59.7%', '63.7%', '62.3%', '62.8%', '56.8%', '54.2%', '67.3%', '61.5%', '65.8%']

   📚 Training Task 18/20
✅ Bio-Graph Training Complete.
   🔎 Tuned best alpha=0.30 (Val Acc: 61.9%)
   -> AIA after Task 18: 61.31% | Breakdown: ['59.0%', '61.2%', '69.5%', '60.7%', '59.2%', '69.1%', '60.4%', '58.9%', '58.8%', '62.6%', '58.6%', '62.8%', '57.6%', '54.8%', '66.5%', '60.8%', '65.2%', '57.9%']

   📚 Training Task 19/20
✅ Bio-Graph Training Complete.
   🔎 Tuned best alpha=0.30 (Val Acc: 61.8%)
   -> AIA after Task 19: 61.52% | Breakdown: ['59.6%', '60.6%', '70.6%', '60.4%', '58.7%', '69.0%', '59.5%', '58.9%', '58.8%', '62.3%', '58.8%', '63.1%', '57.0%', '53.4%', '67.5%', '60.5%', '65.4%', '55.3%', '69.4%']

   📚 Training Task 20/20
✅ Bio-Graph Training Complete.
   🔎 Tuned best alpha=0.30 (Val Acc: 60.9%)
   -> AIA after Task 20: 60.38% | Breakdown: ['59.0%', '58.7%', '69.4%', '59.7%', '58.9%', '68.3%', '58.5%', '57.4%', '57.7%', '59.3%', '56.7%', '62.5%', '55.6%', '53.1%', '65.9%', '59.8%', '64.0%', '52.0%', '66.0%', '65.2%']
✅ Memory trace saved → outputs/memory_trace_tinyimagenet_resnet50.png / .svg
   🧠 Bio-Graph Memory Footprint: 107.15 MB
   ✅ Selected alpha: 0.50 (Tuned on 800 val samples)

   🏆 Pure CIL Metrics -> AIA: 60.38% | Forgetting: 7.58%
✅ Memory comparison saved → outputs/memory_comparison_tinyimagenet_resnet50.png / .svg
🔄 Preparing Dataset: TINYIMAGENET...
   📐 Preprocessing: 224px, norm=custom
✅ Tiny-ImageNet found at ./data/tiny-imagenet-200
✅ Loaded 100000 images. Classes expected: 200
💾 Loading cached resnet50 features for tinyimagenet (Train)...

🌱 --- Starting Run with Seed: 42 ---
   📦 Stream samples: 72000 | Val samples: 8000
   🚀 Training Bio-Inspired Graph (Hippocampus + Cortex)...

   🌀 --- PURE CIL MODE SCENARIO ---

   📚 Training Task 1/20
✅ Bio-Graph Training Complete.
   🔎 Tuned best alpha=0.00 (Val Acc: 72.7%)
   -> AIA after Task 1: 73.10% | Breakdown: ['73.1%']

   📚 Training Task 2/20
✅ Bio-Graph Training Complete.
   🔎 Tuned best alpha=1.00 (Val Acc: 73.1%)
   -> AIA after Task 2: 72.15% | Breakdown: ['70.1%', '74.2%']

   📚 Training Task 3/20
✅ Bio-Graph Training Complete.
   🔎 Tuned best alpha=0.00 (Val Acc: 73.7%)
   -> AIA after Task 3: 73.80% | Breakdown: ['72.0%', '72.3%', '77.1%']

   📚 Training Task 4/20
✅ Bio-Graph Training Complete.
   🔎 Tuned best alpha=1.00 (Val Acc: 71.0%)
   -> AIA after Task 4: 71.65% | Breakdown: ['69.9%', '71.2%', '74.4%', '71.1%']

   📚 Training Task 5/20
✅ Bio-Graph Training Complete.
   🔎 Tuned best alpha=0.30 (Val Acc: 68.6%)
   -> AIA after Task 5: 69.08% | Breakdown: ['67.9%', '69.1%', '73.9%', '67.4%', '67.1%']

   📚 Training Task 6/20
✅ Bio-Graph Training Complete.
   🔎 Tuned best alpha=0.70 (Val Acc: 69.6%)
   -> AIA after Task 6: 69.78% | Breakdown: ['68.1%', '69.9%', '73.4%', '64.9%', '67.4%', '75.0%']

   📚 Training Task 7/20
✅ Bio-Graph Training Complete.
   🔎 Tuned best alpha=0.50 (Val Acc: 71.9%)
   -> AIA after Task 7: 71.46% | Breakdown: ['68.8%', '70.0%', '74.5%', '66.1%', '67.2%', '75.2%', '78.4%']

   📚 Training Task 8/20
✅ Bio-Graph Training Complete.
   🔎 Tuned best alpha=0.50 (Val Acc: 72.9%)
   -> AIA after Task 8: 72.80% | Breakdown: ['69.1%', '71.3%', '74.4%', '66.7%', '67.5%', '76.3%', '78.1%', '79.0%']

   📚 Training Task 9/20
✅ Bio-Graph Training Complete.
   🔎 Tuned best alpha=0.30 (Val Acc: 73.2%)
   -> AIA after Task 9: 72.81% | Breakdown: ['69.6%', '71.1%', '75.3%', '66.5%', '67.7%', '75.8%', '75.5%', '76.8%', '77.0%']

   📚 Training Task 10/20
✅ Bio-Graph Training Complete.
   🔎 Tuned best alpha=0.80 (Val Acc: 72.9%)
   -> AIA after Task 10: 72.79% | Breakdown: ['68.2%', '71.8%', '74.5%', '65.8%', '68.5%', '76.5%', '73.9%', '74.7%', '77.0%', '77.0%']

   📚 Training Task 11/20
✅ Bio-Graph Training Complete.
   🔎 Tuned best alpha=0.70 (Val Acc: 72.8%)
   -> AIA after Task 11: 72.95% | Breakdown: ['69.6%', '71.7%', '74.6%', '66.4%', '68.7%', '76.4%', '73.3%', '73.9%', '75.1%', '76.1%', '76.6%']

   📚 Training Task 12/20
✅ Bio-Graph Training Complete.
   🔎 Tuned best alpha=1.00 (Val Acc: 73.0%)
   -> AIA after Task 12: 72.58% | Breakdown: ['68.8%', '72.2%', '75.1%', '66.4%', '68.5%', '76.6%', '71.8%', '72.7%', '73.4%', '75.6%', '74.9%', '75.0%']

   📚 Training Task 13/20
✅ Bio-Graph Training Complete.
   🔎 Tuned best alpha=1.00 (Val Acc: 72.0%)
   -> AIA after Task 13: 72.05% | Breakdown: ['69.3%', '72.7%', '75.6%', '67.1%', '69.1%', '76.4%', '71.1%', '71.2%', '72.6%', '75.1%', '73.8%', '74.4%', '68.2%']

   📚 Training Task 14/20
✅ Bio-Graph Training Complete.
   🔎 Tuned best alpha=0.90 (Val Acc: 71.3%)
   -> AIA after Task 14: 70.91% | Breakdown: ['69.5%', '72.3%', '76.5%', '67.4%', '69.4%', '77.1%', '70.9%', '69.1%', '70.9%', '74.1%', '73.3%', '73.1%', '67.4%', '61.8%']

   📚 Training Task 15/20
✅ Bio-Graph Training Complete.
   🔎 Tuned best alpha=0.70 (Val Acc: 70.8%)
   -> AIA after Task 15: 70.99% | Breakdown: ['69.8%', '71.5%', '75.4%', '68.1%', '69.6%', '77.3%', '70.7%', '68.2%', '70.7%', '72.9%', '73.5%', '73.6%', '65.5%', '61.7%', '76.3%']

   📚 Training Task 16/20
✅ Bio-Graph Training Complete.
   🔎 Tuned best alpha=0.80 (Val Acc: 69.7%)
   -> AIA after Task 16: 69.94% | Breakdown: ['69.2%', '72.2%', '75.1%', '67.2%', '68.1%', '77.6%', '69.6%', '67.5%', '69.8%', '71.0%', '72.3%', '72.6%', '64.1%', '61.3%', '75.6%', '65.9%']

   📚 Training Task 17/20
✅ Bio-Graph Training Complete.
   🔎 Tuned best alpha=0.30 (Val Acc: 69.5%)
   -> AIA after Task 17: 69.70% | Breakdown: ['69.5%', '71.5%', '74.9%', '67.4%', '68.4%', '77.7%', '69.2%', '66.4%', '68.4%', '70.6%', '72.3%', '70.4%', '63.4%', '60.6%', '75.0%', '66.3%', '72.9%']

   📚 Training Task 18/20
✅ Bio-Graph Training Complete.
   🔎 Tuned best alpha=1.00 (Val Acc: 68.9%)
   -> AIA after Task 18: 69.19% | Breakdown: ['68.3%', '71.0%', '74.7%', '67.4%', '69.3%', '77.5%', '68.4%', '67.2%', '69.0%', '69.7%', '69.8%', '69.8%', '63.8%', '60.2%', '75.0%', '65.1%', '72.2%', '67.1%']

   📚 Training Task 19/20
✅ Bio-Graph Training Complete.
   🔎 Tuned best alpha=0.80 (Val Acc: 68.8%)
   -> AIA after Task 19: 69.42% | Breakdown: ['69.4%', '70.6%', '75.8%', '67.0%', '67.9%', '78.1%', '68.5%', '67.0%', '68.9%', '70.3%', '68.9%', '70.5%', '64.1%', '59.8%', '75.3%', '65.3%', '71.9%', '63.7%', '75.9%']

   📚 Training Task 20/20
✅ Bio-Graph Training Complete.
   🔎 Tuned best alpha=0.30 (Val Acc: 68.8%)
   -> AIA after Task 20: 68.78% | Breakdown: ['68.7%', '68.4%', '74.8%', '66.8%', '67.9%', '78.0%', '68.5%', '66.2%', '68.6%', '68.1%', '68.2%', '70.0%', '64.4%', '59.3%', '74.6%', '64.5%', '72.0%', '61.5%', '74.1%', '71.0%']
✅ Memory trace saved → outputs/memory_trace_tinyimagenet_resnet50.png / .svg
   🧠 Bio-Graph Memory Footprint: 210.68 MB
   ✅ Selected alpha: 0.70 (Tuned on 800 val samples)

   🏆 Pure CIL Metrics -> AIA: 68.78% | Forgetting: 4.74%
✅ Memory comparison saved → outputs/memory_comparison_tinyimagenet_resnet50.png / .svg
🔄 Preparing Dataset: TINYIMAGENET...
   📐 Preprocessing: 224px, norm=custom
✅ Tiny-ImageNet found at ./data/tiny-imagenet-200
✅ Loaded 100000 images. Classes expected: 200
💾 Loading cached resnet50 features for tinyimagenet (Train)...

🌱 --- Starting Run with Seed: 42 ---
   📦 Stream samples: 72000 | Val samples: 8000
   🚀 Training Bio-Inspired Graph (Hippocampus + Cortex)...

   🌀 --- PURE CIL MODE SCENARIO ---

   📚 Training Task 1/20
✅ Bio-Graph Training Complete.
   🔎 Tuned best alpha=0.30 (Val Acc: 74.8%)
   -> AIA after Task 1: 74.10% | Breakdown: ['74.1%']

   📚 Training Task 2/20
✅ Bio-Graph Training Complete.
   🔎 Tuned best alpha=0.70 (Val Acc: 72.7%)
   -> AIA after Task 2: 73.95% | Breakdown: ['72.6%', '75.3%']

   📚 Training Task 3/20
✅ Bio-Graph Training Complete.
   🔎 Tuned best alpha=0.70 (Val Acc: 73.9%)
   -> AIA after Task 3: 74.17% | Breakdown: ['71.8%', '73.9%', '76.8%']

   📚 Training Task 4/20
✅ Bio-Graph Training Complete.
   🔎 Tuned best alpha=0.90 (Val Acc: 72.5%)
   -> AIA after Task 4: 72.62% | Breakdown: ['72.2%', '71.6%', '74.7%', '72.0%']

   📚 Training Task 5/20
✅ Bio-Graph Training Complete.
   🔎 Tuned best alpha=0.50 (Val Acc: 70.9%)
   -> AIA after Task 5: 70.50% | Breakdown: ['69.4%', '71.1%', '74.9%', '69.1%', '68.0%']

   📚 Training Task 6/20
✅ Bio-Graph Training Complete.
   🔎 Tuned best alpha=0.30 (Val Acc: 71.6%)
   -> AIA after Task 6: 71.20% | Breakdown: ['69.8%', '71.9%', '75.0%', '67.6%', '66.5%', '76.4%']

   📚 Training Task 7/20
✅ Bio-Graph Training Complete.
   🔎 Tuned best alpha=1.00 (Val Acc: 74.0%)
   -> AIA after Task 7: 72.93% | Breakdown: ['69.9%', '73.0%', '76.0%', '68.2%', '67.8%', '77.5%', '78.1%']

   📚 Training Task 8/20
✅ Bio-Graph Training Complete.
   🔎 Tuned best alpha=1.00 (Val Acc: 75.3%)
   -> AIA after Task 8: 74.17% | Breakdown: ['70.9%', '73.6%', '77.4%', '68.9%', '67.8%', '77.2%', '78.6%', '79.0%']

   📚 Training Task 9/20
✅ Bio-Graph Training Complete.
   🔎 Tuned best alpha=0.70 (Val Acc: 75.2%)
   -> AIA after Task 9: 74.39% | Breakdown: ['71.1%', '73.6%', '77.6%', '69.1%', '70.0%', '77.7%', '76.1%', '76.1%', '78.2%']

   📚 Training Task 10/20
✅ Bio-Graph Training Complete.
   🔎 Tuned best alpha=0.90 (Val Acc: 74.4%)
   -> AIA after Task 10: 74.45% | Breakdown: ['70.6%', '73.7%', '77.7%', '68.2%', '69.8%', '77.8%', '74.8%', '75.0%', '77.1%', '79.8%']

   📚 Training Task 11/20
✅ Bio-Graph Training Complete.
   🔎 Tuned best alpha=1.00 (Val Acc: 74.4%)
   -> AIA after Task 11: 74.85% | Breakdown: ['71.6%', '75.2%', '77.6%', '67.8%', '70.7%', '77.7%', '74.8%', '74.0%', '76.6%', '79.5%', '77.9%']

   📚 Training Task 12/20
✅ Bio-Graph Training Complete.
   🔎 Tuned best alpha=1.00 (Val Acc: 74.7%)
   -> AIA after Task 12: 74.60% | Breakdown: ['71.0%', '74.7%', '78.0%', '69.2%', '70.3%', '77.9%', '73.8%', '72.6%', '75.3%', '78.5%', '76.5%', '77.4%']

   📚 Training Task 13/20
✅ Bio-Graph Training Complete.
   🔎 Tuned best alpha=1.00 (Val Acc: 74.2%)
   -> AIA after Task 13: 74.00% | Breakdown: ['71.5%', '74.9%', '78.5%', '68.8%', '70.0%', '79.0%', '72.7%', '71.8%', '74.1%', '77.5%', '75.7%', '77.9%', '69.6%']

   📚 Training Task 14/20
✅ Bio-Graph Training Complete.
   🔎 Tuned best alpha=1.00 (Val Acc: 73.2%)
   -> AIA after Task 14: 72.48% | Breakdown: ['71.7%', '74.9%', '77.9%', '69.7%', '70.7%', '78.3%', '71.5%', '69.6%', '73.2%', '75.5%', '74.2%', '76.7%', '68.6%', '62.2%']

   📚 Training Task 15/20
✅ Bio-Graph Training Complete.
   🔎 Tuned best alpha=1.00 (Val Acc: 72.5%)
   -> AIA after Task 15: 72.64% | Breakdown: ['71.8%', '74.8%', '77.6%', '70.8%', '70.2%', '79.0%', '71.1%', '68.8%', '72.2%', '74.5%', '74.5%', '75.8%', '68.1%', '62.5%', '77.9%']

   📚 Training Task 16/20
✅ Bio-Graph Training Complete.
   🔎 Tuned best alpha=1.00 (Val Acc: 71.5%)
   -> AIA after Task 16: 71.47% | Breakdown: ['71.1%', '74.5%', '77.7%', '69.8%', '68.9%', '79.5%', '70.2%', '68.2%', '71.5%', '72.5%', '73.8%', '75.4%', '67.3%', '62.2%', '76.4%', '64.6%']

   📚 Training Task 17/20
✅ Bio-Graph Training Complete.
   🔎 Tuned best alpha=0.90 (Val Acc: 71.2%)
   -> AIA after Task 17: 71.28% | Breakdown: ['71.2%', '74.8%', '77.8%', '69.2%', '69.8%', '79.3%', '69.9%', '67.4%', '70.5%', '72.1%', '73.7%', '73.8%', '67.4%', '61.1%', '76.4%', '64.7%', '72.6%']

   📚 Training Task 18/20
✅ Bio-Graph Training Complete.
   🔎 Tuned best alpha=1.00 (Val Acc: 70.7%)
   -> AIA after Task 18: 70.68% | Breakdown: ['71.0%', '73.9%', '78.6%', '69.1%', '69.6%', '78.6%', '68.7%', '67.4%', '70.0%', '71.3%', '71.3%', '72.6%', '66.9%', '61.1%', '76.1%', '64.2%', '72.7%', '69.2%']

   📚 Training Task 19/20
✅ Bio-Graph Training Complete.
   🔎 Tuned best alpha=0.30 (Val Acc: 70.6%)
   -> AIA after Task 19: 70.75% | Breakdown: ['70.5%', '72.7%', '79.5%', '69.4%', '68.9%', '79.6%', '69.3%', '66.9%', '69.6%', '71.6%', '71.8%', '72.7%', '66.9%', '60.5%', '76.9%', '63.2%', '72.9%', '65.8%', '75.6%']

   📚 Training Task 20/20
✅ Bio-Graph Training Complete.
   🔎 Tuned best alpha=0.70 (Val Acc: 70.5%)
   -> AIA after Task 20: 70.20% | Breakdown: ['70.6%', '70.4%', '78.0%', '69.1%', '69.1%', '79.0%', '69.5%', '66.6%', '69.3%', '69.9%', '70.3%', '73.2%', '67.1%', '60.0%', '76.5%', '62.3%', '72.6%', '63.7%', '74.0%', '72.8%']
✅ Memory trace saved → outputs/memory_trace_tinyimagenet_resnet50.png / .svg
   🧠 Bio-Graph Memory Footprint: 241.87 MB
   ✅ Selected alpha: 0.50 (Tuned on 800 val samples)

   🏆 Pure CIL Metrics -> AIA: 70.20% | Forgetting: 4.41%
✅ Memory comparison saved → outputs/memory_comparison_tinyimagenet_resnet50.png / .svg

✅ Ablations complete. Saved to results/ablation_resnet50_tinyimagenet.json
