🔄 Preparing Dataset: TINYIMAGENET...
   📐 Preprocessing: 224px, norm=custom
✅ Tiny-ImageNet found at ./data/tiny-imagenet-200
✅ Loaded 100000 images. Classes expected: 200
💾 Loading cached dinov3 features for tinyimagenet (Train)...

🚀 [1/3] Component Ablation Table...

📏 Running Standalone NCM Baseline (Stage 1 Logic)...
🔄 Preparing Dataset: TINYIMAGENET...
   📐 Preprocessing: 224px, norm=custom
✅ Tiny-ImageNet found at ./data/tiny-imagenet-200
✅ Loaded 100000 images. Classes expected: 200
💾 Loading cached dinov3 features for tinyimagenet (Train)...

🌱 --- Starting Run with Seed: 42 ---
   📦 Stream samples: 72000 | Val samples: 8000
   🚀 Training Bio-Inspired Graph (Hippocampus + Cortex)...

   🌀 --- PURE CIL MODE SCENARIO ---

   📚 Training Task 1/20
✅ Bio-Graph Training Complete.
   ℹ️  Fixed Alpha Ablation: Using alpha=0.00
   -> AIA after Task 1: 96.20% | Breakdown: ['96.2%']

   📚 Training Task 2/20
✅ Bio-Graph Training Complete.
   ℹ️  Fixed Alpha Ablation: Using alpha=0.00
   -> AIA after Task 2: 95.65% | Breakdown: ['95.5%', '95.8%']

   📚 Training Task 3/20
✅ Bio-Graph Training Complete.
   ℹ️  Fixed Alpha Ablation: Using alpha=0.00
   -> AIA after Task 3: 96.23% | Breakdown: ['95.5%', '96.2%', '97.0%']

   📚 Training Task 4/20
✅ Bio-Graph Training Complete.
   ℹ️  Fixed Alpha Ablation: Using alpha=0.00
   -> AIA after Task 4: 94.47% | Breakdown: ['95.3%', '95.7%', '96.4%', '90.5%']

   📚 Training Task 5/20
✅ Bio-Graph Training Complete.
   ℹ️  Fixed Alpha Ablation: Using alpha=0.00
   -> AIA after Task 5: 94.72% | Breakdown: ['95.0%', '95.4%', '96.7%', '90.1%', '96.4%']

   📚 Training Task 6/20
✅ Bio-Graph Training Complete.
   ℹ️  Fixed Alpha Ablation: Using alpha=0.00
   -> AIA after Task 6: 95.15% | Breakdown: ['95.0%', '95.1%', '96.5%', '90.1%', '96.3%', '97.9%']

   📚 Training Task 7/20
✅ Bio-Graph Training Complete.
   ℹ️  Fixed Alpha Ablation: Using alpha=0.00
   -> AIA after Task 7: 95.47% | Breakdown: ['94.7%', '95.1%', '96.7%', '90.3%', '96.4%', '97.9%', '97.2%']

   📚 Training Task 8/20
✅ Bio-Graph Training Complete.
   ℹ️  Fixed Alpha Ablation: Using alpha=0.00
   -> AIA after Task 8: 95.58% | Breakdown: ['95.1%', '95.0%', '96.6%', '90.6%', '96.4%', '98.0%', '97.0%', '95.9%']

   📚 Training Task 9/20
✅ Bio-Graph Training Complete.
   ℹ️  Fixed Alpha Ablation: Using alpha=0.00
   -> AIA after Task 9: 95.41% | Breakdown: ['94.8%', '95.4%', '97.0%', '91.0%', '95.9%', '97.6%', '96.4%', '95.5%', '95.1%']

   📚 Training Task 10/20
✅ Bio-Graph Training Complete.
   ℹ️  Fixed Alpha Ablation: Using alpha=0.00
   -> AIA after Task 10: 95.57% | Breakdown: ['94.8%', '95.6%', '96.6%', '90.9%', '96.2%', '97.7%', '96.6%', '95.7%', '94.8%', '96.8%']

   📚 Training Task 11/20
✅ Bio-Graph Training Complete.
   ℹ️  Fixed Alpha Ablation: Using alpha=0.00
   -> AIA after Task 11: 95.72% | Breakdown: ['94.9%', '95.6%', '96.7%', '91.0%', '95.8%', '98.1%', '96.6%', '95.8%', '94.4%', '96.7%', '97.3%']

   📚 Training Task 12/20
✅ Bio-Graph Training Complete.
   ℹ️  Fixed Alpha Ablation: Using alpha=0.00
   -> AIA after Task 12: 95.82% | Breakdown: ['94.7%', '95.5%', '96.8%', '91.4%', '96.0%', '98.3%', '96.4%', '95.8%', '94.6%', '96.9%', '96.8%', '96.7%']

   📚 Training Task 13/20
✅ Bio-Graph Training Complete.
   ℹ️  Fixed Alpha Ablation: Using alpha=0.00
   -> AIA after Task 13: 95.82% | Breakdown: ['95.0%', '95.8%', '96.7%', '91.0%', '96.4%', '98.1%', '96.1%', '95.9%', '94.0%', '96.4%', '97.0%', '96.9%', '96.4%']

   📚 Training Task 14/20
✅ Bio-Graph Training Complete.
   ℹ️  Fixed Alpha Ablation: Using alpha=0.00
   -> AIA after Task 14: 95.34% | Breakdown: ['94.9%', '95.7%', '96.8%', '90.9%', '96.3%', '98.2%', '96.3%', '95.0%', '93.9%', '96.1%', '96.6%', '96.9%', '96.0%', '91.2%']

   📚 Training Task 15/20
✅ Bio-Graph Training Complete.
   ℹ️  Fixed Alpha Ablation: Using alpha=0.00
   -> AIA after Task 15: 95.44% | Breakdown: ['95.1%', '95.7%', '96.8%', '91.0%', '96.4%', '98.1%', '96.4%', '94.4%', '93.9%', '96.0%', '96.6%', '97.0%', '96.0%', '91.3%', '96.9%']

   📚 Training Task 16/20
✅ Bio-Graph Training Complete.
   ℹ️  Fixed Alpha Ablation: Using alpha=0.00
   -> AIA after Task 16: 95.01% | Breakdown: ['95.0%', '95.2%', '96.9%', '91.0%', '96.3%', '98.1%', '96.0%', '94.9%', '94.2%', '94.1%', '96.5%', '96.8%', '95.7%', '90.6%', '96.5%', '92.4%']

   📚 Training Task 17/20
✅ Bio-Graph Training Complete.
   ℹ️  Fixed Alpha Ablation: Using alpha=0.00
   -> AIA after Task 17: 95.10% | Breakdown: ['95.0%', '95.4%', '97.1%', '91.5%', '96.2%', '98.0%', '95.8%', '94.6%', '94.0%', '94.3%', '96.4%', '96.0%', '95.5%', '91.1%', '96.7%', '92.5%', '96.6%']

   📚 Training Task 18/20
✅ Bio-Graph Training Complete.
   ℹ️  Fixed Alpha Ablation: Using alpha=0.00
   -> AIA after Task 18: 94.82% | Breakdown: ['94.8%', '95.4%', '97.0%', '91.6%', '96.1%', '98.2%', '95.5%', '94.4%', '93.3%', '94.4%', '96.0%', '96.2%', '95.6%', '90.8%', '96.6%', '92.5%', '96.2%', '92.1%']

   📚 Training Task 19/20
✅ Bio-Graph Training Complete.
   ℹ️  Fixed Alpha Ablation: Using alpha=0.00
   -> AIA after Task 19: 94.70% | Breakdown: ['94.9%', '94.8%', '96.9%', '91.4%', '96.2%', '98.1%', '95.6%', '94.3%', '93.3%', '94.4%', '95.8%', '96.8%', '95.4%', '90.5%', '96.8%', '92.3%', '96.2%', '91.0%', '94.6%']

   📚 Training Task 20/20
✅ Bio-Graph Training Complete.
   ℹ️  Fixed Alpha Ablation: Using alpha=0.00
   -> AIA after Task 20: 94.19% | Breakdown: ['94.3%', '93.7%', '96.5%', '91.3%', '96.1%', '98.0%', '95.5%', '93.9%', '93.2%', '94.2%', '95.5%', '96.4%', '95.3%', '90.2%', '96.6%', '92.0%', '96.0%', '90.5%', '94.4%', '90.3%']
✅ Memory trace saved → outputs/memory_trace_tinyimagenet_dinov3.png / .svg
   🧠 Bio-Graph Memory Footprint: 548.11 MB
   ℹ️  Fixed Alpha Ablation: Using alpha=0.00 (Tuning skipped)

   🏆 Pure CIL Metrics -> AIA: 94.19% | Forgetting: 1.16%
✅ Memory comparison saved → outputs/memory_comparison_tinyimagenet_dinov3.png / .svg
🔄 Preparing Dataset: TINYIMAGENET...
   📐 Preprocessing: 224px, norm=custom
✅ Tiny-ImageNet found at ./data/tiny-imagenet-200
✅ Loaded 100000 images. Classes expected: 200
💾 Loading cached dinov3 features for tinyimagenet (Train)...

🌱 --- Starting Run with Seed: 42 ---
   📦 Stream samples: 72000 | Val samples: 8000
   🚀 Training Bio-Inspired Graph (Hippocampus + Cortex)...

   🌀 --- PURE CIL MODE SCENARIO ---

   📚 Training Task 1/20
✅ Bio-Graph Training Complete.
   ℹ️  Fixed Alpha Ablation: Using alpha=1.00
   -> AIA after Task 1: 96.10% | Breakdown: ['96.1%']

   📚 Training Task 2/20
✅ Bio-Graph Training Complete.
   ℹ️  Fixed Alpha Ablation: Using alpha=1.00
   -> AIA after Task 2: 95.55% | Breakdown: ['95.3%', '95.8%']

   📚 Training Task 3/20
✅ Bio-Graph Training Complete.
   ℹ️  Fixed Alpha Ablation: Using alpha=1.00
   -> AIA after Task 3: 96.33% | Breakdown: ['95.6%', '96.3%', '97.1%']

   📚 Training Task 4/20
✅ Bio-Graph Training Complete.
   ℹ️  Fixed Alpha Ablation: Using alpha=1.00
   -> AIA after Task 4: 94.52% | Breakdown: ['95.3%', '95.8%', '96.6%', '90.4%']

   📚 Training Task 5/20
✅ Bio-Graph Training Complete.
   ℹ️  Fixed Alpha Ablation: Using alpha=1.00
   -> AIA after Task 5: 94.74% | Breakdown: ['95.1%', '95.4%', '96.6%', '90.2%', '96.4%']

   📚 Training Task 6/20
✅ Bio-Graph Training Complete.
   ℹ️  Fixed Alpha Ablation: Using alpha=1.00
   -> AIA after Task 6: 95.20% | Breakdown: ['95.0%', '95.2%', '96.7%', '90.1%', '96.4%', '97.8%']

   📚 Training Task 7/20
✅ Bio-Graph Training Complete.
   ℹ️  Fixed Alpha Ablation: Using alpha=1.00
   -> AIA after Task 7: 95.51% | Breakdown: ['94.8%', '95.1%', '96.7%', '90.3%', '96.4%', '97.9%', '97.4%']

   📚 Training Task 8/20
✅ Bio-Graph Training Complete.
   ℹ️  Fixed Alpha Ablation: Using alpha=1.00
   -> AIA after Task 8: 95.64% | Breakdown: ['95.0%', '95.1%', '96.7%', '90.9%', '96.3%', '97.9%', '97.1%', '96.1%']

   📚 Training Task 9/20
✅ Bio-Graph Training Complete.
   ℹ️  Fixed Alpha Ablation: Using alpha=1.00
   -> AIA after Task 9: 95.50% | Breakdown: ['95.0%', '95.6%', '97.0%', '90.4%', '96.0%', '97.6%', '96.7%', '96.0%', '95.2%']

   📚 Training Task 10/20
✅ Bio-Graph Training Complete.
   ℹ️  Fixed Alpha Ablation: Using alpha=1.00
   -> AIA after Task 10: 95.63% | Breakdown: ['95.0%', '95.6%', '96.5%', '91.3%', '96.1%', '97.8%', '96.6%', '95.8%', '94.9%', '96.7%']

   📚 Training Task 11/20
✅ Bio-Graph Training Complete.
   ℹ️  Fixed Alpha Ablation: Using alpha=1.00
   -> AIA after Task 11: 95.75% | Breakdown: ['94.9%', '95.5%', '96.9%', '91.2%', '95.7%', '98.1%', '96.6%', '95.9%', '94.5%', '96.6%', '97.4%']

   📚 Training Task 12/20
✅ Bio-Graph Training Complete.
   ℹ️  Fixed Alpha Ablation: Using alpha=1.00
   -> AIA after Task 12: 95.86% | Breakdown: ['95.0%', '95.5%', '96.8%', '91.4%', '95.8%', '98.3%', '96.4%', '95.8%', '94.7%', '96.9%', '97.0%', '96.7%']

   📚 Training Task 13/20
✅ Bio-Graph Training Complete.
   ℹ️  Fixed Alpha Ablation: Using alpha=1.00
   -> AIA after Task 13: 95.85% | Breakdown: ['94.9%', '96.0%', '97.2%', '91.3%', '95.9%', '98.1%', '95.7%', '95.9%', '94.6%', '96.2%', '97.0%', '97.0%', '96.3%']

   📚 Training Task 14/20
✅ Bio-Graph Training Complete.
   ℹ️  Fixed Alpha Ablation: Using alpha=1.00
   -> AIA after Task 14: 95.45% | Breakdown: ['95.0%', '95.8%', '97.2%', '91.5%', '95.9%', '98.1%', '96.3%', '95.0%', '94.0%', '96.1%', '96.4%', '97.3%', '96.1%', '91.6%']

   📚 Training Task 15/20
✅ Bio-Graph Training Complete.
   ℹ️  Fixed Alpha Ablation: Using alpha=1.00
   -> AIA after Task 15: 95.50% | Breakdown: ['95.2%', '95.8%', '97.2%', '91.2%', '96.0%', '98.0%', '96.3%', '94.6%', '94.0%', '95.9%', '96.6%', '97.0%', '96.1%', '91.5%', '97.1%']

   📚 Training Task 16/20
✅ Bio-Graph Training Complete.
   ℹ️  Fixed Alpha Ablation: Using alpha=1.00
   -> AIA after Task 16: 95.10% | Breakdown: ['95.0%', '95.5%', '97.2%', '91.2%', '96.0%', '98.1%', '96.1%', '95.0%', '94.5%', '93.9%', '96.4%', '96.8%', '95.8%', '91.0%', '96.5%', '92.6%']

   📚 Training Task 17/20
✅ Bio-Graph Training Complete.
   ℹ️  Fixed Alpha Ablation: Using alpha=1.00
   -> AIA after Task 17: 95.12% | Breakdown: ['94.8%', '95.5%', '97.1%', '91.9%', '95.8%', '97.9%', '95.4%', '94.9%', '94.2%', '94.2%', '96.4%', '96.5%', '95.7%', '91.2%', '96.7%', '92.5%', '96.3%']

   📚 Training Task 18/20
✅ Bio-Graph Training Complete.
   ℹ️  Fixed Alpha Ablation: Using alpha=1.00
   -> AIA after Task 18: 94.82% | Breakdown: ['94.6%', '95.4%', '97.4%', '91.4%', '95.9%', '98.1%', '95.2%', '94.4%', '93.4%', '94.0%', '95.8%', '96.8%', '95.7%', '90.9%', '96.7%', '92.5%', '96.1%', '92.4%']

   📚 Training Task 19/20
✅ Bio-Graph Training Complete.
   ℹ️  Fixed Alpha Ablation: Using alpha=1.00
   -> AIA after Task 19: 94.76% | Breakdown: ['94.7%', '95.0%', '97.4%', '91.4%', '96.2%', '98.1%', '95.3%', '94.5%', '93.6%', '94.1%', '95.7%', '96.9%', '95.5%', '90.8%', '96.9%', '92.8%', '96.0%', '90.9%', '94.6%']

   📚 Training Task 20/20
✅ Bio-Graph Training Complete.
   ℹ️  Fixed Alpha Ablation: Using alpha=1.00
   -> AIA after Task 20: 94.27% | Breakdown: ['94.7%', '94.5%', '96.7%', '91.9%', '95.8%', '97.9%', '95.0%', '94.2%', '93.4%', '93.5%', '95.3%', '96.5%', '95.4%', '90.5%', '97.0%', '92.4%', '95.8%', '90.1%', '94.4%', '90.5%']
✅ Memory trace saved → outputs/memory_trace_tinyimagenet_dinov3.png / .svg
   🧠 Bio-Graph Memory Footprint: 548.11 MB
   ℹ️  Fixed Alpha Ablation: Using alpha=1.00 (Tuning skipped)

   🏆 Pure CIL Metrics -> AIA: 94.27% | Forgetting: 1.20%
✅ Memory comparison saved → outputs/memory_comparison_tinyimagenet_dinov3.png / .svg
🔄 Preparing Dataset: TINYIMAGENET...
   📐 Preprocessing: 224px, norm=custom
✅ Tiny-ImageNet found at ./data/tiny-imagenet-200
✅ Loaded 100000 images. Classes expected: 200
💾 Loading cached dinov3 features for tinyimagenet (Train)...

🌱 --- Starting Run with Seed: 42 ---
   📦 Stream samples: 72000 | Val samples: 8000
   🚀 Training Bio-Inspired Graph (Hippocampus + Cortex)...

   🌀 --- PURE CIL MODE SCENARIO ---

   📚 Training Task 1/20
✅ Bio-Graph Training Complete.
   🔎 Tuned best alpha=0.00 (Val Acc: 95.7%)
   -> AIA after Task 1: 96.20% | Breakdown: ['96.2%']

   📚 Training Task 2/20
✅ Bio-Graph Training Complete.
   🔎 Tuned best alpha=0.00 (Val Acc: 95.5%)
   -> AIA after Task 2: 95.65% | Breakdown: ['95.5%', '95.8%']

   📚 Training Task 3/20
✅ Bio-Graph Training Complete.
   🔎 Tuned best alpha=0.30 (Val Acc: 96.5%)
   -> AIA after Task 3: 96.27% | Breakdown: ['95.5%', '96.2%', '97.1%']

   📚 Training Task 4/20
✅ Bio-Graph Training Complete.
   🔎 Tuned best alpha=0.50 (Val Acc: 95.6%)
   -> AIA after Task 4: 94.50% | Breakdown: ['95.3%', '95.7%', '96.5%', '90.5%']

   📚 Training Task 5/20
✅ Bio-Graph Training Complete.
   🔎 Tuned best alpha=0.30 (Val Acc: 95.0%)
   -> AIA after Task 5: 94.70% | Breakdown: ['95.0%', '95.3%', '96.6%', '90.2%', '96.4%']

   📚 Training Task 6/20
✅ Bio-Graph Training Complete.
   🔎 Tuned best alpha=0.00 (Val Acc: 95.7%)
   -> AIA after Task 6: 95.15% | Breakdown: ['95.0%', '95.1%', '96.5%', '90.1%', '96.3%', '97.9%']

   📚 Training Task 7/20
✅ Bio-Graph Training Complete.
   🔎 Tuned best alpha=0.50 (Val Acc: 95.9%)
   -> AIA after Task 7: 95.53% | Breakdown: ['94.7%', '95.1%', '96.7%', '90.4%', '96.4%', '97.9%', '97.5%']

   📚 Training Task 8/20
✅ Bio-Graph Training Complete.
   🔎 Tuned best alpha=1.00 (Val Acc: 96.0%)
   -> AIA after Task 8: 95.64% | Breakdown: ['95.0%', '95.1%', '96.7%', '90.9%', '96.3%', '97.9%', '97.1%', '96.1%']

   📚 Training Task 9/20
✅ Bio-Graph Training Complete.
   🔎 Tuned best alpha=1.00 (Val Acc: 96.2%)
   -> AIA after Task 9: 95.50% | Breakdown: ['95.0%', '95.6%', '97.0%', '90.4%', '96.0%', '97.6%', '96.7%', '96.0%', '95.2%']

   📚 Training Task 10/20
✅ Bio-Graph Training Complete.
   🔎 Tuned best alpha=0.00 (Val Acc: 95.9%)
   -> AIA after Task 10: 95.57% | Breakdown: ['94.8%', '95.6%', '96.6%', '90.9%', '96.2%', '97.7%', '96.6%', '95.7%', '94.8%', '96.8%']

   📚 Training Task 11/20
✅ Bio-Graph Training Complete.
   🔎 Tuned best alpha=0.00 (Val Acc: 96.0%)
   -> AIA after Task 11: 95.72% | Breakdown: ['94.9%', '95.6%', '96.7%', '91.0%', '95.8%', '98.1%', '96.6%', '95.8%', '94.4%', '96.7%', '97.3%']

   📚 Training Task 12/20
✅ Bio-Graph Training Complete.
   🔎 Tuned best alpha=0.80 (Val Acc: 96.3%)
   -> AIA after Task 12: 95.83% | Breakdown: ['95.0%', '95.5%', '96.8%', '91.1%', '95.8%', '98.3%', '96.5%', '95.8%', '94.7%', '96.9%', '97.0%', '96.6%']

   📚 Training Task 13/20
✅ Bio-Graph Training Complete.
   🔎 Tuned best alpha=1.00 (Val Acc: 96.0%)
   -> AIA after Task 13: 95.85% | Breakdown: ['94.9%', '96.0%', '97.2%', '91.3%', '95.9%', '98.1%', '95.7%', '95.9%', '94.6%', '96.2%', '97.0%', '97.0%', '96.3%']

   📚 Training Task 14/20
✅ Bio-Graph Training Complete.
   🔎 Tuned best alpha=1.00 (Val Acc: 95.9%)
   -> AIA after Task 14: 95.45% | Breakdown: ['95.0%', '95.8%', '97.2%', '91.5%', '95.9%', '98.1%', '96.3%', '95.0%', '94.0%', '96.1%', '96.4%', '97.3%', '96.1%', '91.6%']

   📚 Training Task 15/20
✅ Bio-Graph Training Complete.
   🔎 Tuned best alpha=1.00 (Val Acc: 95.8%)
   -> AIA after Task 15: 95.50% | Breakdown: ['95.2%', '95.8%', '97.2%', '91.2%', '96.0%', '98.0%', '96.3%', '94.6%', '94.0%', '95.9%', '96.6%', '97.0%', '96.1%', '91.5%', '97.1%']

   📚 Training Task 16/20
✅ Bio-Graph Training Complete.
   🔎 Tuned best alpha=0.70 (Val Acc: 95.6%)
   -> AIA after Task 16: 95.06% | Breakdown: ['95.0%', '95.5%', '97.2%', '90.8%', '95.9%', '98.1%', '96.0%', '95.0%', '94.5%', '93.9%', '96.5%', '96.8%', '95.7%', '91.0%', '96.4%', '92.6%']

   📚 Training Task 17/20
✅ Bio-Graph Training Complete.
   🔎 Tuned best alpha=1.00 (Val Acc: 95.4%)
   -> AIA after Task 17: 95.12% | Breakdown: ['94.8%', '95.5%', '97.1%', '91.9%', '95.8%', '97.9%', '95.4%', '94.9%', '94.2%', '94.2%', '96.4%', '96.5%', '95.7%', '91.2%', '96.7%', '92.5%', '96.3%']

   📚 Training Task 18/20
✅ Bio-Graph Training Complete.
   🔎 Tuned best alpha=0.50 (Val Acc: 95.0%)
   -> AIA after Task 18: 94.84% | Breakdown: ['94.8%', '95.3%', '97.4%', '91.4%', '96.1%', '98.1%', '95.3%', '94.3%', '93.4%', '94.2%', '95.9%', '96.8%', '95.6%', '90.9%', '96.8%', '92.5%', '96.0%', '92.3%']

   📚 Training Task 19/20
✅ Bio-Graph Training Complete.
   🔎 Tuned best alpha=1.00 (Val Acc: 95.1%)
   -> AIA after Task 19: 94.76% | Breakdown: ['94.7%', '95.0%', '97.4%', '91.4%', '96.2%', '98.1%', '95.3%', '94.5%', '93.6%', '94.1%', '95.7%', '96.9%', '95.5%', '90.8%', '96.9%', '92.8%', '96.0%', '90.9%', '94.6%']

   📚 Training Task 20/20
✅ Bio-Graph Training Complete.
   🔎 Tuned best alpha=1.00 (Val Acc: 94.7%)
   -> AIA after Task 20: 94.27% | Breakdown: ['94.7%', '94.5%', '96.7%', '91.9%', '95.8%', '97.9%', '95.0%', '94.2%', '93.4%', '93.5%', '95.3%', '96.5%', '95.4%', '90.5%', '97.0%', '92.4%', '95.8%', '90.1%', '94.4%', '90.5%']
✅ Memory trace saved → outputs/memory_trace_tinyimagenet_dinov3.png / .svg
   🧠 Bio-Graph Memory Footprint: 548.11 MB
   ✅ Selected alpha: 0.80 (Tuned on 800 val samples)

   🏆 Pure CIL Metrics -> AIA: 94.27% | Forgetting: 1.19%
✅ Memory comparison saved → outputs/memory_comparison_tinyimagenet_dinov3.png / .svg

🚀 [2/3] Lambda Sweep...
🔄 Preparing Dataset: TINYIMAGENET...
   📐 Preprocessing: 224px, norm=custom
✅ Tiny-ImageNet found at ./data/tiny-imagenet-200
✅ Loaded 100000 images. Classes expected: 200
💾 Loading cached dinov3 features for tinyimagenet (Train)...

🌱 --- Starting Run with Seed: 42 ---
   📦 Stream samples: 72000 | Val samples: 8000
   🚀 Training Bio-Inspired Graph (Hippocampus + Cortex)...

   🌀 --- PURE CIL MODE SCENARIO ---

   📚 Training Task 1/20
✅ Bio-Graph Training Complete.
   🔎 Tuned best alpha=0.00 (Val Acc: 95.7%)
   -> AIA after Task 1: 96.20% | Breakdown: ['96.2%']

   📚 Training Task 2/20
✅ Bio-Graph Training Complete.
   🔎 Tuned best alpha=0.00 (Val Acc: 95.5%)
   -> AIA after Task 2: 95.60% | Breakdown: ['95.4%', '95.8%']

   📚 Training Task 3/20
✅ Bio-Graph Training Complete.
   🔎 Tuned best alpha=0.30 (Val Acc: 96.5%)
   -> AIA after Task 3: 96.30% | Breakdown: ['95.4%', '96.4%', '97.1%']

   📚 Training Task 4/20
✅ Bio-Graph Training Complete.
   🔎 Tuned best alpha=0.70 (Val Acc: 95.7%)
   -> AIA after Task 4: 94.47% | Breakdown: ['95.4%', '95.7%', '96.5%', '90.3%']

   📚 Training Task 5/20
✅ Bio-Graph Training Complete.
   🔎 Tuned best alpha=0.30 (Val Acc: 95.0%)
   -> AIA after Task 5: 94.78% | Breakdown: ['95.1%', '95.4%', '96.7%', '90.3%', '96.4%']

   📚 Training Task 6/20
✅ Bio-Graph Training Complete.
   🔎 Tuned best alpha=0.00 (Val Acc: 95.8%)
   -> AIA after Task 6: 95.20% | Breakdown: ['94.8%', '95.2%', '96.5%', '90.4%', '96.3%', '98.0%']

   📚 Training Task 7/20
✅ Bio-Graph Training Complete.
   🔎 Tuned best alpha=1.00 (Val Acc: 95.9%)
   -> AIA after Task 7: 95.59% | Breakdown: ['94.9%', '95.1%', '96.9%', '90.6%', '96.1%', '98.1%', '97.4%']

   📚 Training Task 8/20
✅ Bio-Graph Training Complete.
   🔎 Tuned best alpha=0.50 (Val Acc: 96.0%)
   -> AIA after Task 8: 95.64% | Breakdown: ['95.1%', '95.1%', '96.7%', '90.9%', '96.2%', '97.9%', '97.1%', '96.1%']

   📚 Training Task 9/20
✅ Bio-Graph Training Complete.
   🔎 Tuned best alpha=0.30 (Val Acc: 96.2%)
   -> AIA after Task 9: 95.46% | Breakdown: ['94.8%', '95.4%', '96.9%', '90.8%', '95.9%', '97.6%', '96.5%', '96.0%', '95.2%']

   📚 Training Task 10/20
✅ Bio-Graph Training Complete.
   🔎 Tuned best alpha=0.70 (Val Acc: 96.0%)
   -> AIA after Task 10: 95.67% | Breakdown: ['95.0%', '95.6%', '96.4%', '91.3%', '96.1%', '97.9%', '96.6%', '95.9%', '95.1%', '96.8%']

   📚 Training Task 11/20
✅ Bio-Graph Training Complete.
   🔎 Tuned best alpha=0.50 (Val Acc: 96.1%)
   -> AIA after Task 11: 95.82% | Breakdown: ['94.9%', '95.8%', '96.8%', '91.4%', '95.6%', '98.0%', '96.6%', '95.9%', '94.6%', '96.7%', '97.7%']

   📚 Training Task 12/20
✅ Bio-Graph Training Complete.
   🔎 Tuned best alpha=1.00 (Val Acc: 96.2%)
   -> AIA after Task 12: 95.90% | Breakdown: ['94.8%', '95.6%', '96.8%', '91.5%', '95.8%', '98.2%', '96.5%', '95.9%', '94.8%', '96.9%', '96.9%', '97.1%']

   📚 Training Task 13/20
✅ Bio-Graph Training Complete.
   🔎 Tuned best alpha=0.50 (Val Acc: 96.1%)
   -> AIA after Task 13: 95.88% | Breakdown: ['95.0%', '96.0%', '97.0%', '91.2%', '96.1%', '98.1%', '96.0%', '96.0%', '94.3%', '96.3%', '97.1%', '97.0%', '96.4%']

   📚 Training Task 14/20
✅ Bio-Graph Training Complete.
   🔎 Tuned best alpha=0.30 (Val Acc: 95.8%)
   -> AIA after Task 14: 95.51% | Breakdown: ['95.1%', '95.9%', '97.0%', '91.3%', '96.2%', '98.2%', '96.4%', '95.1%', '94.2%', '96.2%', '96.9%', '97.3%', '96.0%', '91.3%']

   📚 Training Task 15/20
✅ Bio-Graph Training Complete.
   🔎 Tuned best alpha=1.00 (Val Acc: 95.9%)
   -> AIA after Task 15: 95.47% | Breakdown: ['95.2%', '95.8%', '97.1%', '91.0%', '96.0%', '98.0%', '96.4%', '94.7%', '94.1%', '95.8%', '96.5%', '96.9%', '96.2%', '91.2%', '97.1%']

   📚 Training Task 16/20
✅ Bio-Graph Training Complete.
   🔎 Tuned best alpha=0.50 (Val Acc: 95.6%)
   -> AIA after Task 16: 95.06% | Breakdown: ['95.0%', '95.5%', '97.2%', '90.7%', '96.1%', '97.9%', '96.0%', '95.0%', '94.5%', '93.9%', '96.5%', '96.9%', '95.8%', '90.9%', '96.5%', '92.5%']

   📚 Training Task 17/20
✅ Bio-Graph Training Complete.
   🔎 Tuned best alpha=1.00 (Val Acc: 95.5%)
   -> AIA after Task 17: 95.11% | Breakdown: ['94.8%', '95.4%', '97.2%', '91.9%', '95.7%', '97.9%', '95.6%', '94.9%', '94.1%', '94.2%', '96.4%', '96.5%', '95.7%', '91.3%', '96.7%', '92.4%', '96.2%']

   📚 Training Task 18/20
✅ Bio-Graph Training Complete.
   🔎 Tuned best alpha=0.50 (Val Acc: 95.1%)
   -> AIA after Task 18: 94.84% | Breakdown: ['94.7%', '95.3%', '97.4%', '91.5%', '96.1%', '98.1%', '95.3%', '94.4%', '93.4%', '94.4%', '96.1%', '96.7%', '95.6%', '90.7%', '96.8%', '92.3%', '96.1%', '92.3%']

   📚 Training Task 19/20
✅ Bio-Graph Training Complete.
   🔎 Tuned best alpha=0.70 (Val Acc: 95.1%)
   -> AIA after Task 19: 94.78% | Breakdown: ['94.8%', '95.0%', '97.4%', '91.6%', '96.1%', '98.1%', '95.5%', '94.6%', '93.5%', '94.2%', '95.7%', '96.9%', '95.5%', '90.8%', '96.8%', '92.6%', '96.0%', '91.1%', '94.6%']

   📚 Training Task 20/20
✅ Bio-Graph Training Complete.
   🔎 Tuned best alpha=1.00 (Val Acc: 94.6%)
   -> AIA after Task 20: 94.29% | Breakdown: ['94.7%', '94.5%', '96.7%', '91.9%', '95.8%', '97.9%', '95.3%', '94.2%', '93.4%', '93.5%', '95.2%', '96.4%', '95.4%', '90.4%', '97.0%', '92.4%', '95.9%', '90.3%', '94.5%', '90.4%']
✅ Memory trace saved → outputs/memory_trace_tinyimagenet_dinov3.png / .svg
   🧠 Bio-Graph Memory Footprint: 548.46 MB
   ✅ Selected alpha: 1.00 (Tuned on 800 val samples)

   🏆 Pure CIL Metrics -> AIA: 94.29% | Forgetting: 1.17%
✅ Memory comparison saved → outputs/memory_comparison_tinyimagenet_dinov3.png / .svg
🔄 Preparing Dataset: TINYIMAGENET...
   📐 Preprocessing: 224px, norm=custom
✅ Tiny-ImageNet found at ./data/tiny-imagenet-200
✅ Loaded 100000 images. Classes expected: 200
💾 Loading cached dinov3 features for tinyimagenet (Train)...

🌱 --- Starting Run with Seed: 42 ---
   📦 Stream samples: 72000 | Val samples: 8000
   🚀 Training Bio-Inspired Graph (Hippocampus + Cortex)...

   🌀 --- PURE CIL MODE SCENARIO ---

   📚 Training Task 1/20
✅ Bio-Graph Training Complete.
   🔎 Tuned best alpha=0.00 (Val Acc: 95.7%)
   -> AIA after Task 1: 96.20% | Breakdown: ['96.2%']

   📚 Training Task 2/20
✅ Bio-Graph Training Complete.
   🔎 Tuned best alpha=0.00 (Val Acc: 95.5%)
   -> AIA after Task 2: 95.65% | Breakdown: ['95.5%', '95.8%']

   📚 Training Task 3/20
✅ Bio-Graph Training Complete.
   🔎 Tuned best alpha=0.30 (Val Acc: 96.5%)
   -> AIA after Task 3: 96.27% | Breakdown: ['95.5%', '96.2%', '97.1%']

   📚 Training Task 4/20
✅ Bio-Graph Training Complete.
   🔎 Tuned best alpha=0.50 (Val Acc: 95.6%)
   -> AIA after Task 4: 94.50% | Breakdown: ['95.3%', '95.7%', '96.5%', '90.5%']

   📚 Training Task 5/20
✅ Bio-Graph Training Complete.
   🔎 Tuned best alpha=0.30 (Val Acc: 95.0%)
   -> AIA after Task 5: 94.70% | Breakdown: ['95.0%', '95.3%', '96.6%', '90.2%', '96.4%']

   📚 Training Task 6/20
✅ Bio-Graph Training Complete.
   🔎 Tuned best alpha=0.00 (Val Acc: 95.7%)
   -> AIA after Task 6: 95.15% | Breakdown: ['95.0%', '95.1%', '96.5%', '90.1%', '96.3%', '97.9%']

   📚 Training Task 7/20
✅ Bio-Graph Training Complete.
   🔎 Tuned best alpha=0.50 (Val Acc: 95.9%)
   -> AIA after Task 7: 95.53% | Breakdown: ['94.7%', '95.1%', '96.7%', '90.4%', '96.4%', '97.9%', '97.5%']

   📚 Training Task 8/20
✅ Bio-Graph Training Complete.
   🔎 Tuned best alpha=1.00 (Val Acc: 96.0%)
   -> AIA after Task 8: 95.64% | Breakdown: ['95.0%', '95.1%', '96.7%', '90.9%', '96.3%', '97.9%', '97.1%', '96.1%']

   📚 Training Task 9/20
✅ Bio-Graph Training Complete.
   🔎 Tuned best alpha=1.00 (Val Acc: 96.2%)
   -> AIA after Task 9: 95.50% | Breakdown: ['95.0%', '95.6%', '97.0%', '90.4%', '96.0%', '97.6%', '96.7%', '96.0%', '95.2%']

   📚 Training Task 10/20
✅ Bio-Graph Training Complete.
   🔎 Tuned best alpha=0.00 (Val Acc: 95.9%)
   -> AIA after Task 10: 95.57% | Breakdown: ['94.8%', '95.6%', '96.6%', '90.9%', '96.2%', '97.7%', '96.6%', '95.7%', '94.8%', '96.8%']

   📚 Training Task 11/20
✅ Bio-Graph Training Complete.
   🔎 Tuned best alpha=0.00 (Val Acc: 96.0%)
   -> AIA after Task 11: 95.72% | Breakdown: ['94.9%', '95.6%', '96.7%', '91.0%', '95.8%', '98.1%', '96.6%', '95.8%', '94.4%', '96.7%', '97.3%']

   📚 Training Task 12/20
✅ Bio-Graph Training Complete.
   🔎 Tuned best alpha=0.80 (Val Acc: 96.3%)
   -> AIA after Task 12: 95.83% | Breakdown: ['95.0%', '95.5%', '96.8%', '91.1%', '95.8%', '98.3%', '96.5%', '95.8%', '94.7%', '96.9%', '97.0%', '96.6%']

   📚 Training Task 13/20
✅ Bio-Graph Training Complete.
   🔎 Tuned best alpha=1.00 (Val Acc: 96.0%)
   -> AIA after Task 13: 95.85% | Breakdown: ['94.9%', '96.0%', '97.2%', '91.3%', '95.9%', '98.1%', '95.7%', '95.9%', '94.6%', '96.2%', '97.0%', '97.0%', '96.3%']

   📚 Training Task 14/20
✅ Bio-Graph Training Complete.
   🔎 Tuned best alpha=1.00 (Val Acc: 95.9%)
   -> AIA after Task 14: 95.45% | Breakdown: ['95.0%', '95.8%', '97.2%', '91.5%', '95.9%', '98.1%', '96.3%', '95.0%', '94.0%', '96.1%', '96.4%', '97.3%', '96.1%', '91.6%']

   📚 Training Task 15/20
✅ Bio-Graph Training Complete.
   🔎 Tuned best alpha=1.00 (Val Acc: 95.8%)
   -> AIA after Task 15: 95.50% | Breakdown: ['95.2%', '95.8%', '97.2%', '91.2%', '96.0%', '98.0%', '96.3%', '94.6%', '94.0%', '95.9%', '96.6%', '97.0%', '96.1%', '91.5%', '97.1%']

   📚 Training Task 16/20
✅ Bio-Graph Training Complete.
   🔎 Tuned best alpha=0.70 (Val Acc: 95.6%)
   -> AIA after Task 16: 95.06% | Breakdown: ['95.0%', '95.5%', '97.2%', '90.8%', '95.9%', '98.1%', '96.0%', '95.0%', '94.5%', '93.9%', '96.5%', '96.8%', '95.7%', '91.0%', '96.4%', '92.6%']

   📚 Training Task 17/20
✅ Bio-Graph Training Complete.
   🔎 Tuned best alpha=1.00 (Val Acc: 95.4%)
   -> AIA after Task 17: 95.12% | Breakdown: ['94.8%', '95.5%', '97.1%', '91.9%', '95.8%', '97.9%', '95.4%', '94.9%', '94.2%', '94.2%', '96.4%', '96.5%', '95.7%', '91.2%', '96.7%', '92.5%', '96.3%']

   📚 Training Task 18/20
✅ Bio-Graph Training Complete.
   🔎 Tuned best alpha=0.50 (Val Acc: 95.0%)
   -> AIA after Task 18: 94.84% | Breakdown: ['94.8%', '95.3%', '97.4%', '91.4%', '96.1%', '98.1%', '95.3%', '94.3%', '93.4%', '94.2%', '95.9%', '96.8%', '95.6%', '90.9%', '96.8%', '92.5%', '96.0%', '92.3%']

   📚 Training Task 19/20
✅ Bio-Graph Training Complete.
   🔎 Tuned best alpha=1.00 (Val Acc: 95.1%)
   -> AIA after Task 19: 94.76% | Breakdown: ['94.7%', '95.0%', '97.4%', '91.4%', '96.2%', '98.1%', '95.3%', '94.5%', '93.6%', '94.1%', '95.7%', '96.9%', '95.5%', '90.8%', '96.9%', '92.8%', '96.0%', '90.9%', '94.6%']

   📚 Training Task 20/20
✅ Bio-Graph Training Complete.
   🔎 Tuned best alpha=1.00 (Val Acc: 94.7%)
   -> AIA after Task 20: 94.27% | Breakdown: ['94.7%', '94.5%', '96.7%', '91.9%', '95.8%', '97.9%', '95.0%', '94.2%', '93.4%', '93.5%', '95.3%', '96.5%', '95.4%', '90.5%', '97.0%', '92.4%', '95.8%', '90.1%', '94.4%', '90.5%']
✅ Memory trace saved → outputs/memory_trace_tinyimagenet_dinov3.png / .svg
   🧠 Bio-Graph Memory Footprint: 548.11 MB
   ✅ Selected alpha: 0.80 (Tuned on 800 val samples)

   🏆 Pure CIL Metrics -> AIA: 94.27% | Forgetting: 1.19%
✅ Memory comparison saved → outputs/memory_comparison_tinyimagenet_dinov3.png / .svg
🔄 Preparing Dataset: TINYIMAGENET...
   📐 Preprocessing: 224px, norm=custom
✅ Tiny-ImageNet found at ./data/tiny-imagenet-200
✅ Loaded 100000 images. Classes expected: 200
💾 Loading cached dinov3 features for tinyimagenet (Train)...

🌱 --- Starting Run with Seed: 42 ---
   📦 Stream samples: 72000 | Val samples: 8000
   🚀 Training Bio-Inspired Graph (Hippocampus + Cortex)...

   🌀 --- PURE CIL MODE SCENARIO ---

   📚 Training Task 1/20
✅ Bio-Graph Training Complete.
   🔎 Tuned best alpha=0.00 (Val Acc: 95.7%)
   -> AIA after Task 1: 96.20% | Breakdown: ['96.2%']

   📚 Training Task 2/20
✅ Bio-Graph Training Complete.
   🔎 Tuned best alpha=0.00 (Val Acc: 95.5%)
   -> AIA after Task 2: 95.65% | Breakdown: ['95.5%', '95.8%']

   📚 Training Task 3/20
✅ Bio-Graph Training Complete.
   🔎 Tuned best alpha=0.00 (Val Acc: 96.5%)
   -> AIA after Task 3: 96.27% | Breakdown: ['95.4%', '96.3%', '97.1%']

   📚 Training Task 4/20
✅ Bio-Graph Training Complete.
   🔎 Tuned best alpha=0.30 (Val Acc: 95.6%)
   -> AIA after Task 4: 94.50% | Breakdown: ['95.3%', '95.6%', '96.5%', '90.6%']

   📚 Training Task 5/20
✅ Bio-Graph Training Complete.
   🔎 Tuned best alpha=0.00 (Val Acc: 95.0%)
   -> AIA after Task 5: 94.82% | Breakdown: ['95.0%', '95.4%', '96.8%', '90.6%', '96.3%']

   📚 Training Task 6/20
✅ Bio-Graph Training Complete.
   🔎 Tuned best alpha=0.00 (Val Acc: 95.8%)
   -> AIA after Task 6: 95.22% | Breakdown: ['94.8%', '95.3%', '96.7%', '90.3%', '96.2%', '98.0%']

   📚 Training Task 7/20
✅ Bio-Graph Training Complete.
   🔎 Tuned best alpha=0.00 (Val Acc: 96.0%)
   -> AIA after Task 7: 95.50% | Breakdown: ['94.5%', '95.2%', '96.6%', '90.6%', '96.2%', '98.0%', '97.4%']

   📚 Training Task 8/20
✅ Bio-Graph Training Complete.
   🔎 Tuned best alpha=1.00 (Val Acc: 96.0%)
   -> AIA after Task 8: 95.62% | Breakdown: ['94.7%', '95.1%', '96.6%', '90.9%', '96.3%', '97.9%', '97.4%', '96.1%']

   📚 Training Task 9/20
✅ Bio-Graph Training Complete.
   🔎 Tuned best alpha=0.80 (Val Acc: 96.3%)
   -> AIA after Task 9: 95.46% | Breakdown: ['94.7%', '95.5%', '97.0%', '90.6%', '95.9%', '97.8%', '96.5%', '95.9%', '95.2%']

   📚 Training Task 10/20
✅ Bio-Graph Training Complete.
   🔎 Tuned best alpha=0.70 (Val Acc: 96.0%)
   -> AIA after Task 10: 95.63% | Breakdown: ['94.7%', '95.3%', '96.7%', '91.2%', '96.3%', '97.9%', '96.5%', '96.1%', '94.8%', '96.8%']

   📚 Training Task 11/20
✅ Bio-Graph Training Complete.
   🔎 Tuned best alpha=0.50 (Val Acc: 96.2%)
   -> AIA after Task 11: 95.84% | Breakdown: ['95.2%', '95.6%', '96.9%', '91.3%', '96.0%', '97.9%', '96.4%', '96.0%', '94.6%', '96.8%', '97.5%']

   📚 Training Task 12/20
✅ Bio-Graph Training Complete.
   🔎 Tuned best alpha=0.70 (Val Acc: 96.2%)
   -> AIA after Task 12: 95.89% | Breakdown: ['95.1%', '95.6%', '96.9%', '91.7%', '95.9%', '98.2%', '96.2%', '95.7%', '94.8%', '96.9%', '97.0%', '96.7%']

   📚 Training Task 13/20
✅ Bio-Graph Training Complete.
   🔎 Tuned best alpha=0.50 (Val Acc: 96.1%)
   -> AIA after Task 13: 95.84% | Breakdown: ['94.8%', '95.8%', '97.0%', '91.1%', '96.3%', '98.0%', '95.8%', '95.9%', '94.7%', '96.3%', '97.0%', '96.9%', '96.3%']

   📚 Training Task 14/20
✅ Bio-Graph Training Complete.
   🔎 Tuned best alpha=0.90 (Val Acc: 95.8%)
   -> AIA after Task 14: 95.44% | Breakdown: ['94.9%', '95.9%', '97.1%', '91.4%', '96.1%', '98.1%', '96.0%', '95.0%', '94.2%', '96.1%', '96.7%', '97.0%', '95.9%', '91.7%']

   📚 Training Task 15/20
✅ Bio-Graph Training Complete.
   🔎 Tuned best alpha=1.00 (Val Acc: 95.8%)
   -> AIA after Task 15: 95.45% | Breakdown: ['95.2%', '95.6%', '97.5%', '91.1%', '96.0%', '97.9%', '96.3%', '94.6%', '94.0%', '95.9%', '96.3%', '96.7%', '96.0%', '91.5%', '97.1%']

   📚 Training Task 16/20
✅ Bio-Graph Training Complete.
   🔎 Tuned best alpha=0.70 (Val Acc: 95.5%)
   -> AIA after Task 16: 95.08% | Breakdown: ['95.0%', '95.4%', '97.1%', '91.1%', '96.0%', '98.0%', '96.1%', '95.3%', '94.6%', '93.8%', '96.2%', '96.9%', '95.9%', '90.9%', '96.4%', '92.5%']

   📚 Training Task 17/20
✅ Bio-Graph Training Complete.
   🔎 Tuned best alpha=0.50 (Val Acc: 95.5%)
   -> AIA after Task 17: 95.08% | Breakdown: ['94.9%', '95.5%', '97.1%', '91.3%', '95.8%', '98.0%', '95.6%', '94.7%', '94.1%', '94.2%', '96.3%', '96.3%', '95.7%', '91.4%', '96.7%', '92.4%', '96.3%']

   📚 Training Task 18/20
✅ Bio-Graph Training Complete.
   🔎 Tuned best alpha=1.00 (Val Acc: 95.0%)
   -> AIA after Task 18: 94.80% | Breakdown: ['94.8%', '95.4%', '97.4%', '91.3%', '95.9%', '98.0%', '95.2%', '94.3%', '93.4%', '94.1%', '95.7%', '96.7%', '95.7%', '90.7%', '96.7%', '92.7%', '96.1%', '92.3%']

   📚 Training Task 19/20
✅ Bio-Graph Training Complete.
   🔎 Tuned best alpha=1.00 (Val Acc: 95.1%)
   -> AIA after Task 19: 94.78% | Breakdown: ['94.7%', '95.1%', '97.4%', '91.5%', '96.0%', '98.1%', '95.4%', '94.8%', '93.7%', '94.1%', '95.6%', '96.7%', '95.6%', '90.9%', '96.8%', '92.8%', '95.9%', '91.0%', '94.7%']

   📚 Training Task 20/20
✅ Bio-Graph Training Complete.
   🔎 Tuned best alpha=1.00 (Val Acc: 94.7%)
   -> AIA after Task 20: 94.31% | Breakdown: ['94.7%', '94.3%', '96.8%', '91.8%', '95.8%', '97.8%', '95.2%', '94.2%', '93.5%', '93.5%', '95.4%', '96.6%', '95.4%', '90.6%', '96.9%', '92.4%', '95.8%', '90.4%', '94.4%', '90.6%']
✅ Memory trace saved → outputs/memory_trace_tinyimagenet_dinov3.png / .svg
   🧠 Bio-Graph Memory Footprint: 547.08 MB
   ✅ Selected alpha: 0.00 (Tuned on 800 val samples)

   🏆 Pure CIL Metrics -> AIA: 94.30% | Forgetting: 1.16%
✅ Memory comparison saved → outputs/memory_comparison_tinyimagenet_dinov3.png / .svg

🚀 [3/3] Node Count Sweep (Fixed alpha=0.5)...
🔄 Preparing Dataset: TINYIMAGENET...
   📐 Preprocessing: 224px, norm=custom
✅ Tiny-ImageNet found at ./data/tiny-imagenet-200
✅ Loaded 100000 images. Classes expected: 200
💾 Loading cached dinov3 features for tinyimagenet (Train)...

🌱 --- Starting Run with Seed: 42 ---
   📦 Stream samples: 72000 | Val samples: 8000
   🚀 Training Bio-Inspired Graph (Hippocampus + Cortex)...

   🌀 --- PURE CIL MODE SCENARIO ---

   📚 Training Task 1/20
✅ Bio-Graph Training Complete.
   🔎 Tuned best alpha=0.30 (Val Acc: 77.5%)
   -> AIA after Task 1: 79.90% | Breakdown: ['79.9%']

   📚 Training Task 2/20
✅ Bio-Graph Training Complete.
   🔎 Tuned best alpha=0.00 (Val Acc: 68.3%)
   -> AIA after Task 2: 67.95% | Breakdown: ['79.1%', '56.8%']

   📚 Training Task 3/20
✅ Bio-Graph Training Complete.
   🔎 Tuned best alpha=0.00 (Val Acc: 64.7%)
   -> AIA after Task 3: 64.77% | Breakdown: ['79.3%', '49.9%', '65.1%']

   📚 Training Task 4/20
✅ Bio-Graph Training Complete.
   🔎 Tuned best alpha=1.00 (Val Acc: 62.9%)
   -> AIA after Task 4: 61.42% | Breakdown: ['79.7%', '50.2%', '64.7%', '51.1%']

   📚 Training Task 5/20
✅ Bio-Graph Training Complete.
   🔎 Tuned best alpha=0.00 (Val Acc: 61.5%)
   -> AIA after Task 5: 60.44% | Breakdown: ['78.8%', '49.9%', '65.7%', '49.7%', '58.1%']

   📚 Training Task 6/20
✅ Bio-Graph Training Complete.
   🔎 Tuned best alpha=0.00 (Val Acc: 63.8%)
   -> AIA after Task 6: 62.52% | Breakdown: ['79.0%', '51.2%', '65.9%', '49.8%', '57.7%', '71.5%']

   📚 Training Task 7/20
✅ Bio-Graph Training Complete.
   🔎 Tuned best alpha=0.00 (Val Acc: 65.3%)
   -> AIA after Task 7: 63.70% | Breakdown: ['78.8%', '50.9%', '65.8%', '49.6%', '57.3%', '70.9%', '72.6%']

   📚 Training Task 8/20
✅ Bio-Graph Training Complete.
   🔎 Tuned best alpha=0.00 (Val Acc: 66.5%)
   -> AIA after Task 8: 64.84% | Breakdown: ['78.7%', '50.3%', '65.8%', '49.5%', '57.6%', '70.0%', '65.1%', '81.7%']

   📚 Training Task 9/20
✅ Bio-Graph Training Complete.
   🔎 Tuned best alpha=0.00 (Val Acc: 65.3%)
   -> AIA after Task 9: 64.09% | Breakdown: ['78.4%', '49.9%', '65.5%', '49.8%', '57.8%', '70.2%', '66.7%', '82.0%', '56.5%']

   📚 Training Task 10/20
✅ Bio-Graph Training Complete.
   🔎 Tuned best alpha=0.00 (Val Acc: 65.1%)
   -> AIA after Task 10: 64.68% | Breakdown: ['78.5%', '50.1%', '65.3%', '49.8%', '58.0%', '70.2%', '67.1%', '78.6%', '54.9%', '74.3%']

   📚 Training Task 11/20
✅ Bio-Graph Training Complete.
   🔎 Tuned best alpha=0.00 (Val Acc: 67.1%)
   -> AIA after Task 11: 66.53% | Breakdown: ['79.3%', '50.4%', '65.3%', '49.9%', '58.0%', '70.3%', '67.3%', '77.6%', '55.3%', '75.1%', '83.3%']

   📚 Training Task 12/20
✅ Bio-Graph Training Complete.
   🔎 Tuned best alpha=0.00 (Val Acc: 66.3%)
   -> AIA after Task 12: 65.35% | Breakdown: ['79.3%', '50.7%', '65.9%', '49.7%', '57.7%', '70.3%', '65.9%', '77.2%', '53.9%', '73.3%', '83.3%', '57.0%']

   📚 Training Task 13/20
✅ Bio-Graph Training Complete.
   🔎 Tuned best alpha=0.00 (Val Acc: 65.7%)
   -> AIA after Task 13: 65.10% | Breakdown: ['79.2%', '50.4%', '66.6%', '49.7%', '57.9%', '70.3%', '66.0%', '77.3%', '52.6%', '73.5%', '82.4%', '56.7%', '63.7%']

   📚 Training Task 14/20
✅ Bio-Graph Training Complete.
   🔎 Tuned best alpha=0.70 (Val Acc: 66.5%)
   -> AIA after Task 14: 65.49% | Breakdown: ['79.2%', '49.8%', '67.0%', '50.1%', '57.1%', '70.0%', '65.4%', '76.4%', '53.1%', '74.1%', '82.3%', '56.9%', '63.4%', '72.0%']

   📚 Training Task 15/20
✅ Bio-Graph Training Complete.
   🔎 Tuned best alpha=1.00 (Val Acc: 66.1%)
   -> AIA after Task 15: 65.45% | Breakdown: ['79.4%', '50.0%', '65.3%', '50.3%', '56.6%', '70.3%', '65.5%', '76.4%', '52.9%', '73.6%', '82.3%', '56.5%', '63.9%', '71.4%', '67.4%']

   📚 Training Task 16/20
✅ Bio-Graph Training Complete.
   🔎 Tuned best alpha=0.30 (Val Acc: 65.3%)
   -> AIA after Task 16: 64.98% | Breakdown: ['79.2%', '49.8%', '65.6%', '49.5%', '56.9%', '70.0%', '66.6%', '75.8%', '52.8%', '74.1%', '82.3%', '56.3%', '63.7%', '71.3%', '67.2%', '58.6%']

   📚 Training Task 17/20
✅ Bio-Graph Training Complete.
   🔎 Tuned best alpha=0.50 (Val Acc: 65.2%)
   -> AIA after Task 17: 64.74% | Breakdown: ['79.3%', '50.1%', '65.3%', '49.8%', '56.8%', '70.2%', '66.2%', '75.5%', '52.5%', '73.9%', '82.0%', '54.6%', '62.1%', '71.6%', '66.0%', '58.1%', '66.5%']

   📚 Training Task 18/20
✅ Bio-Graph Training Complete.
   🔎 Tuned best alpha=0.30 (Val Acc: 64.2%)
   -> AIA after Task 18: 64.19% | Breakdown: ['78.9%', '50.1%', '65.2%', '49.9%', '56.8%', '70.1%', '67.0%', '75.2%', '52.6%', '74.1%', '76.0%', '54.8%', '62.2%', '71.1%', '66.2%', '58.1%', '65.1%', '62.0%']

   📚 Training Task 19/20
✅ Bio-Graph Training Complete.
   🔎 Tuned best alpha=1.00 (Val Acc: 64.3%)
   -> AIA after Task 19: 64.34% | Breakdown: ['79.2%', '49.7%', '65.3%', '49.3%', '56.7%', '70.2%', '66.2%', '75.1%', '52.7%', '73.6%', '76.2%', '55.1%', '62.4%', '70.9%', '66.3%', '57.5%', '65.2%', '58.7%', '72.2%']

   📚 Training Task 20/20
✅ Bio-Graph Training Complete.
   🔎 Tuned best alpha=0.70 (Val Acc: 63.5%)
   -> AIA after Task 20: 63.52% | Breakdown: ['78.9%', '49.6%', '65.1%', '49.4%', '56.8%', '70.4%', '65.6%', '74.9%', '52.5%', '69.4%', '75.3%', '55.6%', '62.1%', '70.5%', '66.4%', '57.3%', '65.0%', '58.7%', '70.2%', '56.6%']
✅ Memory trace saved → outputs/memory_trace_tinyimagenet_dinov3.png / .svg
   🧠 Bio-Graph Memory Footprint: 162.13 MB
   ✅ Selected alpha: 0.50 (Tuned on 800 val samples)

   🏆 Pure CIL Metrics -> AIA: 63.52% | Forgetting: 3.15%
✅ Memory comparison saved → outputs/memory_comparison_tinyimagenet_dinov3.png / .svg
🔄 Preparing Dataset: TINYIMAGENET...
   📐 Preprocessing: 224px, norm=custom
✅ Tiny-ImageNet found at ./data/tiny-imagenet-200
✅ Loaded 100000 images. Classes expected: 200
💾 Loading cached dinov3 features for tinyimagenet (Train)...

🌱 --- Starting Run with Seed: 42 ---
   📦 Stream samples: 72000 | Val samples: 8000
   🚀 Training Bio-Inspired Graph (Hippocampus + Cortex)...

   🌀 --- PURE CIL MODE SCENARIO ---

   📚 Training Task 1/20
✅ Bio-Graph Training Complete.
   🔎 Tuned best alpha=0.00 (Val Acc: 96.2%)
   -> AIA after Task 1: 95.30% | Breakdown: ['95.3%']

   📚 Training Task 2/20
✅ Bio-Graph Training Complete.
   🔎 Tuned best alpha=0.30 (Val Acc: 95.4%)
   -> AIA after Task 2: 94.55% | Breakdown: ['94.9%', '94.2%']

   📚 Training Task 3/20
✅ Bio-Graph Training Complete.
   🔎 Tuned best alpha=0.50 (Val Acc: 96.1%)
   -> AIA after Task 3: 95.30% | Breakdown: ['94.8%', '94.4%', '96.7%']

   📚 Training Task 4/20
✅ Bio-Graph Training Complete.
   🔎 Tuned best alpha=0.50 (Val Acc: 95.7%)
   -> AIA after Task 4: 94.05% | Breakdown: ['94.8%', '93.1%', '96.8%', '91.5%']

   📚 Training Task 5/20
✅ Bio-Graph Training Complete.
   🔎 Tuned best alpha=0.50 (Val Acc: 95.2%)
   -> AIA after Task 5: 93.88% | Breakdown: ['94.5%', '92.2%', '96.3%', '90.6%', '95.8%']

   📚 Training Task 6/20
✅ Bio-Graph Training Complete.
   🔎 Tuned best alpha=0.50 (Val Acc: 95.5%)
   -> AIA after Task 6: 94.43% | Breakdown: ['94.2%', '92.3%', '96.4%', '90.4%', '95.7%', '97.6%']

   📚 Training Task 7/20
✅ Bio-Graph Training Complete.
   🔎 Tuned best alpha=0.30 (Val Acc: 96.0%)
   -> AIA after Task 7: 94.99% | Breakdown: ['94.5%', '92.0%', '96.4%', '90.4%', '96.0%', '97.6%', '98.0%']

   📚 Training Task 8/20
✅ Bio-Graph Training Complete.
   🔎 Tuned best alpha=0.30 (Val Acc: 95.6%)
   -> AIA after Task 8: 95.23% | Breakdown: ['94.0%', '92.8%', '96.3%', '90.6%', '95.6%', '97.7%', '97.7%', '97.1%']

   📚 Training Task 9/20
✅ Bio-Graph Training Complete.
   🔎 Tuned best alpha=0.00 (Val Acc: 95.6%)
   -> AIA after Task 9: 95.06% | Breakdown: ['93.7%', '92.2%', '96.0%', '91.3%', '95.7%', '97.6%', '96.4%', '96.7%', '95.9%']

   📚 Training Task 10/20
✅ Bio-Graph Training Complete.
   🔎 Tuned best alpha=0.00 (Val Acc: 95.3%)
   -> AIA after Task 10: 94.94% | Breakdown: ['93.7%', '92.6%', '96.2%', '90.9%', '95.5%', '97.7%', '96.2%', '96.3%', '94.8%', '95.5%']

   📚 Training Task 11/20
✅ Bio-Graph Training Complete.
   🔎 Tuned best alpha=0.00 (Val Acc: 95.4%)
   -> AIA after Task 11: 94.93% | Breakdown: ['93.8%', '92.6%', '96.1%', '90.9%', '95.7%', '97.8%', '95.8%', '95.6%', '94.5%', '95.2%', '96.2%']

   📚 Training Task 12/20
✅ Bio-Graph Training Complete.
   🔎 Tuned best alpha=0.00 (Val Acc: 95.3%)
   -> AIA after Task 12: 94.88% | Breakdown: ['94.2%', '92.7%', '96.1%', '90.7%', '95.6%', '97.8%', '95.6%', '95.3%', '93.7%', '95.0%', '95.6%', '96.3%']

   📚 Training Task 13/20
✅ Bio-Graph Training Complete.
   🔎 Tuned best alpha=0.00 (Val Acc: 94.8%)
   -> AIA after Task 13: 94.62% | Breakdown: ['94.1%', '92.3%', '96.2%', '90.5%', '95.2%', '97.9%', '94.6%', '95.5%', '92.4%', '94.7%', '95.4%', '95.5%', '95.8%']

   📚 Training Task 14/20
✅ Bio-Graph Training Complete.
   🔎 Tuned best alpha=0.00 (Val Acc: 94.1%)
   -> AIA after Task 14: 93.64% | Breakdown: ['94.1%', '92.4%', '95.2%', '90.0%', '95.1%', '97.4%', '94.2%', '93.4%', '92.8%', '95.0%', '94.9%', '95.0%', '94.0%', '87.5%']

   📚 Training Task 15/20
✅ Bio-Graph Training Complete.
   🔎 Tuned best alpha=0.30 (Val Acc: 93.9%)
   -> AIA after Task 15: 93.48% | Breakdown: ['93.9%', '92.2%', '95.1%', '90.0%', '95.0%', '97.0%', '93.9%', '93.5%', '92.9%', '93.8%', '94.8%', '94.7%', '93.7%', '87.7%', '94.0%']

   📚 Training Task 16/20
✅ Bio-Graph Training Complete.
   🔎 Tuned best alpha=0.00 (Val Acc: 93.2%)
   -> AIA after Task 16: 92.64% | Breakdown: ['94.1%', '91.3%', '94.9%', '89.9%', '94.4%', '97.1%', '93.3%', '92.0%', '92.5%', '93.0%', '93.9%', '93.6%', '93.0%', '86.4%', '91.8%', '91.0%']

   📚 Training Task 17/20
✅ Bio-Graph Training Complete.
   🔎 Tuned best alpha=0.00 (Val Acc: 93.1%)
   -> AIA after Task 17: 92.62% | Breakdown: ['93.8%', '91.4%', '94.9%', '89.7%', '94.4%', '97.0%', '91.5%', '92.3%', '92.4%', '92.8%', '93.6%', '93.8%', '93.0%', '86.0%', '91.3%', '91.1%', '95.5%']

   📚 Training Task 18/20
✅ Bio-Graph Training Complete.
   🔎 Tuned best alpha=0.00 (Val Acc: 92.3%)
   -> AIA after Task 18: 92.20% | Breakdown: ['93.8%', '91.2%', '94.9%', '89.2%', '94.6%', '96.7%', '91.2%', '91.9%', '92.0%', '92.6%', '93.2%', '93.8%', '92.8%', '86.1%', '91.2%', '90.2%', '95.1%', '89.1%']

   📚 Training Task 19/20
✅ Bio-Graph Training Complete.
   🔎 Tuned best alpha=0.00 (Val Acc: 92.2%)
   -> AIA after Task 19: 91.85% | Breakdown: ['93.5%', '91.2%', '94.4%', '89.3%', '94.6%', '96.5%', '90.6%', '91.5%', '91.6%', '92.2%', '93.0%', '92.9%', '92.8%', '85.2%', '90.6%', '90.3%', '94.6%', '88.1%', '92.3%']

   📚 Training Task 20/20
✅ Bio-Graph Training Complete.
   🔎 Tuned best alpha=0.50 (Val Acc: 91.5%)
   -> AIA after Task 20: 90.97% | Breakdown: ['93.5%', '89.4%', '93.7%', '88.9%', '94.2%', '95.9%', '90.2%', '90.3%', '91.2%', '90.2%', '92.4%', '92.5%', '92.6%', '85.2%', '90.9%', '89.2%', '93.3%', '87.3%', '92.0%', '86.4%']
✅ Memory trace saved → outputs/memory_trace_tinyimagenet_dinov3.png / .svg
   🧠 Bio-Graph Memory Footprint: 282.31 MB
   ✅ Selected alpha: 0.30 (Tuned on 800 val samples)

   🏆 Pure CIL Metrics -> AIA: 90.97% | Forgetting: 3.34%
✅ Memory comparison saved → outputs/memory_comparison_tinyimagenet_dinov3.png / .svg
🔄 Preparing Dataset: TINYIMAGENET...
   📐 Preprocessing: 224px, norm=custom
✅ Tiny-ImageNet found at ./data/tiny-imagenet-200
✅ Loaded 100000 images. Classes expected: 200
💾 Loading cached dinov3 features for tinyimagenet (Train)...

🌱 --- Starting Run with Seed: 42 ---
   📦 Stream samples: 72000 | Val samples: 8000
   🚀 Training Bio-Inspired Graph (Hippocampus + Cortex)...

   🌀 --- PURE CIL MODE SCENARIO ---

   📚 Training Task 1/20
✅ Bio-Graph Training Complete.
   🔎 Tuned best alpha=1.00 (Val Acc: 96.2%)
   -> AIA after Task 1: 95.30% | Breakdown: ['95.3%']

   📚 Training Task 2/20
✅ Bio-Graph Training Complete.
   🔎 Tuned best alpha=0.70 (Val Acc: 95.6%)
   -> AIA after Task 2: 95.45% | Breakdown: ['95.2%', '95.7%']

   📚 Training Task 3/20
✅ Bio-Graph Training Complete.
   🔎 Tuned best alpha=0.30 (Val Acc: 96.3%)
   -> AIA after Task 3: 95.90% | Breakdown: ['95.0%', '95.8%', '96.9%']

   📚 Training Task 4/20
✅ Bio-Graph Training Complete.
   🔎 Tuned best alpha=0.00 (Val Acc: 95.5%)
   -> AIA after Task 4: 94.23% | Breakdown: ['94.5%', '94.7%', '96.6%', '91.1%']

   📚 Training Task 5/20
✅ Bio-Graph Training Complete.
   🔎 Tuned best alpha=0.30 (Val Acc: 95.6%)
   -> AIA after Task 5: 94.64% | Breakdown: ['94.5%', '95.1%', '96.7%', '90.6%', '96.3%']

   📚 Training Task 6/20
✅ Bio-Graph Training Complete.
   🔎 Tuned best alpha=0.80 (Val Acc: 95.8%)
   -> AIA after Task 6: 95.08% | Breakdown: ['94.3%', '95.5%', '96.4%', '90.8%', '95.9%', '97.6%']

   📚 Training Task 7/20
✅ Bio-Graph Training Complete.
   🔎 Tuned best alpha=0.00 (Val Acc: 95.9%)
   -> AIA after Task 7: 95.51% | Breakdown: ['94.7%', '94.8%', '96.3%', '91.2%', '96.4%', '97.8%', '97.4%']

   📚 Training Task 8/20
✅ Bio-Graph Training Complete.
   🔎 Tuned best alpha=0.30 (Val Acc: 95.7%)
   -> AIA after Task 8: 95.34% | Breakdown: ['94.9%', '94.0%', '96.5%', '90.7%', '96.0%', '97.8%', '97.0%', '95.8%']

   📚 Training Task 9/20
✅ Bio-Graph Training Complete.
   🔎 Tuned best alpha=0.30 (Val Acc: 96.1%)
   -> AIA after Task 9: 95.08% | Breakdown: ['94.8%', '93.7%', '96.9%', '91.0%', '95.6%', '97.6%', '96.3%', '95.3%', '94.5%']

   📚 Training Task 10/20
✅ Bio-Graph Training Complete.
   🔎 Tuned best alpha=0.00 (Val Acc: 95.8%)
   -> AIA after Task 10: 95.32% | Breakdown: ['95.0%', '94.3%', '96.7%', '91.2%', '96.2%', '97.5%', '96.9%', '95.3%', '94.1%', '96.0%']

   📚 Training Task 11/20
✅ Bio-Graph Training Complete.
   🔎 Tuned best alpha=0.90 (Val Acc: 96.0%)
   -> AIA after Task 11: 95.48% | Breakdown: ['94.9%', '94.4%', '96.5%', '91.2%', '95.8%', '97.5%', '96.5%', '95.3%', '94.5%', '96.5%', '97.2%']

   📚 Training Task 12/20
✅ Bio-Graph Training Complete.
   🔎 Tuned best alpha=0.30 (Val Acc: 96.2%)
   -> AIA after Task 12: 95.49% | Breakdown: ['94.6%', '94.7%', '96.5%', '91.1%', '95.8%', '97.3%', '96.2%', '95.9%', '94.8%', '95.8%', '96.5%', '96.7%']

   📚 Training Task 13/20
✅ Bio-Graph Training Complete.
   🔎 Tuned best alpha=0.50 (Val Acc: 96.0%)
   -> AIA after Task 13: 95.59% | Breakdown: ['94.8%', '95.0%', '97.2%', '91.2%', '95.8%', '97.3%', '95.7%', '96.0%', '94.2%', '95.8%', '96.6%', '97.2%', '95.9%']

   📚 Training Task 14/20
✅ Bio-Graph Training Complete.
   🔎 Tuned best alpha=0.30 (Val Acc: 95.6%)
   -> AIA after Task 14: 95.01% | Breakdown: ['94.8%', '94.9%', '97.2%', '91.7%', '95.8%', '97.4%', '95.6%', '94.8%', '93.6%', '95.8%', '95.8%', '96.8%', '95.1%', '90.9%']

   📚 Training Task 15/20
✅ Bio-Graph Training Complete.
   🔎 Tuned best alpha=0.30 (Val Acc: 95.6%)
   -> AIA after Task 15: 95.17% | Breakdown: ['94.7%', '95.1%', '97.3%', '91.8%', '95.9%', '97.5%', '95.7%', '94.5%', '94.2%', '95.1%', '96.0%', '96.8%', '95.1%', '91.0%', '96.8%']

   📚 Training Task 16/20
✅ Bio-Graph Training Complete.
   🔎 Tuned best alpha=0.70 (Val Acc: 95.3%)
   -> AIA after Task 16: 94.70% | Breakdown: ['94.3%', '94.5%', '97.1%', '91.6%', '96.0%', '97.4%', '95.7%', '94.5%', '94.3%', '93.6%', '95.3%', '96.6%', '94.5%', '90.7%', '96.5%', '92.6%']

   📚 Training Task 17/20
✅ Bio-Graph Training Complete.
   🔎 Tuned best alpha=1.00 (Val Acc: 95.3%)
   -> AIA after Task 17: 94.76% | Breakdown: ['94.3%', '94.5%', '97.2%', '91.8%', '95.8%', '97.1%', '95.1%', '94.1%', '94.0%', '93.4%', '96.1%', '96.4%', '94.4%', '90.6%', '96.7%', '93.1%', '96.3%']

   📚 Training Task 18/20
✅ Bio-Graph Training Complete.
   🔎 Tuned best alpha=0.00 (Val Acc: 94.8%)
   -> AIA after Task 18: 94.41% | Breakdown: ['94.6%', '93.9%', '97.1%', '91.6%', '95.8%', '97.6%', '95.0%', '93.7%', '93.8%', '93.6%', '95.3%', '96.2%', '94.6%', '90.2%', '96.4%', '92.6%', '95.9%', '91.4%']

   📚 Training Task 19/20
✅ Bio-Graph Training Complete.
   🔎 Tuned best alpha=0.30 (Val Acc: 94.9%)
   -> AIA after Task 19: 94.41% | Breakdown: ['94.5%', '94.0%', '97.3%', '91.7%', '95.8%', '97.7%', '94.6%', '94.2%', '93.6%', '93.5%', '94.9%', '96.4%', '94.7%', '89.8%', '96.4%', '92.6%', '96.1%', '91.4%', '94.6%']

   📚 Training Task 20/20
✅ Bio-Graph Training Complete.
   🔎 Tuned best alpha=0.30 (Val Acc: 94.4%)
   -> AIA after Task 20: 93.92% | Breakdown: ['94.3%', '92.7%', '96.6%', '91.7%', '95.5%', '97.3%', '94.7%', '93.9%', '93.7%', '92.9%', '95.0%', '96.6%', '94.7%', '89.6%', '96.3%', '92.3%', '95.8%', '90.9%', '94.4%', '89.4%']
✅ Memory trace saved → outputs/memory_trace_tinyimagenet_dinov3.png / .svg
   🧠 Bio-Graph Memory Footprint: 500.30 MB
   ✅ Selected alpha: 0.00 (Tuned on 800 val samples)

   🏆 Pure CIL Metrics -> AIA: 93.91% | Forgetting: 1.25%
✅ Memory comparison saved → outputs/memory_comparison_tinyimagenet_dinov3.png / .svg
🔄 Preparing Dataset: TINYIMAGENET...
   📐 Preprocessing: 224px, norm=custom
✅ Tiny-ImageNet found at ./data/tiny-imagenet-200
✅ Loaded 100000 images. Classes expected: 200
💾 Loading cached dinov3 features for tinyimagenet (Train)...

🌱 --- Starting Run with Seed: 42 ---
   📦 Stream samples: 72000 | Val samples: 8000
   🚀 Training Bio-Inspired Graph (Hippocampus + Cortex)...

   🌀 --- PURE CIL MODE SCENARIO ---

   📚 Training Task 1/20
✅ Bio-Graph Training Complete.
   🔎 Tuned best alpha=0.00 (Val Acc: 95.7%)
   -> AIA after Task 1: 96.20% | Breakdown: ['96.2%']

   📚 Training Task 2/20
✅ Bio-Graph Training Complete.
   🔎 Tuned best alpha=0.00 (Val Acc: 95.5%)
   -> AIA after Task 2: 95.65% | Breakdown: ['95.5%', '95.8%']

   📚 Training Task 3/20
✅ Bio-Graph Training Complete.
   🔎 Tuned best alpha=0.30 (Val Acc: 96.5%)
   -> AIA after Task 3: 96.27% | Breakdown: ['95.5%', '96.2%', '97.1%']

   📚 Training Task 4/20
✅ Bio-Graph Training Complete.
   🔎 Tuned best alpha=0.50 (Val Acc: 95.6%)
   -> AIA after Task 4: 94.50% | Breakdown: ['95.3%', '95.7%', '96.5%', '90.5%']

   📚 Training Task 5/20
✅ Bio-Graph Training Complete.
   🔎 Tuned best alpha=0.30 (Val Acc: 95.0%)
   -> AIA after Task 5: 94.70% | Breakdown: ['95.0%', '95.3%', '96.6%', '90.2%', '96.4%']

   📚 Training Task 6/20
✅ Bio-Graph Training Complete.
   🔎 Tuned best alpha=0.00 (Val Acc: 95.7%)
   -> AIA after Task 6: 95.15% | Breakdown: ['95.0%', '95.1%', '96.5%', '90.1%', '96.3%', '97.9%']

   📚 Training Task 7/20
✅ Bio-Graph Training Complete.
   🔎 Tuned best alpha=0.50 (Val Acc: 95.9%)
   -> AIA after Task 7: 95.53% | Breakdown: ['94.7%', '95.1%', '96.7%', '90.4%', '96.4%', '97.9%', '97.5%']

   📚 Training Task 8/20
✅ Bio-Graph Training Complete.
   🔎 Tuned best alpha=1.00 (Val Acc: 96.0%)
   -> AIA after Task 8: 95.64% | Breakdown: ['95.0%', '95.1%', '96.7%', '90.9%', '96.3%', '97.9%', '97.1%', '96.1%']

   📚 Training Task 9/20
✅ Bio-Graph Training Complete.
   🔎 Tuned best alpha=1.00 (Val Acc: 96.2%)
   -> AIA after Task 9: 95.50% | Breakdown: ['95.0%', '95.6%', '97.0%', '90.4%', '96.0%', '97.6%', '96.7%', '96.0%', '95.2%']

   📚 Training Task 10/20
✅ Bio-Graph Training Complete.
   🔎 Tuned best alpha=0.00 (Val Acc: 95.9%)
   -> AIA after Task 10: 95.57% | Breakdown: ['94.8%', '95.6%', '96.6%', '90.9%', '96.2%', '97.7%', '96.6%', '95.7%', '94.8%', '96.8%']

   📚 Training Task 11/20
✅ Bio-Graph Training Complete.
   🔎 Tuned best alpha=0.00 (Val Acc: 96.0%)
   -> AIA after Task 11: 95.72% | Breakdown: ['94.9%', '95.6%', '96.7%', '91.0%', '95.8%', '98.1%', '96.6%', '95.8%', '94.4%', '96.7%', '97.3%']

   📚 Training Task 12/20
✅ Bio-Graph Training Complete.
   🔎 Tuned best alpha=0.80 (Val Acc: 96.3%)
   -> AIA after Task 12: 95.83% | Breakdown: ['95.0%', '95.5%', '96.8%', '91.1%', '95.8%', '98.3%', '96.5%', '95.8%', '94.7%', '96.9%', '97.0%', '96.6%']

   📚 Training Task 13/20
✅ Bio-Graph Training Complete.
   🔎 Tuned best alpha=1.00 (Val Acc: 96.0%)
   -> AIA after Task 13: 95.85% | Breakdown: ['94.9%', '96.0%', '97.2%', '91.3%', '95.9%', '98.1%', '95.7%', '95.9%', '94.6%', '96.2%', '97.0%', '97.0%', '96.3%']

   📚 Training Task 14/20
✅ Bio-Graph Training Complete.
   🔎 Tuned best alpha=1.00 (Val Acc: 95.9%)
   -> AIA after Task 14: 95.45% | Breakdown: ['95.0%', '95.8%', '97.2%', '91.5%', '95.9%', '98.1%', '96.3%', '95.0%', '94.0%', '96.1%', '96.4%', '97.3%', '96.1%', '91.6%']

   📚 Training Task 15/20
✅ Bio-Graph Training Complete.
   🔎 Tuned best alpha=1.00 (Val Acc: 95.8%)
   -> AIA after Task 15: 95.50% | Breakdown: ['95.2%', '95.8%', '97.2%', '91.2%', '96.0%', '98.0%', '96.3%', '94.6%', '94.0%', '95.9%', '96.6%', '97.0%', '96.1%', '91.5%', '97.1%']

   📚 Training Task 16/20
✅ Bio-Graph Training Complete.
   🔎 Tuned best alpha=0.70 (Val Acc: 95.6%)
   -> AIA after Task 16: 95.06% | Breakdown: ['95.0%', '95.5%', '97.2%', '90.8%', '95.9%', '98.1%', '96.0%', '95.0%', '94.5%', '93.9%', '96.5%', '96.8%', '95.7%', '91.0%', '96.4%', '92.6%']

   📚 Training Task 17/20
✅ Bio-Graph Training Complete.
   🔎 Tuned best alpha=1.00 (Val Acc: 95.4%)
   -> AIA after Task 17: 95.12% | Breakdown: ['94.8%', '95.5%', '97.1%', '91.9%', '95.8%', '97.9%', '95.4%', '94.9%', '94.2%', '94.2%', '96.4%', '96.5%', '95.7%', '91.2%', '96.7%', '92.5%', '96.3%']

   📚 Training Task 18/20
✅ Bio-Graph Training Complete.
   🔎 Tuned best alpha=0.50 (Val Acc: 95.0%)
   -> AIA after Task 18: 94.84% | Breakdown: ['94.8%', '95.3%', '97.4%', '91.4%', '96.1%', '98.1%', '95.3%', '94.3%', '93.4%', '94.2%', '95.9%', '96.8%', '95.6%', '90.9%', '96.8%', '92.5%', '96.0%', '92.3%']

   📚 Training Task 19/20
✅ Bio-Graph Training Complete.
   🔎 Tuned best alpha=1.00 (Val Acc: 95.1%)
   -> AIA after Task 19: 94.76% | Breakdown: ['94.7%', '95.0%', '97.4%', '91.4%', '96.2%', '98.1%', '95.3%', '94.5%', '93.6%', '94.1%', '95.7%', '96.9%', '95.5%', '90.8%', '96.9%', '92.8%', '96.0%', '90.9%', '94.6%']

   📚 Training Task 20/20
✅ Bio-Graph Training Complete.
   🔎 Tuned best alpha=1.00 (Val Acc: 94.7%)
   -> AIA after Task 20: 94.27% | Breakdown: ['94.7%', '94.5%', '96.7%', '91.9%', '95.8%', '97.9%', '95.0%', '94.2%', '93.4%', '93.5%', '95.3%', '96.5%', '95.4%', '90.5%', '97.0%', '92.4%', '95.8%', '90.1%', '94.4%', '90.5%']
✅ Memory trace saved → outputs/memory_trace_tinyimagenet_dinov3.png / .svg
   🧠 Bio-Graph Memory Footprint: 548.11 MB
   ✅ Selected alpha: 0.80 (Tuned on 800 val samples)

   🏆 Pure CIL Metrics -> AIA: 94.27% | Forgetting: 1.19%
✅ Memory comparison saved → outputs/memory_comparison_tinyimagenet_dinov3.png / .svg

✅ Ablations complete. Saved to results/ablation_dinov3_tinyimagenet.json
