рЯФД Preparing Dataset: OBJECTNET...
   рЯУР Preprocessing: 384px, norm=custom
вЬЕ ObjectNet found at ./data/objectnet/objectnet-1.0
вДєпЄП  Note: ObjectNet handled as 15 tasks of 20 classes. Split handled in main.py.
вЬЕ Loaded 50273 images. Classes expected: 300
рЯТЊ Loading cached siglip2 features for objectnet (Train)...

рЯЪА [1/3] Component Ablation Table...

рЯУП Running Standalone NCM Baseline (Stage 1 Logic)...
рЯФД Preparing Dataset: OBJECTNET...
   рЯУР Preprocessing: 384px, norm=custom
вЬЕ ObjectNet found at ./data/objectnet/objectnet-1.0
вДєпЄП  Note: ObjectNet handled as 15 tasks of 20 classes. Split handled in main.py.
вЬЕ Loaded 50273 images. Classes expected: 300
рЯТЊ Loading cached siglip2 features for objectnet (Train)...

рЯМ± --- Starting Run with Seed: 42 ---
   рЯУ¶ Stream samples: 34855 | Val samples: 3865
   рЯЪА Training Bio-Inspired Graph (Hippocampus + Cortex)...

   рЯМА --- PURE CIL MODE SCENARIO ---

   рЯУЪ Training Task 1/15
вЬЕ Bio-Graph Training Complete.
   вДєпЄП  Fixed Alpha Ablation: Using alpha=0.00
   -> AIA after Task 1: 94.44% | Breakdown: ['94.4%']

   рЯУЪ Training Task 2/15
вЬЕ Bio-Graph Training Complete.
   вДєпЄП  Fixed Alpha Ablation: Using alpha=0.00
   -> AIA after Task 2: 90.43% | Breakdown: ['92.7%', '88.1%']

   рЯУЪ Training Task 3/15
вЬЕ Bio-Graph Training Complete.
   вДєпЄП  Fixed Alpha Ablation: Using alpha=0.00
   -> AIA after Task 3: 88.23% | Breakdown: ['90.3%', '85.8%', '88.6%']

   рЯУЪ Training Task 4/15
вЬЕ Bio-Graph Training Complete.
   вДєпЄП  Fixed Alpha Ablation: Using alpha=0.00
   -> AIA after Task 4: 87.50% | Breakdown: ['89.0%', '84.2%', '89.1%', '87.6%']

   рЯУЪ Training Task 5/15
вЬЕ Bio-Graph Training Complete.
   вДєпЄП  Fixed Alpha Ablation: Using alpha=0.00
   -> AIA after Task 5: 87.00% | Breakdown: ['88.5%', '82.5%', '88.4%', '86.1%', '89.6%']

   рЯУЪ Training Task 6/15
вЬЕ Bio-Graph Training Complete.
   вДєпЄП  Fixed Alpha Ablation: Using alpha=0.00
   -> AIA after Task 6: 86.38% | Breakdown: ['87.9%', '79.9%', '87.5%', '86.0%', '89.2%', '87.7%']

   рЯУЪ Training Task 7/15
вЬЕ Bio-Graph Training Complete.
   вДєпЄП  Fixed Alpha Ablation: Using alpha=0.00
   -> AIA after Task 7: 85.74% | Breakdown: ['87.7%', '80.1%', '87.3%', '84.7%', '88.1%', '87.0%', '85.3%']

   рЯУЪ Training Task 8/15
вЬЕ Bio-Graph Training Complete.
   вДєпЄП  Fixed Alpha Ablation: Using alpha=0.00
   -> AIA after Task 8: 85.18% | Breakdown: ['87.5%', '79.2%', '87.1%', '84.4%', '86.1%', '86.7%', '84.4%', '86.0%']

   рЯУЪ Training Task 9/15
вЬЕ Bio-Graph Training Complete.
   вДєпЄП  Fixed Alpha Ablation: Using alpha=0.00
   -> AIA after Task 9: 84.10% | Breakdown: ['86.4%', '78.1%', '87.6%', '83.7%', '84.7%', '85.2%', '84.8%', '85.1%', '81.3%']

   рЯУЪ Training Task 10/15
вЬЕ Bio-Graph Training Complete.
   вДєпЄП  Fixed Alpha Ablation: Using alpha=0.00
   -> AIA after Task 10: 83.00% | Breakdown: ['85.8%', '77.2%', '87.0%', '83.7%', '83.7%', '85.2%', '84.4%', '83.3%', '79.9%', '79.7%']

   рЯУЪ Training Task 11/15
вЬЕ Bio-Graph Training Complete.
   вДєпЄП  Fixed Alpha Ablation: Using alpha=0.00
   -> AIA after Task 11: 82.42% | Breakdown: ['86.5%', '76.5%', '86.2%', '83.5%', '82.2%', '84.8%', '83.7%', '82.8%', '78.8%', '78.1%', '83.3%']

   рЯУЪ Training Task 12/15
вЬЕ Bio-Graph Training Complete.
   вДєпЄП  Fixed Alpha Ablation: Using alpha=0.00
   -> AIA after Task 12: 81.41% | Breakdown: ['85.8%', '76.5%', '85.8%', '82.6%', '80.3%', '83.0%', '83.4%', '81.0%', '78.1%', '78.0%', '83.0%', '79.3%']

   рЯУЪ Training Task 13/15
вЬЕ Bio-Graph Training Complete.
   вДєпЄП  Fixed Alpha Ablation: Using alpha=0.00
   -> AIA after Task 13: 80.18% | Breakdown: ['84.4%', '75.2%', '85.4%', '82.0%', '79.3%', '82.0%', '82.3%', '80.0%', '77.1%', '78.3%', '81.8%', '75.8%', '78.7%']

   рЯУЪ Training Task 14/15
вЬЕ Bio-Graph Training Complete.
   вДєпЄП  Fixed Alpha Ablation: Using alpha=0.00
   -> AIA after Task 14: 79.68% | Breakdown: ['83.8%', '74.5%', '85.2%', '81.7%', '79.5%', '81.6%', '82.0%', '80.6%', '75.7%', '77.3%', '81.4%', '75.2%', '77.5%', '79.5%']

   рЯУЪ Training Task 15/15
вЬЕ Bio-Graph Training Complete.
   вДєпЄП  Fixed Alpha Ablation: Using alpha=0.00
   -> AIA after Task 15: 79.06% | Breakdown: ['83.7%', '73.8%', '84.0%', '80.8%', '78.5%', '79.7%', '81.6%', '80.5%', '75.1%', '77.3%', '81.6%', '75.0%', '76.4%', '78.4%', '79.5%']
вЬЕ Memory trace saved вЖТ outputs/memory_trace_objectnet_siglip2.png / .svg
   рЯІ† Bio-Graph Memory Footprint: 176.19 MB
   вДєпЄП  Fixed Alpha Ablation: Using alpha=0.00 (Tuning skipped)

   рЯПЖ Pure CIL Metrics -> AIA: 79.06% | Forgetting: 5.96%
вЬЕ Memory comparison saved вЖТ outputs/memory_comparison_objectnet_siglip2.png / .svg
рЯФД Preparing Dataset: OBJECTNET...
   рЯУР Preprocessing: 384px, norm=custom
вЬЕ ObjectNet found at ./data/objectnet/objectnet-1.0
вДєпЄП  Note: ObjectNet handled as 15 tasks of 20 classes. Split handled in main.py.
вЬЕ Loaded 50273 images. Classes expected: 300
рЯТЊ Loading cached siglip2 features for objectnet (Train)...

рЯМ± --- Starting Run with Seed: 42 ---
   рЯУ¶ Stream samples: 34855 | Val samples: 3865
   рЯЪА Training Bio-Inspired Graph (Hippocampus + Cortex)...

   рЯМА --- PURE CIL MODE SCENARIO ---

   рЯУЪ Training Task 1/15
вЬЕ Bio-Graph Training Complete.
   вДєпЄП  Fixed Alpha Ablation: Using alpha=1.00
   -> AIA after Task 1: 94.30% | Breakdown: ['94.3%']

   рЯУЪ Training Task 2/15
вЬЕ Bio-Graph Training Complete.
   вДєпЄП  Fixed Alpha Ablation: Using alpha=1.00
   -> AIA after Task 2: 90.44% | Breakdown: ['93.1%', '87.8%']

   рЯУЪ Training Task 3/15
вЬЕ Bio-Graph Training Complete.
   вДєпЄП  Fixed Alpha Ablation: Using alpha=1.00
   -> AIA after Task 3: 88.41% | Breakdown: ['91.1%', '85.6%', '88.5%']

   рЯУЪ Training Task 4/15
вЬЕ Bio-Graph Training Complete.
   вДєпЄП  Fixed Alpha Ablation: Using alpha=1.00
   -> AIA after Task 4: 88.28% | Breakdown: ['90.9%', '83.9%', '89.3%', '89.1%']

   рЯУЪ Training Task 5/15
вЬЕ Bio-Graph Training Complete.
   вДєпЄП  Fixed Alpha Ablation: Using alpha=1.00
   -> AIA after Task 5: 87.82% | Breakdown: ['90.3%', '82.1%', '88.4%', '88.1%', '90.3%']

   рЯУЪ Training Task 6/15
вЬЕ Bio-Graph Training Complete.
   вДєпЄП  Fixed Alpha Ablation: Using alpha=1.00
   -> AIA after Task 6: 87.26% | Breakdown: ['90.1%', '80.1%', '87.9%', '88.1%', '90.1%', '87.4%']

   рЯУЪ Training Task 7/15
вЬЕ Bio-Graph Training Complete.
   вДєпЄП  Fixed Alpha Ablation: Using alpha=1.00
   -> AIA after Task 7: 86.64% | Breakdown: ['89.1%', '81.2%', '87.3%', '86.4%', '88.7%', '87.4%', '86.2%']

   рЯУЪ Training Task 8/15
вЬЕ Bio-Graph Training Complete.
   вДєпЄП  Fixed Alpha Ablation: Using alpha=1.00
   -> AIA after Task 8: 86.02% | Breakdown: ['89.5%', '80.7%', '86.4%', '85.8%', '88.2%', '86.8%', '85.3%', '85.3%']

   рЯУЪ Training Task 9/15
вЬЕ Bio-Graph Training Complete.
   вДєпЄП  Fixed Alpha Ablation: Using alpha=1.00
   -> AIA after Task 9: 84.88% | Breakdown: ['88.5%', '80.1%', '87.2%', '84.6%', '85.9%', '85.5%', '85.0%', '84.8%', '82.4%']

   рЯУЪ Training Task 10/15
вЬЕ Bio-Graph Training Complete.
   вДєпЄП  Fixed Alpha Ablation: Using alpha=1.00
   -> AIA after Task 10: 83.85% | Breakdown: ['87.8%', '79.3%', '86.2%', '84.0%', '85.2%', '84.5%', '84.6%', '84.5%', '81.8%', '80.5%']

   рЯУЪ Training Task 11/15
вЬЕ Bio-Graph Training Complete.
   вДєпЄП  Fixed Alpha Ablation: Using alpha=1.00
   -> AIA after Task 11: 83.45% | Breakdown: ['87.4%', '78.9%', '85.4%', '84.1%', '84.2%', '84.6%', '84.3%', '83.8%', '80.6%', '79.4%', '85.1%']

   рЯУЪ Training Task 12/15
вЬЕ Bio-Graph Training Complete.
   вДєпЄП  Fixed Alpha Ablation: Using alpha=1.00
   -> AIA after Task 12: 82.51% | Breakdown: ['87.0%', '78.3%', '85.0%', '83.1%', '82.7%', '83.9%', '83.4%', '82.6%', '79.7%', '79.6%', '84.7%', '80.0%']

   рЯУЪ Training Task 13/15
вЬЕ Bio-Graph Training Complete.
   вДєпЄП  Fixed Alpha Ablation: Using alpha=1.00
   -> AIA after Task 13: 81.69% | Breakdown: ['86.8%', '76.0%', '85.2%', '82.9%', '81.7%', '83.2%', '83.2%', '81.8%', '79.7%', '79.6%', '83.0%', '77.6%', '81.3%']

   рЯУЪ Training Task 14/15
вЬЕ Bio-Graph Training Complete.
   вДєпЄП  Fixed Alpha Ablation: Using alpha=1.00
   -> AIA after Task 14: 81.32% | Breakdown: ['86.4%', '76.4%', '84.9%', '82.5%', '82.0%', '82.9%', '83.6%', '81.6%', '78.5%', '78.1%', '82.8%', '77.6%', '80.2%', '80.9%']

   рЯУЪ Training Task 15/15
вЬЕ Bio-Graph Training Complete.
   вДєпЄП  Fixed Alpha Ablation: Using alpha=1.00
   -> AIA after Task 15: 80.93% | Breakdown: ['85.6%', '74.8%', '84.1%', '81.7%', '81.2%', '80.6%', '85.0%', '81.5%', '78.3%', '78.5%', '83.2%', '77.2%', '80.3%', '80.5%', '81.8%']
вЬЕ Memory trace saved вЖТ outputs/memory_trace_objectnet_siglip2.png / .svg
   рЯІ† Bio-Graph Memory Footprint: 176.19 MB
   вДєпЄП  Fixed Alpha Ablation: Using alpha=1.00 (Tuning skipped)

   рЯПЖ Pure CIL Metrics -> AIA: 80.93% | Forgetting: 4.83%
вЬЕ Memory comparison saved вЖТ outputs/memory_comparison_objectnet_siglip2.png / .svg
рЯФД Preparing Dataset: OBJECTNET...
   рЯУР Preprocessing: 384px, norm=custom
вЬЕ ObjectNet found at ./data/objectnet/objectnet-1.0
вДєпЄП  Note: ObjectNet handled as 15 tasks of 20 classes. Split handled in main.py.
вЬЕ Loaded 50273 images. Classes expected: 300
рЯТЊ Loading cached siglip2 features for objectnet (Train)...

рЯМ± --- Starting Run with Seed: 42 ---
   рЯУ¶ Stream samples: 34855 | Val samples: 3865
   рЯЪА Training Bio-Inspired Graph (Hippocampus + Cortex)...

   рЯМА --- PURE CIL MODE SCENARIO ---

   рЯУЪ Training Task 1/15
вЬЕ Bio-Graph Training Complete.
   рЯФО Tuned best alpha=0.30 (Val Acc: 95.7%)
   -> AIA after Task 1: 94.57% | Breakdown: ['94.6%']

   рЯУЪ Training Task 2/15
вЬЕ Bio-Graph Training Complete.
   рЯФО Tuned best alpha=1.00 (Val Acc: 91.1%)
   -> AIA after Task 2: 90.44% | Breakdown: ['93.1%', '87.8%']

   рЯУЪ Training Task 3/15
вЬЕ Bio-Graph Training Complete.
   рЯФО Tuned best alpha=0.90 (Val Acc: 91.7%)
   -> AIA after Task 3: 88.63% | Breakdown: ['91.3%', '86.0%', '88.6%']

   рЯУЪ Training Task 4/15
вЬЕ Bio-Graph Training Complete.
   рЯФО Tuned best alpha=0.80 (Val Acc: 89.8%)
   -> AIA after Task 4: 88.28% | Breakdown: ['90.3%', '84.2%', '89.3%', '89.3%']

   рЯУЪ Training Task 5/15
вЬЕ Bio-Graph Training Complete.
   рЯФО Tuned best alpha=0.30 (Val Acc: 88.4%)
   -> AIA after Task 5: 87.63% | Breakdown: ['89.8%', '82.7%', '88.5%', '86.9%', '90.3%']

   рЯУЪ Training Task 6/15
вЬЕ Bio-Graph Training Complete.
   рЯФО Tuned best alpha=0.90 (Val Acc: 87.6%)
   -> AIA after Task 6: 87.20% | Breakdown: ['89.4%', '80.6%', '88.1%', '87.5%', '90.1%', '87.6%']

   рЯУЪ Training Task 7/15
вЬЕ Bio-Graph Training Complete.
   рЯФО Tuned best alpha=0.90 (Val Acc: 86.9%)
   -> AIA after Task 7: 86.49% | Breakdown: ['88.7%', '81.1%', '87.3%', '86.7%', '88.9%', '86.8%', '85.8%']

   рЯУЪ Training Task 8/15
вЬЕ Bio-Graph Training Complete.
   рЯФО Tuned best alpha=0.30 (Val Acc: 86.0%)
   -> AIA after Task 8: 85.77% | Breakdown: ['88.7%', '79.4%', '86.7%', '85.5%', '87.6%', '86.5%', '85.5%', '86.1%']

   рЯУЪ Training Task 9/15
вЬЕ Bio-Graph Training Complete.
   рЯФО Tuned best alpha=0.70 (Val Acc: 84.7%)
   -> AIA after Task 9: 84.81% | Breakdown: ['88.5%', '79.4%', '86.8%', '84.4%', '86.1%', '85.4%', '85.1%', '85.0%', '82.5%']

   рЯУЪ Training Task 10/15
вЬЕ Bio-Graph Training Complete.
   рЯФО Tuned best alpha=1.00 (Val Acc: 83.3%)
   -> AIA after Task 10: 83.85% | Breakdown: ['87.8%', '79.3%', '86.2%', '84.0%', '85.2%', '84.5%', '84.6%', '84.5%', '81.8%', '80.5%']

   рЯУЪ Training Task 11/15
вЬЕ Bio-Graph Training Complete.
   рЯФО Tuned best alpha=1.00 (Val Acc: 83.0%)
   -> AIA after Task 11: 83.45% | Breakdown: ['87.4%', '78.9%', '85.4%', '84.1%', '84.2%', '84.6%', '84.3%', '83.8%', '80.6%', '79.4%', '85.1%']

   рЯУЪ Training Task 12/15
вЬЕ Bio-Graph Training Complete.
   рЯФО Tuned best alpha=1.00 (Val Acc: 82.1%)
   -> AIA after Task 12: 82.51% | Breakdown: ['87.0%', '78.3%', '85.0%', '83.1%', '82.7%', '83.9%', '83.4%', '82.6%', '79.7%', '79.6%', '84.7%', '80.0%']

   рЯУЪ Training Task 13/15
вЬЕ Bio-Graph Training Complete.
   рЯФО Tuned best alpha=1.00 (Val Acc: 81.6%)
   -> AIA after Task 13: 81.69% | Breakdown: ['86.8%', '76.0%', '85.2%', '82.9%', '81.7%', '83.2%', '83.2%', '81.8%', '79.7%', '79.6%', '83.0%', '77.6%', '81.3%']

   рЯУЪ Training Task 14/15
вЬЕ Bio-Graph Training Complete.
   рЯФО Tuned best alpha=1.00 (Val Acc: 81.2%)
   -> AIA after Task 14: 81.32% | Breakdown: ['86.4%', '76.4%', '84.9%', '82.5%', '82.0%', '82.9%', '83.6%', '81.6%', '78.5%', '78.1%', '82.8%', '77.6%', '80.2%', '80.9%']

   рЯУЪ Training Task 15/15
вЬЕ Bio-Graph Training Complete.
   рЯФО Tuned best alpha=1.00 (Val Acc: 80.9%)
   -> AIA after Task 15: 80.93% | Breakdown: ['85.6%', '74.8%', '84.1%', '81.7%', '81.2%', '80.6%', '85.0%', '81.5%', '78.3%', '78.5%', '83.2%', '77.2%', '80.3%', '80.5%', '81.8%']
вЬЕ Memory trace saved вЖТ outputs/memory_trace_objectnet_siglip2.png / .svg
   рЯІ† Bio-Graph Memory Footprint: 176.19 MB
   вЬЕ Selected alpha: 1.00 (Tuned on 386 val samples)

   рЯПЖ Pure CIL Metrics -> AIA: 80.93% | Forgetting: 4.91%
вЬЕ Memory comparison saved вЖТ outputs/memory_comparison_objectnet_siglip2.png / .svg

рЯЪА [2/3] Lambda Sweep...
рЯФД Preparing Dataset: OBJECTNET...
   рЯУР Preprocessing: 384px, norm=custom
вЬЕ ObjectNet found at ./data/objectnet/objectnet-1.0
вДєпЄП  Note: ObjectNet handled as 15 tasks of 20 classes. Split handled in main.py.
вЬЕ Loaded 50273 images. Classes expected: 300
рЯТЊ Loading cached siglip2 features for objectnet (Train)...

рЯМ± --- Starting Run with Seed: 42 ---
   рЯУ¶ Stream samples: 34855 | Val samples: 3865
   рЯЪА Training Bio-Inspired Graph (Hippocampus + Cortex)...

   рЯМА --- PURE CIL MODE SCENARIO ---

   рЯУЪ Training Task 1/15
вЬЕ Bio-Graph Training Complete.
   рЯФО Tuned best alpha=0.00 (Val Acc: 95.7%)
   -> AIA after Task 1: 94.30% | Breakdown: ['94.3%']

   рЯУЪ Training Task 2/15
вЬЕ Bio-Graph Training Complete.
   рЯФО Tuned best alpha=1.00 (Val Acc: 91.2%)
   -> AIA after Task 2: 90.57% | Breakdown: ['93.2%', '87.9%']

   рЯУЪ Training Task 3/15
вЬЕ Bio-Graph Training Complete.
   рЯФО Tuned best alpha=0.80 (Val Acc: 91.7%)
   -> AIA after Task 3: 88.63% | Breakdown: ['91.3%', '86.0%', '88.6%']

   рЯУЪ Training Task 4/15
вЬЕ Bio-Graph Training Complete.
   рЯФО Tuned best alpha=1.00 (Val Acc: 89.9%)
   -> AIA after Task 4: 88.34% | Breakdown: ['91.1%', '83.9%', '89.3%', '89.1%']

   рЯУЪ Training Task 5/15
вЬЕ Bio-Graph Training Complete.
   рЯФО Tuned best alpha=0.80 (Val Acc: 88.4%)
   -> AIA after Task 5: 87.85% | Breakdown: ['90.3%', '82.6%', '88.0%', '87.8%', '90.6%']

   рЯУЪ Training Task 6/15
вЬЕ Bio-Graph Training Complete.
   рЯФО Tuned best alpha=0.90 (Val Acc: 87.6%)
   -> AIA after Task 6: 87.23% | Breakdown: ['89.7%', '80.5%', '88.0%', '87.6%', '90.3%', '87.4%']

   рЯУЪ Training Task 7/15
вЬЕ Bio-Graph Training Complete.
   рЯФО Tuned best alpha=0.30 (Val Acc: 86.9%)
   -> AIA after Task 7: 86.17% | Breakdown: ['88.3%', '80.2%', '87.2%', '85.6%', '88.9%', '86.8%', '86.0%']

   рЯУЪ Training Task 8/15
вЬЕ Bio-Graph Training Complete.
   рЯФО Tuned best alpha=0.70 (Val Acc: 86.0%)
   -> AIA after Task 8: 85.95% | Breakdown: ['89.5%', '79.7%', '86.7%', '86.0%', '88.1%', '86.8%', '85.3%', '85.5%']

   рЯУЪ Training Task 9/15
вЬЕ Bio-Graph Training Complete.
   рЯФО Tuned best alpha=0.70 (Val Acc: 84.6%)
   -> AIA after Task 9: 84.79% | Breakdown: ['88.6%', '79.4%', '86.8%', '84.3%', '86.1%', '85.4%', '85.1%', '85.0%', '82.4%']

   рЯУЪ Training Task 10/15
вЬЕ Bio-Graph Training Complete.
   рЯФО Tuned best alpha=1.00 (Val Acc: 83.4%)
   -> AIA after Task 10: 83.83% | Breakdown: ['87.7%', '79.4%', '86.3%', '84.0%', '84.9%', '84.5%', '84.6%', '84.6%', '81.7%', '80.5%']

   рЯУЪ Training Task 11/15
вЬЕ Bio-Graph Training Complete.
   рЯФО Tuned best alpha=1.00 (Val Acc: 83.0%)
   -> AIA after Task 11: 83.39% | Breakdown: ['87.5%', '78.9%', '85.3%', '84.0%', '84.0%', '84.6%', '84.3%', '83.8%', '80.6%', '79.3%', '84.9%']

   рЯУЪ Training Task 12/15
вЬЕ Bio-Graph Training Complete.
   рЯФО Tuned best alpha=1.00 (Val Acc: 82.2%)
   -> AIA after Task 12: 82.54% | Breakdown: ['87.0%', '78.3%', '85.0%', '83.1%', '82.5%', '83.9%', '83.6%', '82.6%', '80.2%', '79.7%', '84.5%', '79.8%']

   рЯУЪ Training Task 13/15
вЬЕ Bio-Graph Training Complete.
   рЯФО Tuned best alpha=0.90 (Val Acc: 81.5%)
   -> AIA after Task 13: 81.66% | Breakdown: ['86.4%', '76.3%', '85.3%', '82.5%', '81.3%', '83.0%', '83.2%', '82.1%', '80.2%', '79.7%', '83.0%', '77.6%', '80.8%']

   рЯУЪ Training Task 14/15
вЬЕ Bio-Graph Training Complete.
   рЯФО Tuned best alpha=1.00 (Val Acc: 81.3%)
   -> AIA after Task 14: 81.38% | Breakdown: ['86.5%', '76.3%', '84.9%', '82.5%', '82.0%', '82.9%', '83.6%', '81.6%', '78.7%', '78.5%', '82.8%', '77.8%', '80.3%', '80.9%']

   рЯУЪ Training Task 15/15
вЬЕ Bio-Graph Training Complete.
   рЯФО Tuned best alpha=0.90 (Val Acc: 80.8%)
   -> AIA after Task 15: 81.02% | Breakdown: ['85.4%', '75.0%', '84.3%', '82.3%', '81.0%', '80.7%', '84.6%', '81.8%', '78.8%', '78.8%', '83.0%', '77.3%', '79.8%', '80.5%', '82.0%']
вЬЕ Memory trace saved вЖТ outputs/memory_trace_objectnet_siglip2.png / .svg
   рЯІ† Bio-Graph Memory Footprint: 176.25 MB
   вЬЕ Selected alpha: 1.00 (Tuned on 386 val samples)

   рЯПЖ Pure CIL Metrics -> AIA: 81.02% | Forgetting: 4.72%
вЬЕ Memory comparison saved вЖТ outputs/memory_comparison_objectnet_siglip2.png / .svg
рЯФД Preparing Dataset: OBJECTNET...
   рЯУР Preprocessing: 384px, norm=custom
вЬЕ ObjectNet found at ./data/objectnet/objectnet-1.0
вДєпЄП  Note: ObjectNet handled as 15 tasks of 20 classes. Split handled in main.py.
вЬЕ Loaded 50273 images. Classes expected: 300
рЯТЊ Loading cached siglip2 features for objectnet (Train)...

рЯМ± --- Starting Run with Seed: 42 ---
   рЯУ¶ Stream samples: 34855 | Val samples: 3865
   рЯЪА Training Bio-Inspired Graph (Hippocampus + Cortex)...

   рЯМА --- PURE CIL MODE SCENARIO ---

   рЯУЪ Training Task 1/15
вЬЕ Bio-Graph Training Complete.
   рЯФО Tuned best alpha=0.30 (Val Acc: 95.7%)
   -> AIA after Task 1: 94.57% | Breakdown: ['94.6%']

   рЯУЪ Training Task 2/15
вЬЕ Bio-Graph Training Complete.
   рЯФО Tuned best alpha=1.00 (Val Acc: 91.1%)
   -> AIA after Task 2: 90.44% | Breakdown: ['93.1%', '87.8%']

   рЯУЪ Training Task 3/15
вЬЕ Bio-Graph Training Complete.
   рЯФО Tuned best alpha=0.90 (Val Acc: 91.7%)
   -> AIA after Task 3: 88.63% | Breakdown: ['91.3%', '86.0%', '88.6%']

   рЯУЪ Training Task 4/15
вЬЕ Bio-Graph Training Complete.
   рЯФО Tuned best alpha=0.80 (Val Acc: 89.8%)
   -> AIA after Task 4: 88.28% | Breakdown: ['90.3%', '84.2%', '89.3%', '89.3%']

   рЯУЪ Training Task 5/15
вЬЕ Bio-Graph Training Complete.
   рЯФО Tuned best alpha=0.30 (Val Acc: 88.4%)
   -> AIA after Task 5: 87.63% | Breakdown: ['89.8%', '82.7%', '88.5%', '86.9%', '90.3%']

   рЯУЪ Training Task 6/15
вЬЕ Bio-Graph Training Complete.
   рЯФО Tuned best alpha=0.90 (Val Acc: 87.6%)
   -> AIA after Task 6: 87.20% | Breakdown: ['89.4%', '80.6%', '88.1%', '87.5%', '90.1%', '87.6%']

   рЯУЪ Training Task 7/15
вЬЕ Bio-Graph Training Complete.
   рЯФО Tuned best alpha=0.90 (Val Acc: 86.9%)
   -> AIA after Task 7: 86.49% | Breakdown: ['88.7%', '81.1%', '87.3%', '86.7%', '88.9%', '86.8%', '85.8%']

   рЯУЪ Training Task 8/15
вЬЕ Bio-Graph Training Complete.
   рЯФО Tuned best alpha=0.30 (Val Acc: 86.0%)
   -> AIA after Task 8: 85.77% | Breakdown: ['88.7%', '79.4%', '86.7%', '85.5%', '87.6%', '86.5%', '85.5%', '86.1%']

   рЯУЪ Training Task 9/15
вЬЕ Bio-Graph Training Complete.
   рЯФО Tuned best alpha=0.70 (Val Acc: 84.7%)
   -> AIA after Task 9: 84.81% | Breakdown: ['88.5%', '79.4%', '86.8%', '84.4%', '86.1%', '85.4%', '85.1%', '85.0%', '82.5%']

   рЯУЪ Training Task 10/15
вЬЕ Bio-Graph Training Complete.
   рЯФО Tuned best alpha=1.00 (Val Acc: 83.3%)
   -> AIA after Task 10: 83.85% | Breakdown: ['87.8%', '79.3%', '86.2%', '84.0%', '85.2%', '84.5%', '84.6%', '84.5%', '81.8%', '80.5%']

   рЯУЪ Training Task 11/15
вЬЕ Bio-Graph Training Complete.
   рЯФО Tuned best alpha=1.00 (Val Acc: 83.0%)
   -> AIA after Task 11: 83.45% | Breakdown: ['87.4%', '78.9%', '85.4%', '84.1%', '84.2%', '84.6%', '84.3%', '83.8%', '80.6%', '79.4%', '85.1%']

   рЯУЪ Training Task 12/15
вЬЕ Bio-Graph Training Complete.
   рЯФО Tuned best alpha=1.00 (Val Acc: 82.1%)
   -> AIA after Task 12: 82.51% | Breakdown: ['87.0%', '78.3%', '85.0%', '83.1%', '82.7%', '83.9%', '83.4%', '82.6%', '79.7%', '79.6%', '84.7%', '80.0%']

   рЯУЪ Training Task 13/15
вЬЕ Bio-Graph Training Complete.
   рЯФО Tuned best alpha=1.00 (Val Acc: 81.6%)
   -> AIA after Task 13: 81.69% | Breakdown: ['86.8%', '76.0%', '85.2%', '82.9%', '81.7%', '83.2%', '83.2%', '81.8%', '79.7%', '79.6%', '83.0%', '77.6%', '81.3%']

   рЯУЪ Training Task 14/15
вЬЕ Bio-Graph Training Complete.
   рЯФО Tuned best alpha=1.00 (Val Acc: 81.2%)
   -> AIA after Task 14: 81.32% | Breakdown: ['86.4%', '76.4%', '84.9%', '82.5%', '82.0%', '82.9%', '83.6%', '81.6%', '78.5%', '78.1%', '82.8%', '77.6%', '80.2%', '80.9%']

   рЯУЪ Training Task 15/15
вЬЕ Bio-Graph Training Complete.
   рЯФО Tuned best alpha=1.00 (Val Acc: 80.9%)
   -> AIA after Task 15: 80.93% | Breakdown: ['85.6%', '74.8%', '84.1%', '81.7%', '81.2%', '80.6%', '85.0%', '81.5%', '78.3%', '78.5%', '83.2%', '77.2%', '80.3%', '80.5%', '81.8%']
вЬЕ Memory trace saved вЖТ outputs/memory_trace_objectnet_siglip2.png / .svg
   рЯІ† Bio-Graph Memory Footprint: 176.19 MB
   вЬЕ Selected alpha: 1.00 (Tuned on 386 val samples)

   рЯПЖ Pure CIL Metrics -> AIA: 80.93% | Forgetting: 4.91%
вЬЕ Memory comparison saved вЖТ outputs/memory_comparison_objectnet_siglip2.png / .svg
рЯФД Preparing Dataset: OBJECTNET...
   рЯУР Preprocessing: 384px, norm=custom
вЬЕ ObjectNet found at ./data/objectnet/objectnet-1.0
вДєпЄП  Note: ObjectNet handled as 15 tasks of 20 classes. Split handled in main.py.
вЬЕ Loaded 50273 images. Classes expected: 300
рЯТЊ Loading cached siglip2 features for objectnet (Train)...

рЯМ± --- Starting Run with Seed: 42 ---
   рЯУ¶ Stream samples: 34855 | Val samples: 3865
   рЯЪА Training Bio-Inspired Graph (Hippocampus + Cortex)...

   рЯМА --- PURE CIL MODE SCENARIO ---

   рЯУЪ Training Task 1/15
вЬЕ Bio-Graph Training Complete.
   рЯФО Tuned best alpha=0.30 (Val Acc: 95.7%)
   -> AIA after Task 1: 94.57% | Breakdown: ['94.6%']

   рЯУЪ Training Task 2/15
вЬЕ Bio-Graph Training Complete.
   рЯФО Tuned best alpha=0.90 (Val Acc: 91.6%)
   -> AIA after Task 2: 90.64% | Breakdown: ['93.5%', '87.8%']

   рЯУЪ Training Task 3/15
вЬЕ Bio-Graph Training Complete.
   рЯФО Tuned best alpha=1.00 (Val Acc: 91.4%)
   -> AIA after Task 3: 88.46% | Breakdown: ['91.3%', '86.1%', '88.0%']

   рЯУЪ Training Task 4/15
вЬЕ Bio-Graph Training Complete.
   рЯФО Tuned best alpha=1.00 (Val Acc: 89.9%)
   -> AIA after Task 4: 88.18% | Breakdown: ['90.7%', '84.0%', '88.7%', '89.3%']

   рЯУЪ Training Task 5/15
вЬЕ Bio-Graph Training Complete.
   рЯФО Tuned best alpha=0.00 (Val Acc: 88.2%)
   -> AIA after Task 5: 87.14% | Breakdown: ['89.1%', '82.5%', '88.2%', '86.3%', '89.6%']

   рЯУЪ Training Task 6/15
вЬЕ Bio-Graph Training Complete.
   рЯФО Tuned best alpha=0.30 (Val Acc: 87.3%)
   -> AIA after Task 6: 87.27% | Breakdown: ['89.4%', '81.1%', '88.0%', '86.9%', '90.4%', '87.9%']

   рЯУЪ Training Task 7/15
вЬЕ Bio-Graph Training Complete.
   рЯФО Tuned best alpha=0.30 (Val Acc: 86.9%)
   -> AIA after Task 7: 86.32% | Breakdown: ['88.9%', '80.6%', '87.2%', '85.6%', '88.9%', '86.8%', '86.2%']

   рЯУЪ Training Task 8/15
вЬЕ Bio-Graph Training Complete.
   рЯФО Tuned best alpha=0.30 (Val Acc: 85.8%)
   -> AIA after Task 8: 85.89% | Breakdown: ['89.5%', '79.7%', '86.8%', '85.3%', '87.7%', '86.5%', '85.5%', '86.0%']

   рЯУЪ Training Task 9/15
вЬЕ Bio-Graph Training Complete.
   рЯФО Tuned best alpha=0.70 (Val Acc: 84.4%)
   -> AIA after Task 9: 84.82% | Breakdown: ['89.0%', '79.4%', '86.7%', '84.3%', '86.1%', '85.2%', '85.1%', '85.1%', '82.4%']

   рЯУЪ Training Task 10/15
вЬЕ Bio-Graph Training Complete.
   рЯФО Tuned best alpha=0.90 (Val Acc: 83.1%)
   -> AIA after Task 10: 83.77% | Breakdown: ['87.8%', '79.6%', '86.2%', '84.1%', '84.5%', '84.6%', '84.6%', '84.5%', '81.3%', '80.4%']

   рЯУЪ Training Task 11/15
вЬЕ Bio-Graph Training Complete.
   рЯФО Tuned best alpha=1.00 (Val Acc: 82.9%)
   -> AIA after Task 11: 83.46% | Breakdown: ['87.4%', '79.3%', '85.3%', '84.0%', '84.2%', '84.6%', '84.4%', '84.0%', '80.2%', '79.6%', '84.9%']

   рЯУЪ Training Task 12/15
вЬЕ Bio-Graph Training Complete.
   рЯФО Tuned best alpha=1.00 (Val Acc: 82.2%)
   -> AIA after Task 12: 82.69% | Breakdown: ['87.2%', '78.8%', '85.0%', '82.9%', '82.7%', '83.9%', '83.7%', '83.0%', '80.4%', '80.1%', '84.7%', '79.8%']

   рЯУЪ Training Task 13/15
вЬЕ Bio-Graph Training Complete.
   рЯФО Tuned best alpha=1.00 (Val Acc: 81.6%)
   -> AIA after Task 13: 81.82% | Breakdown: ['87.0%', '76.4%', '85.3%', '82.8%', '81.8%', '83.2%', '83.2%', '82.0%', '80.1%', '80.1%', '83.0%', '77.6%', '81.1%']

   рЯУЪ Training Task 14/15
вЬЕ Bio-Graph Training Complete.
   рЯФО Tuned best alpha=1.00 (Val Acc: 81.3%)
   -> AIA after Task 14: 81.34% | Breakdown: ['86.2%', '76.4%', '84.7%', '82.6%', '81.8%', '83.0%', '83.6%', '81.8%', '78.5%', '78.3%', '83.0%', '77.8%', '80.2%', '80.8%']

   рЯУЪ Training Task 15/15
вЬЕ Bio-Graph Training Complete.
   рЯФО Tuned best alpha=1.00 (Val Acc: 80.9%)
   -> AIA after Task 15: 80.98% | Breakdown: ['86.0%', '74.5%', '84.0%', '81.9%', '81.0%', '80.6%', '84.4%', '81.8%', '78.5%', '78.9%', '83.2%', '77.3%', '80.2%', '80.5%', '82.0%']
вЬЕ Memory trace saved вЖТ outputs/memory_trace_objectnet_siglip2.png / .svg
   рЯІ† Bio-Graph Memory Footprint: 175.53 MB
   вЬЕ Selected alpha: 1.00 (Tuned on 386 val samples)

   рЯПЖ Pure CIL Metrics -> AIA: 80.98% | Forgetting: 4.82%
вЬЕ Memory comparison saved вЖТ outputs/memory_comparison_objectnet_siglip2.png / .svg

рЯЪА [3/3] Node Count Sweep (Fixed alpha=0.5)...
рЯФД Preparing Dataset: OBJECTNET...
   рЯУР Preprocessing: 384px, norm=custom
вЬЕ ObjectNet found at ./data/objectnet/objectnet-1.0
вДєпЄП  Note: ObjectNet handled as 15 tasks of 20 classes. Split handled in main.py.
вЬЕ Loaded 50273 images. Classes expected: 300
рЯТЊ Loading cached siglip2 features for objectnet (Train)...

рЯМ± --- Starting Run with Seed: 42 ---
   рЯУ¶ Stream samples: 34855 | Val samples: 3865
   рЯЪА Training Bio-Inspired Graph (Hippocampus + Cortex)...

   рЯМА --- PURE CIL MODE SCENARIO ---

   рЯУЪ Training Task 1/15
вЬЕ Bio-Graph Training Complete.
   рЯФО Tuned best alpha=0.50 (Val Acc: 57.5%)
   -> AIA after Task 1: 55.76% | Breakdown: ['55.8%']

   рЯУЪ Training Task 2/15
вЬЕ Bio-Graph Training Complete.
   рЯФО Tuned best alpha=0.30 (Val Acc: 40.0%)
   -> AIA after Task 2: 40.19% | Breakdown: ['53.9%', '26.5%']

   рЯУЪ Training Task 3/15
вЬЕ Bio-Graph Training Complete.
   рЯФО Tuned best alpha=0.30 (Val Acc: 34.9%)
   -> AIA after Task 3: 33.59% | Breakdown: ['49.8%', '22.2%', '28.8%']

   рЯУЪ Training Task 4/15
вЬЕ Bio-Graph Training Complete.
   рЯФО Tuned best alpha=0.50 (Val Acc: 30.9%)
   -> AIA after Task 4: 28.67% | Breakdown: ['49.9%', '21.7%', '27.4%', '15.7%']

   рЯУЪ Training Task 5/15
вЬЕ Bio-Graph Training Complete.
   рЯФО Tuned best alpha=0.50 (Val Acc: 31.7%)
   -> AIA after Task 5: 32.62% | Breakdown: ['48.5%', '21.1%', '26.2%', '15.3%', '52.1%']

   рЯУЪ Training Task 6/15
вЬЕ Bio-Graph Training Complete.
   рЯФО Tuned best alpha=0.70 (Val Acc: 27.6%)
   -> AIA after Task 6: 28.45% | Breakdown: ['50.3%', '21.4%', '26.2%', '16.9%', '51.4%', '4.4%']

   рЯУЪ Training Task 7/15
вЬЕ Bio-Graph Training Complete.
   рЯФО Tuned best alpha=0.30 (Val Acc: 29.7%)
   -> AIA after Task 7: 29.88% | Breakdown: ['47.8%', '20.6%', '25.2%', '13.1%', '49.2%', '3.2%', '50.0%']

   рЯУЪ Training Task 8/15
вЬЕ Bio-Graph Training Complete.
   рЯФО Tuned best alpha=0.30 (Val Acc: 33.5%)
   -> AIA after Task 8: 34.82% | Breakdown: ['43.4%', '19.9%', '23.9%', '11.9%', '47.7%', '2.8%', '47.7%', '81.1%']

   рЯУЪ Training Task 9/15
вЬЕ Bio-Graph Training Complete.
   рЯФО Tuned best alpha=0.50 (Val Acc: 33.6%)
   -> AIA after Task 9: 34.42% | Breakdown: ['42.8%', '20.8%', '23.3%', '10.4%', '47.4%', '3.4%', '47.0%', '80.1%', '34.6%']

   рЯУЪ Training Task 10/15
вЬЕ Bio-Graph Training Complete.
   рЯФО Tuned best alpha=1.00 (Val Acc: 33.0%)
   -> AIA after Task 10: 32.48% | Breakdown: ['40.5%', '19.4%', '22.3%', '9.7%', '47.1%', '2.3%', '46.2%', '77.1%', '32.6%', '27.7%']

   рЯУЪ Training Task 11/15
вЬЕ Bio-Graph Training Complete.
   рЯФО Tuned best alpha=1.00 (Val Acc: 33.6%)
   -> AIA after Task 11: 33.95% | Breakdown: ['39.3%', '19.4%', '21.4%', '9.1%', '46.1%', '2.3%', '46.0%', '75.5%', '32.1%', '27.7%', '54.7%']

   рЯУЪ Training Task 12/15
вЬЕ Bio-Graph Training Complete.
   рЯФО Tuned best alpha=0.30 (Val Acc: 34.3%)
   -> AIA after Task 12: 34.57% | Breakdown: ['37.6%', '18.4%', '20.7%', '8.5%', '43.2%', '2.0%', '44.4%', '72.8%', '30.3%', '26.5%', '55.4%', '55.0%']

   рЯУЪ Training Task 13/15
вЬЕ Bio-Graph Training Complete.
   рЯФО Tuned best alpha=1.00 (Val Acc: 31.4%)
   -> AIA after Task 13: 32.51% | Breakdown: ['36.6%', '18.2%', '20.7%', '8.5%', '42.7%', '2.2%', '44.6%', '72.8%', '30.7%', '26.7%', '54.3%', '52.8%', '12.0%']

   рЯУЪ Training Task 14/15
вЬЕ Bio-Graph Training Complete.
   рЯФО Tuned best alpha=1.00 (Val Acc: 32.0%)
   -> AIA after Task 14: 33.15% | Breakdown: ['35.2%', '17.3%', '20.7%', '7.3%', '42.0%', '1.2%', '41.8%', '71.6%', '30.0%', '26.7%', '54.0%', '51.3%', '12.3%', '52.8%']

   рЯУЪ Training Task 15/15
вЬЕ Bio-Graph Training Complete.
   рЯФО Tuned best alpha=1.00 (Val Acc: 31.0%)
   -> AIA after Task 15: 32.13% | Breakdown: ['34.6%', '16.9%', '19.6%', '7.6%', '41.5%', '0.7%', '42.5%', '71.1%', '29.5%', '25.7%', '51.9%', '51.2%', '11.3%', '51.5%', '26.4%']
вЬЕ Memory trace saved вЖТ outputs/memory_trace_objectnet_siglip2.png / .svg
   рЯІ† Bio-Graph Memory Footprint: 34.04 MB
   вЬЕ Selected alpha: 0.70 (Tuned on 386 val samples)

   рЯПЖ Pure CIL Metrics -> AIA: 32.13% | Forgetting: 6.98%
вЬЕ Memory comparison saved вЖТ outputs/memory_comparison_objectnet_siglip2.png / .svg
рЯФД Preparing Dataset: OBJECTNET...
   рЯУР Preprocessing: 384px, norm=custom
вЬЕ ObjectNet found at ./data/objectnet/objectnet-1.0
вДєпЄП  Note: ObjectNet handled as 15 tasks of 20 classes. Split handled in main.py.
вЬЕ Loaded 50273 images. Classes expected: 300
рЯТЊ Loading cached siglip2 features for objectnet (Train)...

рЯМ± --- Starting Run with Seed: 42 ---
   рЯУ¶ Stream samples: 34855 | Val samples: 3865
   рЯЪА Training Bio-Inspired Graph (Hippocampus + Cortex)...

   рЯМА --- PURE CIL MODE SCENARIO ---

   рЯУЪ Training Task 1/15
вЬЕ Bio-Graph Training Complete.
   рЯФО Tuned best alpha=0.00 (Val Acc: 95.7%)
   -> AIA after Task 1: 93.91% | Breakdown: ['93.9%']

   рЯУЪ Training Task 2/15
вЬЕ Bio-Graph Training Complete.
   рЯФО Tuned best alpha=1.00 (Val Acc: 83.6%)
   -> AIA after Task 2: 81.71% | Breakdown: ['84.0%', '79.4%']

   рЯУЪ Training Task 3/15
вЬЕ Bio-Graph Training Complete.
   рЯФО Tuned best alpha=0.30 (Val Acc: 85.8%)
   -> AIA after Task 3: 81.63% | Breakdown: ['84.8%', '80.1%', '80.1%']

   рЯУЪ Training Task 4/15
вЬЕ Bio-Graph Training Complete.
   рЯФО Tuned best alpha=1.00 (Val Acc: 85.7%)
   -> AIA after Task 4: 82.19% | Breakdown: ['82.3%', '81.0%', '82.6%', '82.9%']

   рЯУЪ Training Task 5/15
вЬЕ Bio-Graph Training Complete.
   рЯФО Tuned best alpha=1.00 (Val Acc: 84.8%)
   -> AIA after Task 5: 83.78% | Breakdown: ['84.6%', '79.1%', '83.6%', '83.7%', '87.9%']

   рЯУЪ Training Task 6/15
вЬЕ Bio-Graph Training Complete.
   рЯФО Tuned best alpha=0.30 (Val Acc: 84.8%)
   -> AIA after Task 6: 83.20% | Breakdown: ['83.6%', '77.4%', '83.6%', '82.6%', '86.4%', '85.5%']

   рЯУЪ Training Task 7/15
вЬЕ Bio-Graph Training Complete.
   рЯФО Tuned best alpha=1.00 (Val Acc: 85.3%)
   -> AIA after Task 7: 83.38% | Breakdown: ['84.2%', '78.7%', '83.4%', '81.6%', '86.1%', '84.9%', '84.8%']

   рЯУЪ Training Task 8/15
вЬЕ Bio-Graph Training Complete.
   рЯФО Tuned best alpha=0.70 (Val Acc: 84.8%)
   -> AIA after Task 8: 83.61% | Breakdown: ['84.0%', '78.3%', '82.9%', '83.1%', '85.5%', '85.5%', '83.6%', '86.0%']

   рЯУЪ Training Task 9/15
вЬЕ Bio-Graph Training Complete.
   рЯФО Tuned best alpha=1.00 (Val Acc: 82.8%)
   -> AIA after Task 9: 82.95% | Breakdown: ['83.7%', '78.7%', '83.5%', '82.9%', '83.7%', '84.4%', '84.1%', '85.0%', '80.6%']

   рЯУЪ Training Task 10/15
вЬЕ Bio-Graph Training Complete.
   рЯФО Tuned best alpha=1.00 (Val Acc: 82.4%)
   -> AIA after Task 10: 82.30% | Breakdown: ['82.9%', '77.3%', '83.8%', '81.7%', '84.9%', '83.6%', '84.3%', '84.5%', '81.0%', '79.1%']

   рЯУЪ Training Task 11/15
вЬЕ Bio-Graph Training Complete.
   рЯФО Tuned best alpha=1.00 (Val Acc: 82.0%)
   -> AIA after Task 11: 81.99% | Breakdown: ['82.5%', '76.9%', '82.7%', '82.3%', '82.5%', '82.9%', '84.1%', '83.5%', '80.4%', '79.1%', '84.9%']

   рЯУЪ Training Task 12/15
вЬЕ Bio-Graph Training Complete.
   рЯФО Tuned best alpha=1.00 (Val Acc: 81.4%)
   -> AIA after Task 12: 81.16% | Breakdown: ['82.5%', '76.3%', '82.5%', '81.1%', '81.5%', '82.3%', '82.9%', '82.8%', '79.7%', '78.0%', '84.9%', '79.5%']

   рЯУЪ Training Task 13/15
вЬЕ Bio-Graph Training Complete.
   рЯФО Tuned best alpha=1.00 (Val Acc: 80.0%)
   -> AIA after Task 13: 80.26% | Breakdown: ['81.3%', '74.4%', '82.2%', '79.6%', '81.2%', '82.2%', '82.2%', '81.3%', '79.5%', '78.3%', '84.5%', '78.0%', '78.6%']

   рЯУЪ Training Task 14/15
вЬЕ Bio-Graph Training Complete.
   рЯФО Tuned best alpha=1.00 (Val Acc: 79.9%)
   -> AIA after Task 14: 79.89% | Breakdown: ['81.3%', '74.8%', '82.4%', '79.8%', '81.0%', '81.9%', '81.8%', '81.1%', '78.5%', '77.2%', '83.7%', '78.6%', '77.6%', '78.8%']

   рЯУЪ Training Task 15/15
вЬЕ Bio-Graph Training Complete.
   рЯФО Tuned best alpha=0.90 (Val Acc: 79.1%)
   -> AIA after Task 15: 79.28% | Breakdown: ['81.1%', '74.1%', '82.2%', '79.0%', '80.2%', '78.9%', '80.6%', '81.0%', '79.0%', '76.7%', '84.0%', '77.3%', '76.5%', '77.9%', '80.7%']
вЬЕ Memory trace saved вЖТ outputs/memory_trace_objectnet_siglip2.png / .svg
   рЯІ† Bio-Graph Memory Footprint: 97.75 MB
   вЬЕ Selected alpha: 1.00 (Tuned on 386 val samples)

   рЯПЖ Pure CIL Metrics -> AIA: 79.28% | Forgetting: 4.27%
вЬЕ Memory comparison saved вЖТ outputs/memory_comparison_objectnet_siglip2.png / .svg
рЯФД Preparing Dataset: OBJECTNET...
   рЯУР Preprocessing: 384px, norm=custom
вЬЕ ObjectNet found at ./data/objectnet/objectnet-1.0
вДєпЄП  Note: ObjectNet handled as 15 tasks of 20 classes. Split handled in main.py.
вЬЕ Loaded 50273 images. Classes expected: 300
рЯТЊ Loading cached siglip2 features for objectnet (Train)...

рЯМ± --- Starting Run with Seed: 42 ---
   рЯУ¶ Stream samples: 34855 | Val samples: 3865
   рЯЪА Training Bio-Inspired Graph (Hippocampus + Cortex)...

   рЯМА --- PURE CIL MODE SCENARIO ---

   рЯУЪ Training Task 1/15
вЬЕ Bio-Graph Training Complete.
   рЯФО Tuned best alpha=0.30 (Val Acc: 96.3%)
   -> AIA after Task 1: 93.51% | Breakdown: ['93.5%']

   рЯУЪ Training Task 2/15
вЬЕ Bio-Graph Training Complete.
   рЯФО Tuned best alpha=0.00 (Val Acc: 91.1%)
   -> AIA after Task 2: 90.04% | Breakdown: ['92.1%', '88.0%']

   рЯУЪ Training Task 3/15
вЬЕ Bio-Graph Training Complete.
   рЯФО Tuned best alpha=0.90 (Val Acc: 91.4%)
   -> AIA after Task 3: 88.41% | Breakdown: ['90.9%', '86.5%', '87.9%']

   рЯУЪ Training Task 4/15
вЬЕ Bio-Graph Training Complete.
   рЯФО Tuned best alpha=1.00 (Val Acc: 90.0%)
   -> AIA after Task 4: 88.06% | Breakdown: ['90.6%', '84.9%', '88.9%', '87.9%']

   рЯУЪ Training Task 5/15
вЬЕ Bio-Graph Training Complete.
   рЯФО Tuned best alpha=1.00 (Val Acc: 88.3%)
   -> AIA after Task 5: 87.92% | Breakdown: ['90.3%', '83.6%', '87.5%', '87.8%', '90.4%']

   рЯУЪ Training Task 6/15
вЬЕ Bio-Graph Training Complete.
   рЯФО Tuned best alpha=1.00 (Val Acc: 87.7%)
   -> AIA after Task 6: 87.23% | Breakdown: ['89.8%', '80.7%', '87.2%', '87.0%', '90.8%', '87.9%']

   рЯУЪ Training Task 7/15
вЬЕ Bio-Graph Training Complete.
   рЯФО Tuned best alpha=0.30 (Val Acc: 86.9%)
   -> AIA after Task 7: 86.29% | Breakdown: ['88.3%', '81.2%', '87.1%', '85.2%', '89.2%', '87.3%', '85.7%']

   рЯУЪ Training Task 8/15
вЬЕ Bio-Graph Training Complete.
   рЯФО Tuned best alpha=0.70 (Val Acc: 86.5%)
   -> AIA after Task 8: 85.84% | Breakdown: ['88.6%', '80.7%', '86.4%', '84.6%', '88.6%', '87.0%', '85.3%', '85.5%']

   рЯУЪ Training Task 9/15
вЬЕ Bio-Graph Training Complete.
   рЯФО Tuned best alpha=0.70 (Val Acc: 84.7%)
   -> AIA after Task 9: 84.84% | Breakdown: ['88.1%', '80.5%', '86.8%', '83.7%', '86.2%', '85.7%', '85.1%', '85.1%', '82.4%']

   рЯУЪ Training Task 10/15
вЬЕ Bio-Graph Training Complete.
   рЯФО Tuned best alpha=1.00 (Val Acc: 83.5%)
   -> AIA after Task 10: 83.88% | Breakdown: ['87.7%', '80.1%', '85.9%', '83.4%', '85.2%', '85.2%', '85.0%', '84.5%', '81.7%', '80.2%']

   рЯУЪ Training Task 11/15
вЬЕ Bio-Graph Training Complete.
   рЯФО Tuned best alpha=1.00 (Val Acc: 83.0%)
   -> AIA after Task 11: 83.44% | Breakdown: ['87.2%', '79.7%', '85.2%', '84.0%', '84.2%', '84.6%', '84.3%', '83.5%', '80.2%', '80.1%', '84.9%']

   рЯУЪ Training Task 12/15
вЬЕ Bio-Graph Training Complete.
   рЯФО Tuned best alpha=1.00 (Val Acc: 82.3%)
   -> AIA after Task 12: 82.56% | Breakdown: ['86.2%', '79.1%', '85.0%', '82.2%', '82.7%', '84.1%', '83.6%', '82.6%', '79.7%', '80.5%', '84.9%', '80.1%']

   рЯУЪ Training Task 13/15
вЬЕ Bio-Graph Training Complete.
   рЯФО Tuned best alpha=1.00 (Val Acc: 81.6%)
   -> AIA after Task 13: 81.82% | Breakdown: ['86.5%', '76.8%', '84.7%', '81.9%', '82.4%', '83.3%', '83.0%', '81.5%', '79.5%', '80.1%', '83.9%', '78.5%', '81.7%']

   рЯУЪ Training Task 14/15
вЬЕ Bio-Graph Training Complete.
   рЯФО Tuned best alpha=0.90 (Val Acc: 81.4%)
   -> AIA after Task 14: 81.35% | Breakdown: ['86.1%', '76.5%', '84.7%', '82.5%', '82.2%', '83.0%', '83.0%', '81.5%', '78.8%', '79.3%', '83.5%', '77.8%', '80.0%', '80.0%']

   рЯУЪ Training Task 15/15
вЬЕ Bio-Graph Training Complete.
   рЯФО Tuned best alpha=1.00 (Val Acc: 81.0%)
   -> AIA after Task 15: 80.77% | Breakdown: ['85.0%', '74.8%', '83.8%', '81.4%', '81.3%', '81.0%', '82.9%', '81.3%', '78.3%', '79.3%', '83.5%', '77.0%', '80.2%', '79.5%', '82.3%']
вЬЕ Memory trace saved вЖТ outputs/memory_trace_objectnet_siglip2.png / .svg
   рЯІ† Bio-Graph Memory Footprint: 168.03 MB
   вЬЕ Selected alpha: 0.80 (Tuned on 386 val samples)

   рЯПЖ Pure CIL Metrics -> AIA: 80.77% | Forgetting: 4.89%
вЬЕ Memory comparison saved вЖТ outputs/memory_comparison_objectnet_siglip2.png / .svg
рЯФД Preparing Dataset: OBJECTNET...
   рЯУР Preprocessing: 384px, norm=custom
вЬЕ ObjectNet found at ./data/objectnet/objectnet-1.0
вДєпЄП  Note: ObjectNet handled as 15 tasks of 20 classes. Split handled in main.py.
вЬЕ Loaded 50273 images. Classes expected: 300
рЯТЊ Loading cached siglip2 features for objectnet (Train)...

рЯМ± --- Starting Run with Seed: 42 ---
   рЯУ¶ Stream samples: 34855 | Val samples: 3865
   рЯЪА Training Bio-Inspired Graph (Hippocampus + Cortex)...

   рЯМА --- PURE CIL MODE SCENARIO ---

   рЯУЪ Training Task 1/15
вЬЕ Bio-Graph Training Complete.
   рЯФО Tuned best alpha=0.30 (Val Acc: 95.7%)
   -> AIA after Task 1: 94.57% | Breakdown: ['94.6%']

   рЯУЪ Training Task 2/15
вЬЕ Bio-Graph Training Complete.
   рЯФО Tuned best alpha=1.00 (Val Acc: 91.1%)
   -> AIA after Task 2: 90.44% | Breakdown: ['93.1%', '87.8%']

   рЯУЪ Training Task 3/15
вЬЕ Bio-Graph Training Complete.
   рЯФО Tuned best alpha=0.90 (Val Acc: 91.7%)
   -> AIA after Task 3: 88.63% | Breakdown: ['91.3%', '86.0%', '88.6%']

   рЯУЪ Training Task 4/15
вЬЕ Bio-Graph Training Complete.
   рЯФО Tuned best alpha=0.80 (Val Acc: 89.8%)
   -> AIA after Task 4: 88.28% | Breakdown: ['90.3%', '84.2%', '89.3%', '89.3%']

   рЯУЪ Training Task 5/15
вЬЕ Bio-Graph Training Complete.
   рЯФО Tuned best alpha=0.30 (Val Acc: 88.4%)
   -> AIA after Task 5: 87.63% | Breakdown: ['89.8%', '82.7%', '88.5%', '86.9%', '90.3%']

   рЯУЪ Training Task 6/15
вЬЕ Bio-Graph Training Complete.
   рЯФО Tuned best alpha=0.90 (Val Acc: 87.6%)
   -> AIA after Task 6: 87.20% | Breakdown: ['89.4%', '80.6%', '88.1%', '87.5%', '90.1%', '87.6%']

   рЯУЪ Training Task 7/15
вЬЕ Bio-Graph Training Complete.
   рЯФО Tuned best alpha=0.90 (Val Acc: 86.9%)
   -> AIA after Task 7: 86.49% | Breakdown: ['88.7%', '81.1%', '87.3%', '86.7%', '88.9%', '86.8%', '85.8%']

   рЯУЪ Training Task 8/15
вЬЕ Bio-Graph Training Complete.
   рЯФО Tuned best alpha=0.30 (Val Acc: 86.0%)
   -> AIA after Task 8: 85.77% | Breakdown: ['88.7%', '79.4%', '86.7%', '85.5%', '87.6%', '86.5%', '85.5%', '86.1%']

   рЯУЪ Training Task 9/15
вЬЕ Bio-Graph Training Complete.
   рЯФО Tuned best alpha=0.70 (Val Acc: 84.7%)
   -> AIA after Task 9: 84.81% | Breakdown: ['88.5%', '79.4%', '86.8%', '84.4%', '86.1%', '85.4%', '85.1%', '85.0%', '82.5%']

   рЯУЪ Training Task 10/15
вЬЕ Bio-Graph Training Complete.
   рЯФО Tuned best alpha=1.00 (Val Acc: 83.3%)
   -> AIA after Task 10: 83.85% | Breakdown: ['87.8%', '79.3%', '86.2%', '84.0%', '85.2%', '84.5%', '84.6%', '84.5%', '81.8%', '80.5%']

   рЯУЪ Training Task 11/15
вЬЕ Bio-Graph Training Complete.
   рЯФО Tuned best alpha=1.00 (Val Acc: 83.0%)
   -> AIA after Task 11: 83.45% | Breakdown: ['87.4%', '78.9%', '85.4%', '84.1%', '84.2%', '84.6%', '84.3%', '83.8%', '80.6%', '79.4%', '85.1%']

   рЯУЪ Training Task 12/15
вЬЕ Bio-Graph Training Complete.
   рЯФО Tuned best alpha=1.00 (Val Acc: 82.1%)
   -> AIA after Task 12: 82.51% | Breakdown: ['87.0%', '78.3%', '85.0%', '83.1%', '82.7%', '83.9%', '83.4%', '82.6%', '79.7%', '79.6%', '84.7%', '80.0%']

   рЯУЪ Training Task 13/15
вЬЕ Bio-Graph Training Complete.
   рЯФО Tuned best alpha=1.00 (Val Acc: 81.6%)
   -> AIA after Task 13: 81.69% | Breakdown: ['86.8%', '76.0%', '85.2%', '82.9%', '81.7%', '83.2%', '83.2%', '81.8%', '79.7%', '79.6%', '83.0%', '77.6%', '81.3%']

   рЯУЪ Training Task 14/15
вЬЕ Bio-Graph Training Complete.
   рЯФО Tuned best alpha=1.00 (Val Acc: 81.2%)
   -> AIA after Task 14: 81.32% | Breakdown: ['86.4%', '76.4%', '84.9%', '82.5%', '82.0%', '82.9%', '83.6%', '81.6%', '78.5%', '78.1%', '82.8%', '77.6%', '80.2%', '80.9%']

   рЯУЪ Training Task 15/15
вЬЕ Bio-Graph Training Complete.
   рЯФО Tuned best alpha=1.00 (Val Acc: 80.9%)
   -> AIA after Task 15: 80.93% | Breakdown: ['85.6%', '74.8%', '84.1%', '81.7%', '81.2%', '80.6%', '85.0%', '81.5%', '78.3%', '78.5%', '83.2%', '77.2%', '80.3%', '80.5%', '81.8%']
вЬЕ Memory trace saved вЖТ outputs/memory_trace_objectnet_siglip2.png / .svg
   рЯІ† Bio-Graph Memory Footprint: 176.19 MB
   вЬЕ Selected alpha: 1.00 (Tuned on 386 val samples)

   рЯПЖ Pure CIL Metrics -> AIA: 80.93% | Forgetting: 4.91%
вЬЕ Memory comparison saved вЖТ outputs/memory_comparison_objectnet_siglip2.png / .svg

вЬЕ Ablations complete. Saved to results/ablation_siglip2_objectnet.json
