==================================================
 📖 RUNNING THE 5-STAGE TQM PAPER NARRATIVE 📖
 Dataset: TINYIMAGENET | Backbone: DINOV2_GIANT
==================================================

⚠️  No cache found at cache/tinyimagenet_dinov2_giant_train_features.npy
🔄 Preparing Dataset: TINYIMAGENET...
✅ Tiny-ImageNet found at ./data/tiny-imagenet-200
✅ Loaded 100000 images. Classes expected: 200
🦖 Loading DINOv2 Giant (dinov2_vitg14_reg, dim=1536)...
🔍 Extracting Features (this may take a moment)...
✅ Cached 100000 features to cache/tinyimagenet_dinov2_giant_train_features.npy

🚀 --- STAGE: 1. Standard NCM ---
✅ Bio-Graph Training Complete.
✅ Bio-Graph Training Complete.
✅ Bio-Graph Training Complete.
✅ Bio-Graph Training Complete.
✅ Bio-Graph Training Complete.
✅ Bio-Graph Training Complete.
✅ Bio-Graph Training Complete.
✅ Bio-Graph Training Complete.
✅ Bio-Graph Training Complete.
✅ Bio-Graph Training Complete.
✅ Bio-Graph Training Complete.
✅ Bio-Graph Training Complete.
✅ Bio-Graph Training Complete.
✅ Bio-Graph Training Complete.
✅ Bio-Graph Training Complete.
✅ Bio-Graph Training Complete.
✅ Bio-Graph Training Complete.
✅ Bio-Graph Training Complete.
✅ Bio-Graph Training Complete.
✅ Bio-Graph Training Complete.
✅ [1. Standard NCM] Finished in 137.2s
   🏆 AIA: 90.22% | Forgetting: 4.73% | Memory: 116.92 MB

🚀 --- STAGE: 2. Basic Replay (Raw Features) ---
✅ [2. Basic Replay (Raw Features)] Finished in 82.8s
   🏆 AIA: 88.42% | Forgetting: 2.97% | Memory: 468.75 MB

🚀 --- STAGE: 2b. Optimized Replay (Linear + ER) ---
✅ [2b. Optimized Replay (Linear + ER)] Finished in 61.5s
   🏆 AIA: 91.13% | Forgetting: 2.39% | Memory: 468.75 MB

🚀 --- STAGE: 3. Node-Replay (Episodic Graph Only) ---
✅ Bio-Graph Training Complete.
✅ Bio-Graph Training Complete.
✅ Bio-Graph Training Complete.
✅ Bio-Graph Training Complete.
✅ Bio-Graph Training Complete.
✅ Bio-Graph Training Complete.
✅ Bio-Graph Training Complete.
✅ Bio-Graph Training Complete.
✅ Bio-Graph Training Complete.
✅ Bio-Graph Training Complete.
✅ Bio-Graph Training Complete.
✅ Bio-Graph Training Complete.
✅ Bio-Graph Training Complete.
✅ Bio-Graph Training Complete.
✅ Bio-Graph Training Complete.
✅ Bio-Graph Training Complete.
✅ Bio-Graph Training Complete.
✅ Bio-Graph Training Complete.
✅ Bio-Graph Training Complete.
✅ Bio-Graph Training Complete.
✅ [3. Node-Replay (Episodic Graph Only)] Finished in 136.9s
   🏆 AIA: 87.20% | Forgetting: 4.03% | Memory: 116.92 MB

🚀 --- STAGE: 4. N-Node Sweeps (Varying graph capacity) ---

🚀 --- STAGE: Sweep Floor=0.1 ---
✅ Bio-Graph Training Complete.
✅ Bio-Graph Training Complete.
✅ Bio-Graph Training Complete.
✅ Bio-Graph Training Complete.
✅ Bio-Graph Training Complete.
✅ Bio-Graph Training Complete.
✅ Bio-Graph Training Complete.
✅ Bio-Graph Training Complete.
✅ Bio-Graph Training Complete.
✅ Bio-Graph Training Complete.
✅ Bio-Graph Training Complete.
✅ Bio-Graph Training Complete.
✅ Bio-Graph Training Complete.
✅ Bio-Graph Training Complete.
✅ Bio-Graph Training Complete.
✅ Bio-Graph Training Complete.
✅ Bio-Graph Training Complete.
✅ Bio-Graph Training Complete.
✅ Bio-Graph Training Complete.
✅ Bio-Graph Training Complete.
✅ [Sweep Floor=0.1] Finished in 136.2s
   🏆 AIA: 84.82% | Forgetting: 4.94% | Memory: 113.55 MB

🚀 --- STAGE: Sweep Floor=0.4 ---
✅ Bio-Graph Training Complete.
✅ Bio-Graph Training Complete.
✅ Bio-Graph Training Complete.
✅ Bio-Graph Training Complete.
✅ Bio-Graph Training Complete.
✅ Bio-Graph Training Complete.
✅ Bio-Graph Training Complete.
✅ Bio-Graph Training Complete.
✅ Bio-Graph Training Complete.
✅ Bio-Graph Training Complete.
✅ Bio-Graph Training Complete.
✅ Bio-Graph Training Complete.
✅ Bio-Graph Training Complete.
✅ Bio-Graph Training Complete.
✅ Bio-Graph Training Complete.
✅ Bio-Graph Training Complete.
✅ Bio-Graph Training Complete.
✅ Bio-Graph Training Complete.
✅ Bio-Graph Training Complete.
✅ Bio-Graph Training Complete.
✅ [Sweep Floor=0.4] Finished in 136.7s
   🏆 AIA: 87.79% | Forgetting: 2.86% | Memory: 119.57 MB

🚀 --- STAGE: Sweep Floor=0.8 ---
✅ Bio-Graph Training Complete.
✅ Bio-Graph Training Complete.
✅ Bio-Graph Training Complete.
✅ Bio-Graph Training Complete.
✅ Bio-Graph Training Complete.
✅ Bio-Graph Training Complete.
✅ Bio-Graph Training Complete.
✅ Bio-Graph Training Complete.
✅ Bio-Graph Training Complete.
✅ Bio-Graph Training Complete.
✅ Bio-Graph Training Complete.
✅ Bio-Graph Training Complete.
✅ Bio-Graph Training Complete.
✅ Bio-Graph Training Complete.
✅ Bio-Graph Training Complete.
✅ Bio-Graph Training Complete.
✅ Bio-Graph Training Complete.
✅ Bio-Graph Training Complete.
✅ Bio-Graph Training Complete.
✅ Bio-Graph Training Complete.
✅ [Sweep Floor=0.8] Finished in 137.0s
   🏆 AIA: 88.72% | Forgetting: 2.78% | Memory: 122.99 MB

🚀 --- STAGE: 5. Full TQM Algorithm (Ours) ---

🌱 --- Starting Run with Seed: 42 ---
   📦 Stream samples: 72000 | Val samples: 8000
   🚀 Training Bio-Inspired Graph (Hippocampus + Cortex)...

   🌀 --- PURE CIL MODE SCENARIO ---

   📚 Training Task 1/20
✅ Bio-Graph Training Complete.
   🔎 Tuned best alpha=0.90 (Val Acc: 95.2%)
   -> AIA after Task 1: 95.00% | Breakdown: ['95.0%']

   📚 Training Task 2/20
✅ Bio-Graph Training Complete.
   🔎 Tuned best alpha=0.80 (Val Acc: 93.9%)
   -> AIA after Task 2: 93.65% | Breakdown: ['93.6%', '93.7%']

   📚 Training Task 3/20
✅ Bio-Graph Training Complete.
   🔎 Tuned best alpha=0.70 (Val Acc: 93.8%)
   -> AIA after Task 3: 93.80% | Breakdown: ['94.1%', '93.8%', '93.5%']

   📚 Training Task 4/20
✅ Bio-Graph Training Complete.
   🔎 Tuned best alpha=0.00 (Val Acc: 93.1%)
   -> AIA after Task 4: 92.05% | Breakdown: ['89.9%', '90.9%', '95.9%', '91.5%']

   📚 Training Task 5/20
✅ Bio-Graph Training Complete.
   🔎 Tuned best alpha=0.00 (Val Acc: 92.5%)
   -> AIA after Task 5: 91.62% | Breakdown: ['90.1%', '90.5%', '95.8%', '87.3%', '94.4%']

   📚 Training Task 6/20
✅ Bio-Graph Training Complete.
   🔎 Tuned best alpha=0.00 (Val Acc: 93.4%)
   -> AIA after Task 6: 92.63% | Breakdown: ['89.9%', '90.8%', '95.8%', '87.4%', '93.9%', '98.0%']

   📚 Training Task 7/20
✅ Bio-Graph Training Complete.
   🔎 Tuned best alpha=0.00 (Val Acc: 93.8%)
   -> AIA after Task 7: 93.31% | Breakdown: ['89.9%', '90.7%', '95.8%', '87.3%', '93.7%', '97.7%', '98.1%']

   📚 Training Task 8/20
✅ Bio-Graph Training Complete.
   🔎 Tuned best alpha=0.00 (Val Acc: 94.0%)
   -> AIA after Task 8: 93.71% | Breakdown: ['89.8%', '91.0%', '95.8%', '87.5%', '93.7%', '97.8%', '97.3%', '96.8%']

   📚 Training Task 9/20
✅ Bio-Graph Training Complete.
   🔎 Tuned best alpha=0.00 (Val Acc: 93.8%)
   -> AIA after Task 9: 93.62% | Breakdown: ['89.8%', '91.0%', '95.8%', '87.4%', '93.3%', '97.5%', '96.1%', '96.3%', '95.4%']

   📚 Training Task 10/20
✅ Bio-Graph Training Complete.
   🔎 Tuned best alpha=0.00 (Val Acc: 93.5%)
   -> AIA after Task 10: 93.61% | Breakdown: ['89.8%', '91.3%', '95.9%', '87.2%', '93.3%', '97.3%', '96.2%', '94.7%', '94.5%', '95.9%']

   📚 Training Task 11/20
✅ Bio-Graph Training Complete.
   🔎 Tuned best alpha=0.00 (Val Acc: 93.5%)
   -> AIA after Task 11: 93.86% | Breakdown: ['89.9%', '91.4%', '96.0%', '87.3%', '93.2%', '97.1%', '95.9%', '94.1%', '94.1%', '95.9%', '97.6%']

   📚 Training Task 12/20
✅ Bio-Graph Training Complete.
   🔎 Tuned best alpha=0.00 (Val Acc: 93.4%)
   -> AIA after Task 12: 93.69% | Breakdown: ['89.9%', '91.4%', '96.0%', '87.2%', '93.0%', '97.1%', '95.7%', '93.3%', '93.3%', '95.6%', '96.4%', '95.4%']

   📚 Training Task 13/20
✅ Bio-Graph Training Complete.
   🔎 Tuned best alpha=0.00 (Val Acc: 93.2%)
   -> AIA after Task 13: 93.28% | Breakdown: ['89.7%', '91.3%', '96.0%', '87.2%', '93.0%', '97.1%', '95.0%', '92.6%', '92.5%', '95.3%', '95.8%', '94.8%', '92.3%']

   📚 Training Task 14/20
✅ Bio-Graph Training Complete.
   🔎 Tuned best alpha=0.00 (Val Acc: 92.5%)
   -> AIA after Task 14: 92.36% | Breakdown: ['89.6%', '91.2%', '96.0%', '87.1%', '93.0%', '97.1%', '94.9%', '89.3%', '92.5%', '95.1%', '94.9%', '94.5%', '92.1%', '85.7%']

   📚 Training Task 15/20
✅ Bio-Graph Training Complete.
   🔎 Tuned best alpha=0.00 (Val Acc: 92.4%)
   -> AIA after Task 15: 92.35% | Breakdown: ['89.7%', '91.3%', '95.9%', '87.1%', '92.8%', '97.1%', '94.5%', '90.9%', '92.6%', '94.8%', '94.8%', '94.2%', '91.3%', '84.1%', '94.1%']

   📚 Training Task 16/20
✅ Bio-Graph Training Complete.
   🔎 Tuned best alpha=0.00 (Val Acc: 91.7%)
   -> AIA after Task 16: 91.56% | Breakdown: ['88.9%', '91.2%', '95.7%', '87.0%', '92.7%', '97.1%', '94.3%', '89.8%', '92.1%', '92.7%', '94.6%', '93.7%', '91.1%', '83.8%', '93.7%', '86.6%']

   📚 Training Task 17/20
✅ Bio-Graph Training Complete.
   🔎 Tuned best alpha=0.00 (Val Acc: 91.5%)
   -> AIA after Task 17: 91.52% | Breakdown: ['89.2%', '91.2%', '95.8%', '87.1%', '92.7%', '97.1%', '93.8%', '90.0%', '91.9%', '92.5%', '94.4%', '93.1%', '91.0%', '83.3%', '93.3%', '85.5%', '94.0%']

   📚 Training Task 18/20
✅ Bio-Graph Training Complete.
   🔎 Tuned best alpha=0.00 (Val Acc: 91.1%)
   -> AIA after Task 18: 91.06% | Breakdown: ['89.2%', '90.3%', '95.8%', '86.8%', '92.6%', '96.9%', '93.3%', '90.0%', '91.7%', '92.4%', '91.1%', '93.1%', '90.6%', '83.5%', '93.1%', '85.3%', '93.2%', '90.1%']

   📚 Training Task 19/20
✅ Bio-Graph Training Complete.
   🔎 Tuned best alpha=0.00 (Val Acc: 91.1%)
   -> AIA after Task 19: 91.08% | Breakdown: ['89.2%', '90.0%', '95.8%', '86.8%', '92.6%', '96.9%', '93.3%', '89.9%', '91.5%', '92.5%', '92.9%', '93.2%', '90.5%', '83.5%', '93.2%', '84.9%', '93.1%', '88.3%', '92.5%']

   📚 Training Task 20/20
✅ Bio-Graph Training Complete.
   🔎 Tuned best alpha=0.00 (Val Acc: 90.5%)
   -> AIA after Task 20: 90.56% | Breakdown: ['89.2%', '88.4%', '95.6%', '86.8%', '92.6%', '96.7%', '93.0%', '89.2%', '91.3%', '92.3%', '91.9%', '93.0%', '90.5%', '83.3%', '93.2%', '84.0%', '92.8%', '87.4%', '90.6%', '89.4%']
✅ Memory trace saved → outputs/memory_trace_tinyimagenet.png / .svg
   🧠 Bio-Graph Memory Footprint: 82.32 MB
   🔎 Val alpha=0.00 -> acc=90.54%
   🔎 Val alpha=0.30 -> acc=89.54%
   🔎 Val alpha=0.50 -> acc=87.30%
   🔎 Val alpha=0.70 -> acc=84.91%
   🔎 Val alpha=0.80 -> acc=83.96%
   🔎 Val alpha=0.90 -> acc=83.05%
   🔎 Val alpha=1.00 -> acc=82.05%
   ✅ Selected alpha: 0.00 | Val Acc: 90.54%

   🏆 Pure CIL Metrics -> AIA: 90.56% | Forgetting: 3.23%
✅ Memory comparison saved → outputs/memory_comparison_tinyimagenet.png / .svg
✅ [5. Full TQM Algorithm (Ours)] Finished in 251.4s
   🏆 AIA: 90.56% | Memory: 82.32 MB

==================================================
 🎯 FINAL STORYLINE RESULTS 
==================================================
1. Standard NCM          | AIA: 90.2% | Mem: ~0 MB
2. Replay (Raw Features) | AIA: 88.4% | Mem: 468.8 MB
2b. Replay (Linear + ER) | AIA: 91.1% | Mem: 468.8 MB
3. Node-Replay Only      | AIA: 87.2% | Mem: 116.9 MB
4. N-Node Sweeps (Best)  | AIA: 88.7% | Mem: 123.0 MB  [Floor=0.80]
5. **TQM (Full)**        | AIA: 90.6% | Mem: 82.3 MB
==================================================
