==================================================
 📖 RUNNING THE 5-STAGE TQM PAPER NARRATIVE 📖
 Dataset: TINYIMAGENET | Backbone: RESNET50
==================================================

⚠️  No cache found at cache/tinyimagenet_resnet50_train_features.npy
🔄 Preparing Dataset: TINYIMAGENET...
✅ Tiny-ImageNet found at ./data/tiny-imagenet-200
✅ Loaded 100000 images. Classes expected: 200
🏗️  Loading resnet50 (dim=2048)...
Downloading: "https://download.pytorch.org/models/resnet50-0676ba61.pth" to /home/ubuntu/.cache/torch/hub/checkpoints/resnet50-0676ba61.pth
🔍 Extracting Features (this may take a moment)...
✅ Cached 100000 features to cache/tinyimagenet_resnet50_train_features.npy

🚀 --- STAGE: 1. Standard NCM ---
✅ Bio-Graph Training Complete.
✅ Bio-Graph Training Complete.
✅ Bio-Graph Training Complete.
✅ Bio-Graph Training Complete.
✅ Bio-Graph Training Complete.
✅ Bio-Graph Training Complete.
✅ Bio-Graph Training Complete.
✅ Bio-Graph Training Complete.
✅ Bio-Graph Training Complete.
✅ Bio-Graph Training Complete.
✅ Bio-Graph Training Complete.
✅ Bio-Graph Training Complete.
✅ Bio-Graph Training Complete.
✅ Bio-Graph Training Complete.
✅ Bio-Graph Training Complete.
✅ Bio-Graph Training Complete.
✅ Bio-Graph Training Complete.
✅ Bio-Graph Training Complete.
✅ Bio-Graph Training Complete.
✅ Bio-Graph Training Complete.
✅ [1. Standard NCM] Finished in 137.2s
   🏆 AIA: 3.72% | Forgetting: 76.23% | Memory: 60.17 MB

🚀 --- STAGE: 2. Basic Replay (Raw Features) ---
✅ [2. Basic Replay (Raw Features)] Finished in 91.5s
   🏆 AIA: 59.95% | Forgetting: 8.07% | Memory: 625.00 MB

🚀 --- STAGE: 2b. Optimized Replay (Linear + ER) ---
✅ [2b. Optimized Replay (Linear + ER)] Finished in 67.2s
   🏆 AIA: 71.05% | Forgetting: 3.69% | Memory: 625.00 MB

🚀 --- STAGE: 3. Node-Replay (Episodic Graph Only) ---
✅ Bio-Graph Training Complete.
✅ Bio-Graph Training Complete.
✅ Bio-Graph Training Complete.
✅ Bio-Graph Training Complete.
✅ Bio-Graph Training Complete.
✅ Bio-Graph Training Complete.
✅ Bio-Graph Training Complete.
✅ Bio-Graph Training Complete.
✅ Bio-Graph Training Complete.
✅ Bio-Graph Training Complete.
✅ Bio-Graph Training Complete.
✅ Bio-Graph Training Complete.
✅ Bio-Graph Training Complete.
✅ Bio-Graph Training Complete.
✅ Bio-Graph Training Complete.
✅ Bio-Graph Training Complete.
✅ Bio-Graph Training Complete.
✅ Bio-Graph Training Complete.
✅ Bio-Graph Training Complete.
✅ Bio-Graph Training Complete.
✅ [3. Node-Replay (Episodic Graph Only)] Finished in 135.2s
   🏆 AIA: 59.54% | Forgetting: 7.05% | Memory: 60.17 MB

🚀 --- STAGE: 4. N-Node Sweeps (Varying graph capacity) ---

🚀 --- STAGE: Sweep Floor=0.1 ---
✅ Bio-Graph Training Complete.
✅ Bio-Graph Training Complete.
✅ Bio-Graph Training Complete.
✅ Bio-Graph Training Complete.
✅ Bio-Graph Training Complete.
✅ Bio-Graph Training Complete.
✅ Bio-Graph Training Complete.
✅ Bio-Graph Training Complete.
✅ Bio-Graph Training Complete.
✅ Bio-Graph Training Complete.
✅ Bio-Graph Training Complete.
✅ Bio-Graph Training Complete.
✅ Bio-Graph Training Complete.
✅ Bio-Graph Training Complete.
✅ Bio-Graph Training Complete.
✅ Bio-Graph Training Complete.
✅ Bio-Graph Training Complete.
✅ Bio-Graph Training Complete.
✅ Bio-Graph Training Complete.
✅ Bio-Graph Training Complete.
✅ [Sweep Floor=0.1] Finished in 137.3s
   🏆 AIA: 58.87% | Forgetting: 7.52% | Memory: 60.28 MB

🚀 --- STAGE: Sweep Floor=0.4 ---
✅ Bio-Graph Training Complete.
✅ Bio-Graph Training Complete.
✅ Bio-Graph Training Complete.
✅ Bio-Graph Training Complete.
✅ Bio-Graph Training Complete.
✅ Bio-Graph Training Complete.
✅ Bio-Graph Training Complete.
✅ Bio-Graph Training Complete.
✅ Bio-Graph Training Complete.
✅ Bio-Graph Training Complete.
✅ Bio-Graph Training Complete.
✅ Bio-Graph Training Complete.
✅ Bio-Graph Training Complete.
✅ Bio-Graph Training Complete.
✅ Bio-Graph Training Complete.
✅ Bio-Graph Training Complete.
✅ Bio-Graph Training Complete.
✅ Bio-Graph Training Complete.
✅ Bio-Graph Training Complete.
✅ Bio-Graph Training Complete.
✅ [Sweep Floor=0.4] Finished in 136.2s
   🏆 AIA: 60.30% | Forgetting: 7.31% | Memory: 62.02 MB

🚀 --- STAGE: Sweep Floor=0.8 ---
✅ Bio-Graph Training Complete.
✅ Bio-Graph Training Complete.
✅ Bio-Graph Training Complete.
✅ Bio-Graph Training Complete.
✅ Bio-Graph Training Complete.
✅ Bio-Graph Training Complete.
✅ Bio-Graph Training Complete.
✅ Bio-Graph Training Complete.
✅ Bio-Graph Training Complete.
✅ Bio-Graph Training Complete.
✅ Bio-Graph Training Complete.
✅ Bio-Graph Training Complete.
✅ Bio-Graph Training Complete.
✅ Bio-Graph Training Complete.
✅ Bio-Graph Training Complete.
✅ Bio-Graph Training Complete.
✅ Bio-Graph Training Complete.
✅ Bio-Graph Training Complete.
✅ Bio-Graph Training Complete.
✅ Bio-Graph Training Complete.
✅ [Sweep Floor=0.8] Finished in 136.8s
   🏆 AIA: 60.96% | Forgetting: 7.13% | Memory: 63.73 MB

🚀 --- STAGE: 5. Full TQM Algorithm (Ours) ---

🌱 --- Starting Run with Seed: 42 ---
   📦 Stream samples: 72000 | Val samples: 8000
   🚀 Training Bio-Inspired Graph (Hippocampus + Cortex)...

   🌀 --- PURE CIL MODE SCENARIO ---

   📚 Training Task 1/20
✅ Bio-Graph Training Complete.
   🔎 Tuned best alpha=0.70 (Val Acc: 84.0%)
   -> AIA after Task 1: 79.30% | Breakdown: ['79.3%']

   📚 Training Task 2/20
✅ Bio-Graph Training Complete.
   🔎 Tuned best alpha=0.90 (Val Acc: 70.6%)
   -> AIA after Task 2: 70.35% | Breakdown: ['75.8%', '64.9%']

   📚 Training Task 3/20
✅ Bio-Graph Training Complete.
   🔎 Tuned best alpha=0.80 (Val Acc: 70.2%)
   -> AIA after Task 3: 69.67% | Breakdown: ['77.0%', '57.8%', '74.2%']

   📚 Training Task 4/20
✅ Bio-Graph Training Complete.
   🔎 Tuned best alpha=0.90 (Val Acc: 64.5%)
   -> AIA after Task 4: 63.80% | Breakdown: ['74.0%', '61.5%', '62.2%', '57.5%']

   📚 Training Task 5/20
✅ Bio-Graph Training Complete.
   🔎 Tuned best alpha=0.90 (Val Acc: 59.8%)
   -> AIA after Task 5: 57.94% | Breakdown: ['71.2%', '58.6%', '61.0%', '53.3%', '45.6%']

   📚 Training Task 6/20
✅ Bio-Graph Training Complete.
   🔎 Tuned best alpha=0.90 (Val Acc: 57.6%)
   -> AIA after Task 6: 57.52% | Breakdown: ['66.3%', '56.6%', '61.5%', '52.6%', '43.6%', '64.5%']

   📚 Training Task 7/20
✅ Bio-Graph Training Complete.
   🔎 Tuned best alpha=0.90 (Val Acc: 59.4%)
   -> AIA after Task 7: 58.61% | Breakdown: ['65.8%', '56.4%', '61.1%', '52.4%', '42.6%', '60.4%', '71.6%']

   📚 Training Task 8/20
✅ Bio-Graph Training Complete.
   🔎 Tuned best alpha=0.90 (Val Acc: 59.7%)
   -> AIA after Task 8: 59.02% | Breakdown: ['65.4%', '56.9%', '61.0%', '52.6%', '42.7%', '58.7%', '65.1%', '69.8%']

   📚 Training Task 9/20
✅ Bio-Graph Training Complete.
   🔎 Tuned best alpha=0.90 (Val Acc: 59.1%)
   -> AIA after Task 9: 57.97% | Breakdown: ['65.4%', '54.9%', '60.7%', '52.6%', '41.0%', '58.3%', '60.8%', '67.0%', '61.0%']

   📚 Training Task 10/20
✅ Bio-Graph Training Complete.
   🔎 Tuned best alpha=0.90 (Val Acc: 58.1%)
   -> AIA after Task 10: 57.42% | Breakdown: ['65.4%', '54.5%', '61.3%', '52.0%', '40.9%', '58.3%', '57.6%', '63.6%', '56.1%', '64.5%']

   📚 Training Task 11/20
✅ Bio-Graph Training Complete.
   🔎 Tuned best alpha=0.90 (Val Acc: 58.2%)
   -> AIA after Task 11: 57.44% | Breakdown: ['65.5%', '54.4%', '61.1%', '51.8%', '40.7%', '58.2%', '57.5%', '61.6%', '55.3%', '65.7%', '60.0%']

   📚 Training Task 12/20
✅ Bio-Graph Training Complete.
   🔎 Tuned best alpha=0.90 (Val Acc: 57.3%)
   -> AIA after Task 12: 56.90% | Breakdown: ['62.9%', '52.1%', '61.4%', '51.5%', '40.4%', '58.2%', '57.5%', '60.9%', '54.7%', '64.6%', '58.7%', '59.9%']

   📚 Training Task 13/20
✅ Bio-Graph Training Complete.
   🔎 Tuned best alpha=0.90 (Val Acc: 56.0%)
   -> AIA after Task 13: 55.92% | Breakdown: ['58.0%', '50.4%', '61.7%', '51.3%', '40.0%', '58.2%', '56.9%', '60.7%', '53.5%', '66.0%', '57.5%', '59.3%', '53.4%']

   📚 Training Task 14/20
✅ Bio-Graph Training Complete.
   🔎 Tuned best alpha=0.90 (Val Acc: 53.6%)
   -> AIA after Task 14: 53.34% | Breakdown: ['58.1%', '50.2%', '61.3%', '51.4%', '39.8%', '57.9%', '52.8%', '55.3%', '50.6%', '64.7%', '53.6%', '55.7%', '46.1%', '49.2%']

   📚 Training Task 15/20
✅ Bio-Graph Training Complete.
   🔎 Tuned best alpha=0.90 (Val Acc: 52.7%)
   -> AIA after Task 15: 52.47% | Breakdown: ['59.1%', '43.5%', '60.4%', '52.2%', '38.6%', '58.1%', '52.3%', '55.3%', '50.0%', '62.2%', '54.1%', '46.6%', '43.2%', '50.2%', '61.2%']

   📚 Training Task 16/20
✅ Bio-Graph Training Complete.
   🔎 Tuned best alpha=0.90 (Val Acc: 50.8%)
   -> AIA after Task 16: 50.89% | Breakdown: ['58.0%', '39.4%', '60.3%', '51.7%', '39.6%', '58.4%', '52.2%', '54.2%', '50.0%', '62.2%', '52.9%', '46.4%', '42.0%', '49.6%', '60.2%', '37.1%']

   📚 Training Task 17/20
✅ Bio-Graph Training Complete.
   🔎 Tuned best alpha=0.90 (Val Acc: 48.3%)
   -> AIA after Task 17: 48.46% | Breakdown: ['53.8%', '40.7%', '57.3%', '43.9%', '35.7%', '53.5%', '51.7%', '52.6%', '49.1%', '60.6%', '51.9%', '45.1%', '39.2%', '48.9%', '54.2%', '34.0%', '51.7%']

   📚 Training Task 18/20
✅ Bio-Graph Training Complete.
   🔎 Tuned best alpha=0.90 (Val Acc: 47.4%)
   -> AIA after Task 18: 47.37% | Breakdown: ['49.6%', '41.3%', '53.4%', '44.2%', '35.7%', '53.4%', '51.3%', '52.9%', '48.9%', '60.5%', '48.1%', '44.5%', '36.8%', '47.1%', '53.3%', '29.3%', '50.1%', '52.3%']

   📚 Training Task 19/20
✅ Bio-Graph Training Complete.
   🔎 Tuned best alpha=0.90 (Val Acc: 47.6%)
   -> AIA after Task 19: 47.45% | Breakdown: ['49.4%', '40.6%', '53.3%', '44.0%', '35.7%', '53.0%', '50.9%', '52.9%', '48.2%', '60.3%', '48.5%', '44.5%', '36.6%', '47.0%', '53.2%', '28.5%', '51.4%', '50.0%', '53.6%']

   📚 Training Task 20/20
✅ Bio-Graph Training Complete.
   🔎 Tuned best alpha=0.90 (Val Acc: 46.9%)
   -> AIA after Task 20: 47.04% | Breakdown: ['48.8%', '40.1%', '53.3%', '44.2%', '35.7%', '53.8%', '50.6%', '52.7%', '47.8%', '58.2%', '47.4%', '44.3%', '36.6%', '47.0%', '53.5%', '29.4%', '51.5%', '51.5%', '48.3%', '46.2%']
✅ Memory trace saved → outputs/memory_trace_tinyimagenet.png / .svg
   🧠 Bio-Graph Memory Footprint: 14.52 MB
   🔎 Val alpha=0.00 -> acc=31.54%
   🔎 Val alpha=0.30 -> acc=34.16%
   🔎 Val alpha=0.50 -> acc=36.64%
   🔎 Val alpha=0.70 -> acc=41.44%
   🔎 Val alpha=0.80 -> acc=44.36%
   🔎 Val alpha=0.90 -> acc=46.94%
   🔎 Val alpha=1.00 -> acc=46.61%
   ✅ Selected alpha: 0.90 | Val Acc: 46.94%

   🏆 Pure CIL Metrics -> AIA: 47.05% | Forgetting: 12.58%
✅ Memory comparison saved → outputs/memory_comparison_tinyimagenet.png / .svg
✅ [5. Full TQM Algorithm (Ours)] Finished in 208.6s
   🏆 AIA: 47.05% | Memory: 14.52 MB

==================================================
 🎯 FINAL STORYLINE RESULTS 
==================================================
1. Standard NCM          | AIA: 3.7% | Mem: ~0 MB
2. Replay (Raw Features) | AIA: 60.0% | Mem: 625.0 MB
2b. Replay (Linear + ER) | AIA: 71.1% | Mem: 625.0 MB
3. Node-Replay Only      | AIA: 59.5% | Mem: 60.2 MB
4. N-Node Sweeps (Best)  | AIA: 61.0% | Mem: 63.7 MB  [Floor=0.80]
5. **TQM (Full)**        | AIA: 47.0% | Mem: 14.5 MB
==================================================
