==================================================
 📖 RUNNING THE 5-STAGE TQM PAPER NARRATIVE 📖
 Dataset: IMAGENET_R | Backbone: DINOV2_GIANT
==================================================

⚠️  No cache found at cache/imagenet_r_dinov2_giant_train_features.npy
🔄 Preparing Dataset: IMAGENET_R...
✅ ImageNet-R found at ./data/imagenet-r
ℹ️  Note: ImageNet-R is a single folder. Train/Test splitting happens in main.py.
✅ Loaded 30000 images. Classes expected: 200
🦖 Loading DINOv2 Giant (dinov2_vitg14_reg, dim=1536)...
🔍 Extracting Features (this may take a moment)...
✅ Cached 30000 features to cache/imagenet_r_dinov2_giant_train_features.npy

🚀 --- STAGE: 1. Standard NCM ---
✅ Bio-Graph Training Complete.
✅ Bio-Graph Training Complete.
✅ Bio-Graph Training Complete.
✅ Bio-Graph Training Complete.
✅ Bio-Graph Training Complete.
✅ Bio-Graph Training Complete.
✅ Bio-Graph Training Complete.
✅ Bio-Graph Training Complete.
✅ Bio-Graph Training Complete.
✅ Bio-Graph Training Complete.
✅ [1. Standard NCM] Finished in 39.5s
   🏆 AIA: 83.37% | Forgetting: 8.16% | Memory: 73.10 MB

🚀 --- STAGE: 2. Basic Replay (Raw Features) ---
✅ [2. Basic Replay (Raw Features)] Finished in 5.1s
   🏆 AIA: 81.17% | Forgetting: 2.82% | Memory: 140.60 MB

🚀 --- STAGE: 2b. Optimized Replay (Linear + ER) ---
✅ [2b. Optimized Replay (Linear + ER)] Finished in 11.4s
   🏆 AIA: 90.56% | Forgetting: 0.87% | Memory: 140.60 MB

🚀 --- STAGE: 3. Node-Replay (Episodic Graph Only) ---
✅ Bio-Graph Training Complete.
✅ Bio-Graph Training Complete.
✅ Bio-Graph Training Complete.
✅ Bio-Graph Training Complete.
✅ Bio-Graph Training Complete.
✅ Bio-Graph Training Complete.
✅ Bio-Graph Training Complete.
✅ Bio-Graph Training Complete.
✅ Bio-Graph Training Complete.
✅ Bio-Graph Training Complete.
✅ [3. Node-Replay (Episodic Graph Only)] Finished in 39.8s
   🏆 AIA: 80.53% | Forgetting: 3.03% | Memory: 73.10 MB

🚀 --- STAGE: 4. N-Node Sweeps (Varying graph capacity) ---

🚀 --- STAGE: Sweep Floor=0.1 ---
✅ Bio-Graph Training Complete.
✅ Bio-Graph Training Complete.
✅ Bio-Graph Training Complete.
✅ Bio-Graph Training Complete.
✅ Bio-Graph Training Complete.
✅ Bio-Graph Training Complete.
✅ Bio-Graph Training Complete.
✅ Bio-Graph Training Complete.
✅ Bio-Graph Training Complete.
✅ Bio-Graph Training Complete.
✅ [Sweep Floor=0.1] Finished in 39.0s
   🏆 AIA: 79.94% | Forgetting: 2.80% | Memory: 72.40 MB

🚀 --- STAGE: Sweep Floor=0.4 ---
✅ Bio-Graph Training Complete.
✅ Bio-Graph Training Complete.
✅ Bio-Graph Training Complete.
✅ Bio-Graph Training Complete.
✅ Bio-Graph Training Complete.
✅ Bio-Graph Training Complete.
✅ Bio-Graph Training Complete.
✅ Bio-Graph Training Complete.
✅ Bio-Graph Training Complete.
✅ Bio-Graph Training Complete.
✅ [Sweep Floor=0.4] Finished in 39.1s
   🏆 AIA: 81.34% | Forgetting: 2.73% | Memory: 73.54 MB

🚀 --- STAGE: Sweep Floor=0.8 ---
✅ Bio-Graph Training Complete.
✅ Bio-Graph Training Complete.
✅ Bio-Graph Training Complete.
✅ Bio-Graph Training Complete.
✅ Bio-Graph Training Complete.
✅ Bio-Graph Training Complete.
✅ Bio-Graph Training Complete.
✅ Bio-Graph Training Complete.
✅ Bio-Graph Training Complete.
✅ Bio-Graph Training Complete.
✅ [Sweep Floor=0.8] Finished in 39.2s
   🏆 AIA: 81.36% | Forgetting: 2.73% | Memory: 73.97 MB

🚀 --- STAGE: 5. Full TQM Algorithm (Ours) ---

🌱 --- Starting Run with Seed: 42 ---
   📦 Stream samples: 21601 | Val samples: 2395
   🚀 Training Bio-Inspired Graph (Hippocampus + Cortex)...

   🌀 --- PURE CIL MODE SCENARIO ---

   📚 Training Task 1/10
✅ Bio-Graph Training Complete.
   🔎 Tuned best alpha=0.00 (Val Acc: 93.8%)
   -> AIA after Task 1: 95.52% | Breakdown: ['95.5%']

   📚 Training Task 2/10
✅ Bio-Graph Training Complete.
   🔎 Tuned best alpha=0.00 (Val Acc: 94.1%)
   -> AIA after Task 2: 93.79% | Breakdown: ['93.8%', '93.8%']

   📚 Training Task 3/10
✅ Bio-Graph Training Complete.
   🔎 Tuned best alpha=0.00 (Val Acc: 91.9%)
   -> AIA after Task 3: 91.90% | Breakdown: ['93.7%', '93.1%', '89.0%']

   📚 Training Task 4/10
✅ Bio-Graph Training Complete.
   🔎 Tuned best alpha=0.00 (Val Acc: 91.6%)
   -> AIA after Task 4: 91.45% | Breakdown: ['93.4%', '93.1%', '88.0%', '91.3%']

   📚 Training Task 5/10
✅ Bio-Graph Training Complete.
   🔎 Tuned best alpha=0.00 (Val Acc: 91.3%)
   -> AIA after Task 5: 90.43% | Breakdown: ['93.2%', '92.8%', '86.0%', '91.0%', '89.2%']

   📚 Training Task 6/10
✅ Bio-Graph Training Complete.
   🔎 Tuned best alpha=0.00 (Val Acc: 89.8%)
   -> AIA after Task 6: 90.05% | Breakdown: ['92.0%', '92.2%', '86.0%', '89.9%', '88.6%', '91.5%']

   📚 Training Task 7/10
✅ Bio-Graph Training Complete.
   🔎 Tuned best alpha=0.00 (Val Acc: 89.5%)
   -> AIA after Task 7: 89.27% | Breakdown: ['92.0%', '91.6%', '86.0%', '89.4%', '87.6%', '91.2%', '87.2%']

   📚 Training Task 8/10
✅ Bio-Graph Training Complete.
   🔎 Tuned best alpha=0.00 (Val Acc: 89.4%)
   -> AIA after Task 8: 88.56% | Breakdown: ['92.0%', '91.4%', '85.7%', '89.1%', '87.6%', '89.9%', '85.2%', '87.5%']

   📚 Training Task 9/10
✅ Bio-Graph Training Complete.
   🔎 Tuned best alpha=0.00 (Val Acc: 89.7%)
   -> AIA after Task 9: 88.76% | Breakdown: ['91.8%', '91.3%', '85.7%', '88.8%', '87.2%', '90.1%', '84.4%', '85.1%', '94.5%']

   📚 Training Task 10/10
✅ Bio-Graph Training Complete.
   🔎 Tuned best alpha=0.00 (Val Acc: 89.2%)
   -> AIA after Task 10: 88.16% | Breakdown: ['91.7%', '91.4%', '86.0%', '88.9%', '86.6%', '90.1%', '83.1%', '84.0%', '92.8%', '87.0%']
✅ Memory trace saved → outputs/memory_trace_imagenet_r.png / .svg
   🧠 Bio-Graph Memory Footprint: 51.93 MB
   🔎 Val alpha=0.00 -> acc=89.23%
   🔎 Val alpha=0.30 -> acc=87.06%
   🔎 Val alpha=0.50 -> acc=83.76%
   🔎 Val alpha=0.70 -> acc=80.46%
   🔎 Val alpha=0.80 -> acc=78.50%
   🔎 Val alpha=0.90 -> acc=76.16%
   🔎 Val alpha=1.00 -> acc=73.95%
   ✅ Selected alpha: 0.00 | Val Acc: 89.23%

   🏆 Pure CIL Metrics -> AIA: 88.16% | Forgetting: 2.77%
✅ Memory comparison saved → outputs/memory_comparison_imagenet_r.png / .svg
✅ [5. Full TQM Algorithm (Ours)] Finished in 68.2s
   🏆 AIA: 88.16% | Memory: 51.93 MB

==================================================
 🎯 FINAL STORYLINE RESULTS 
==================================================
1. Standard NCM          | AIA: 83.4% | Mem: ~0 MB
2. Replay (Raw Features) | AIA: 81.2% | Mem: 140.6 MB
2b. Replay (Linear + ER) | AIA: 90.6% | Mem: 140.6 MB
3. Node-Replay Only      | AIA: 80.5% | Mem: 73.1 MB
4. N-Node Sweeps (Best)  | AIA: 81.4% | Mem: 74.0 MB  [Floor=0.80]
5. **TQM (Full)**        | AIA: 88.2% | Mem: 51.9 MB
==================================================
